#
# A fatal error has been detected by the Java Runtime Environment:
#
#  Internal Error (jvmciRuntime.cpp:1609), pid=31, tid=45
#  fatal error: Fatal exception in JVMCI: Error calling jdk.vm.ci.services.Services.serializeSavedProperties
#
# JRE version: OpenJDK Runtime Environment GraalVM CE 22.3.0 (17.0.5+8) (build 17.0.5+8-jvmci-22.3-b08)
# Java VM: OpenJDK 64-Bit Server VM GraalVM CE 22.3.0 (17.0.5+8-jvmci-22.3-b08, mixed mode, sharing, tiered, jvmci, jvmci compiler, compressed oops, compressed class ptrs, parallel gc, linux-amd64)
# Problematic frame:
# V  [libjvm.so+0x972714]  JVMCIRuntime::fatal_exception(JVMCIEnv*, char const*)+0x74
#
# Core dump will be written. Default location: Core dumps may be processed with "/usr/share/apport/apport -p%p -s%s -c%c -d%d -P%P -u%u -g%g -- %E" (or dumping to /home/runner/31/core.31)
#
# If you would like to submit a bug report, please visit:
#   https://github.com/oracle/graal/issues
#

---------------  S U M M A R Y ------------

Command Line: -XX:ThreadPriorityPolicy=1 -XX:+UnlockExperimentalVMOptions -XX:+EnableJVMCIProduct -XX:JVMCIThreadsPerNativeLibraryRuntime=1 -XX:-UnlockExperimentalVMOptions -Declipse.application=org.eclipse.jdt.ls.core.id1 -Dosgi.bundles.defaultStartLevel=4 -Declipse.product=org.eclipse.jdt.ls.core.product -Dlog.level=ALL -Xverify:none -XX:+UseParallelGC -XX:GCTimeRatio=4 -XX:AdaptiveSizePolicyWeight=90 -Dsun.zip.disableMemoryMapping=true -Xmx512m -Xms100m /nix/store/m6gcpi1ii6rghy04cjwjddcavv7i90df-jdt-language-server-1.9.0/share/java/plugins/org.eclipse.equinox.launcher_1.6.400.v20210924-0641.jar --add-modules=ALL-SYSTEM --add-opens java.base/java.util=ALL-UNNAMED --add-opens java.base/java.lang=ALL-UNNAMED -configuration /home/runner/.cache/jdt-language-server/config -data /home/runner/.cache/jdt-language-server/data/home/runner/31

Host: AMD EPYC 7B12, 8 cores, 1G, Ubuntu 20.04.2 LTS
Time: Thu Mar  9 17:26:57 2023 UTC elapsed time: 2759.660726 seconds (0d 0h 45m 59s)

---------------  T H R E A D  ---------------

Current thread (0x00007fdf900b21e0):  JavaThread "JVMCI-native CompilerThread0" daemon [_thread_in_vm, id=45, stack(0x00007fdf75e1a000,0x00007fdf7601a000)]


Current CompileTask:
JVMCI-native:2759661 9793       4       java.net.URI$Parser::scan (76 bytes)

Stack: [0x00007fdf75e1a000,0x00007fdf7601a000],  sp=0x00007fdf76018380,  free space=2040k
Native frames: (J=compiled Java code, j=interpreted, Vv=VM code, C=native code)
V  [libjvm.so+0x972714]  JVMCIRuntime::fatal_exception(JVMCIEnv*, char const*)+0x74
V  [libjvm.so+0x93e2fe]  JVMCIEnv::copy_saved_properties()+0x14e
V  [libjvm.so+0x9732a9]  JVMCIRuntime::initialize(JVMCIEnv*)+0xb19
V  [libjvm.so+0x9738a2]  JVMCIRuntime::get_HotSpotJVMCIRuntime(JVMCIEnv*)+0x12
V  [libjvm.so+0x9749f2]  JVMCIRuntime::compile_method(JVMCIEnv*, JVMCICompiler*, methodHandle const&, int)+0xd2
V  [libjvm.so+0x5b0d20]  CompileBroker::invoke_compiler_on_method(CompileTask*)+0x1470
V  [libjvm.so+0x5b12e8]  CompileBroker::compiler_thread_loop()+0x528
V  [libjvm.so+0xd82460]  JavaThread::thread_main_inner()+0xd0
V  [libjvm.so+0xd85a40]  Thread::call_run()+0xc0
V  [libjvm.so+0xbdb1e1]  thread_native_entry(Thread*)+0xe1

Register to memory mapping:

RAX=0x00007fdf95b7c000 points into unknown readable memory: 0x0000000000000058 | 58 00 00 00 00 00 00 00
RBX=0x00007fdf96c77398: <offset 0x0000000000ef5398> in /nix/store/gpxl5qgg8kicmcvivwmybwjlpf7wh20l-graalvm17-ce-22.3.0/lib/server/libjvm.so at 0x00007fdf95d82000
RCX=0x00007fdf96c2f1e8: <offset 0x0000000000ead1e8> in /nix/store/gpxl5qgg8kicmcvivwmybwjlpf7wh20l-graalvm17-ce-22.3.0/lib/server/libjvm.so at 0x00007fdf95d82000
RDX=0x0000000000000649 is an unknown value
RSP=0x00007fdf76018380 is pointing into the stack for thread: 0x00007fdf900b21e0
RBP=0x00007fdf760183a0 is pointing into the stack for thread: 0x00007fdf900b21e0
RSI=0x00007fdf96c77c48: <offset 0x0000000000ef5c48> in /nix/store/gpxl5qgg8kicmcvivwmybwjlpf7wh20l-graalvm17-ce-22.3.0/lib/server/libjvm.so at 0x00007fdf95d82000
RDI=0x00000000e0000000 is an oop: [I 
{0x00000000e0000000} - klass: {type array int}
 - length: 0
R8 =0x00007fdf96c77398: <offset 0x0000000000ef5398> in /nix/store/gpxl5qgg8kicmcvivwmybwjlpf7wh20l-graalvm17-ce-22.3.0/lib/server/libjvm.so at 0x00007fdf95d82000
R9 =0x00007fdf76018330 is pointing into the stack for thread: 0x00007fdf900b21e0
R10=0x00007fdf76019948 is pointing into the stack for thread: 0x00007fdf900b21e0
R11=0x0000000000000293 is an unknown value
R12=0x0 is NULL
R13=0x00007fdf900b21e0 is a thread
R14=0x00007fdf90000b80 points into unknown readable memory: 0x00007fdf96ea8a38 | 38 8a ea 96 df 7f 00 00
R15=0x00007fdf96fb6e40: <offset 0x0000000001234e40> in /nix/store/gpxl5qgg8kicmcvivwmybwjlpf7wh20l-graalvm17-ce-22.3.0/lib/server/libjvm.so at 0x00007fdf95d82000


Registers:
RAX=0x00007fdf95b7c000, RBX=0x00007fdf96c77398, RCX=0x00007fdf96c2f1e8, RDX=0x0000000000000649
RSP=0x00007fdf76018380, RBP=0x00007fdf760183a0, RSI=0x00007fdf96c77c48, RDI=0x00000000e0000000
R8 =0x00007fdf96c77398, R9 =0x00007fdf76018330, R10=0x00007fdf76019948, R11=0x0000000000000293
R12=0x0000000000000000, R13=0x00007fdf900b21e0, R14=0x00007fdf90000b80, R15=0x00007fdf96fb6e40
RIP=0x00007fdf966f4714, EFLAGS=0x0000000000010206, CSGSFS=0x002b000000000033, ERR=0x0000000000000006
  TRAPNO=0x000000000000000e

Top of Stack: (sp=0x00007fdf76018380)
0x00007fdf76018380:   00007fdf76018940 00007fdf900b21e0
0x00007fdf76018390:   00007fdf9450d8c8 0000000800c415a8
0x00007fdf760183a0:   00007fdf76018500 00007fdf966c02fe
0x00007fdf760183b0:   00007fdf760183e0 00007fdf76018440 

Instructions: (pc=0x00007fdf966f4714)
0x00007fdf966f4614:   30 e8 f6 cf e8 ff 4c 89 e7 e8 2e 48 d1 ff 84 db
0x00007fdf966f4624:   75 2a 4d 85 ed 74 04 4d 8b 6d 00 48 83 c4 08 44
0x00007fdf966f4634:   89 f9 4c 89 f2 4c 89 ee 5b 4c 89 e7 41 5c 41 5d
0x00007fdf966f4644:   41 5e 41 5f 5d e9 e2 47 d1 ff 66 90 48 83 c4 08
0x00007fdf966f4654:   5b 41 5c 41 5d 41 5e 41 5f 5d c3 90 31 d2 be 08
0x00007fdf966f4664:   00 00 00 4c 89 ff e8 b1 78 a3 ff 49 89 c5 e9 37
0x00007fdf966f4674:   ff ff ff 66 0f 1f 84 00 00 00 00 00 48 8b 7a 08
0x00007fdf966f4684:   e9 6d ff ff ff 0f 1f 80 00 00 00 00 e8 5b 48 0a
0x00007fdf966f4694:   00 84 c0 75 89 e9 6a ff ff ff 66 90 55 48 89 e5
0x00007fdf966f46a4:   41 56 41 55 41 54 49 89 fc 53 48 89 f3 66 48 8d
0x00007fdf966f46b4:   3d 27 5e 85 00 66 66 48 e8 df 43 8d ff 4c 8b 28
0x00007fdf966f46c4:   8b 05 be 72 8a 00 85 c0 75 14 ba 01 00 00 00 48
0x00007fdf966f46d4:   8d 0d ae 72 8a 00 f0 0f b1 11 85 c0 74 4e be c8
0x00007fdf966f46e4:   00 00 00 4c 89 ef e8 01 0b 41 00 48 8d 05 12 ac
0x00007fdf966f46f4:   85 00 49 89 d8 48 8d 0d e8 aa 53 00 ba 49 06 00
0x00007fdf966f4704:   00 48 8d 35 3c 35 58 00 bf 00 00 00 e0 48 8b 00
0x00007fdf966f4714:   c6 00 58 31 c0 e8 e2 91 c6 ff 5b 41 5c 41 5d 41
0x00007fdf966f4724:   5e 5d e9 55 34 26 00 0f 1f 44 00 00 48 8d 05 81
0x00007fdf966f4734:   a3 8b 00 48 89 df 4c 8b 30 e8 9e 43 8d ff 48 89
0x00007fdf966f4744:   de 48 89 c2 49 8b 06 4c 89 f7 ff 50 08 4c 89 f7
0x00007fdf966f4754:   e8 a7 5c 27 00 4d 85 e4 74 12 be 01 00 00 00 4c
0x00007fdf966f4764:   89 e7 e8 35 43 fc ff eb 82 0f 1f 00 be 01 00 00
0x00007fdf966f4774:   00 4c 89 ef e8 d3 fd ff ff e9 6d ff ff ff 66 66
0x00007fdf966f4784:   2e 0f 1f 84 00 00 00 00 00 0f 1f 00 55 48 89 e5
0x00007fdf966f4794:   41 57 41 56 41 55 41 54 53 48 81 ec 08 02 00 00
0x00007fdf966f47a4:   64 48 8b 04 25 28 00 00 00 48 89 45 c8 8b 07 83
0x00007fdf966f47b4:   f8 02 0f 84 11 04 00 00 4c 8b 6f 18 49 89 ff 49
0x00007fdf966f47c4:   89 f4 4d 85 ed 74 14 4c 89 ef e8 5d 57 22 00 41
0x00007fdf966f47d4:   8b 07 83 f8 02 0f 84 19 04 00 00 48 8d 1d 9a 06
0x00007fdf966f47e4:   8a 00 4c 8d 35 0b 3c 58 00 eb 38 90 48 85 d2 7f
0x00007fdf966f47f4:   0d 48 8d 05 b4 c0 85 00 48 83 38 00 7e 0e 41 8b
0x00007fdf966f4804:   77 2c 4c 89 f7 31 c0 e8 a0 b2 f7 ff 49 8b 7f 18 


Stack slot to memory mapping:
stack at sp + 0 slots: 0x00007fdf76018940 is pointing into the stack for thread: 0x00007fdf900b21e0
stack at sp + 1 slots: 0x00007fdf900b21e0 is a thread
stack at sp + 2 slots: 0x00007fdf9450d8c8 points into unknown readable memory: 0x6573001880c9ffff | ff ff c9 80 18 00 73 65
stack at sp + 3 slots: 0x0000000800c415a8 is a pointer to class: 
jdk.vm.ci.services.Services {0x0000000800c415a8}
 - instance size:     2
 - klass size:        65
 - access:            public final synchronized 
 - state:             fully_initialized
 - name:              'jdk/vm/ci/services/Services'
 - super:             'java/lang/Object'
 - sub:               
 - arrays:            NULL
 - methods:           Array<T>(0x00007fdf768404c0)
 - method ordering:   Array<T>(0x0000000800928960)
 - default_methods:   Array<T>(0x0000000000000000)
 - local interfaces:  Array<T>(0x00000008005ce810)
 - trans. interfaces: Array<T>(0x00000008005ce810)
 - constants:         constant pool [427] {0x00007fdf7683f5a0} for 'jdk/vm/ci/services/Services' cache=0x00007fdf76841790
 - class loader data:  loader data: 0x00007fdf900283d0 of 'bootstrap'
 - source file:       'Services.java'
 - class annotations:       Array<T>(0x0000000000000000)
 - class type annotations:  Array<T>(0x0000000000000000)
 - field annotations:       Array<T>(0x0000000000000000)
 - field type annotations:  Array<T>(0x0000000000000000)
 - inner classes:     Array<T>(0x00007fdf76841760)
 - nest members:     Array<T>(0x00007fdf76841780)
 - permitted subclasses:     Array<T>(0x00000008005ce7a0)
 - java mirror:       a 'java/lang/Class'{0x00000000e017e348} = 'jdk/vm/ci/services/Services'
 - vtable length      5  (start addr: 0x0000000800c41778)
 - itable length      2 (start addr: 0x0000000800c417a0)
 - ---- static fields (3 words):
 - public static final 'IS_BUILDING_NATIVE_IMAGE' 'Z' @128 
 - public static final 'IS_IN_NATIVE_IMAGE' 'Z' @129 
 - private static volatile 'savedProperties' 'Ljava/util/Map;' @112 
 - static final 'JVMCI_ENABLED' 'Z' @130 
 - private static final 'servicesCache' 'Ljava/util/Map;' @116 
 - private static final 'MAX_UNICODE_IN_UTF8_LENGTH' 'I' @120 
 - private static final 'MAX_UTF8_PROPERTY_STRING_LENGTH' 'I' @124 
 - ---- non-static fields (0 words):
 - non-static oop maps: 
stack at sp + 4 slots: 0x00007fdf76018500 is pointing into the stack for thread: 0x00007fdf900b21e0
stack at sp + 5 slots: 0x00007fdf966c02fe: <offset 0x000000000093e2fe> in /nix/store/gpxl5qgg8kicmcvivwmybwjlpf7wh20l-graalvm17-ce-22.3.0/lib/server/libjvm.so at 0x00007fdf95d82000
stack at sp + 6 slots: 0x00007fdf760183e0 is pointing into the stack for thread: 0x00007fdf900b21e0
stack at sp + 7 slots: 0x00007fdf76018440 is pointing into the stack for thread: 0x00007fdf900b21e0


---------------  P R O C E S S  ---------------

Threads class SMR info:
_java_thread_list=0x00007fded4000b70, length=25, elements={
0x00007fdf90026670, 0x00007fdf900a64b0, 0x00007fdf900a78f0, 0x00007fdf900ae050,
0x00007fdf900af400, 0x00007fdf900b07f0, 0x00007fdf900b21e0, 0x00007fdf900b36f0,
0x00007fdf900b4750, 0x00007fdf900d7650, 0x00007fdf9011f430, 0x00007fdf90313910,
0x00007fdf90346690, 0x00007fdf90349190, 0x00007fdf9032e1d0, 0x00007fdf24016ea0,
0x00007fdf242ab9c0, 0x00007fdf2430dbc0, 0x00007fdf24489e60, 0x00007fdf246e0890,
0x00007fdf9047f890, 0x00007fdf904b6840, 0x00007fdef404d110, 0x00007fded8000ff0,
0x00007fded802abb0
}

Java Threads: ( => current thread )
  0x00007fdf90026670 JavaThread "main" [_thread_blocked, id=37, stack(0x00007fdf95b9d000,0x00007fdf95c9d000)]
  0x00007fdf900a64b0 JavaThread "Reference Handler" daemon [_thread_blocked, id=40, stack(0x00007fdf76700000,0x00007fdf76800000)]
  0x00007fdf900a78f0 JavaThread "Finalizer" daemon [_thread_blocked, id=41, stack(0x00007fdf76600000,0x00007fdf76700000)]
  0x00007fdf900ae050 JavaThread "Signal Dispatcher" daemon [_thread_blocked, id=42, stack(0x00007fdf7621a000,0x00007fdf7631a000)]
  0x00007fdf900af400 JavaThread "Service Thread" daemon [_thread_blocked, id=43, stack(0x00007fdf7611a000,0x00007fdf7621a000)]
  0x00007fdf900b07f0 JavaThread "Monitor Deflation Thread" daemon [_thread_blocked, id=44, stack(0x00007fdf7601a000,0x00007fdf7611a000)]
=>0x00007fdf900b21e0 JavaThread "JVMCI-native CompilerThread0" daemon [_thread_in_vm, id=45, stack(0x00007fdf75e1a000,0x00007fdf7601a000)]
  0x00007fdf900b36f0 JavaThread "C1 CompilerThread0" daemon [_thread_blocked, id=46, stack(0x00007fdf75c1a000,0x00007fdf75e1a000)]
  0x00007fdf900b4750 JavaThread "Sweeper thread" daemon [_thread_blocked, id=47, stack(0x00007fdf75b1a000,0x00007fdf75c1a000)]
  0x00007fdf900d7650 JavaThread "Common-Cleaner" daemon [_thread_blocked, id=48, stack(0x00007fdf75a1a000,0x00007fdf75b1a000)]
  0x00007fdf9011f430 JavaThread "Notification Thread" daemon [_thread_blocked, id=49, stack(0x00007fdf7591a000,0x00007fdf75a1a000)]
  0x00007fdf90313910 JavaThread "Active Thread: Equinox Container: afb26b89-7928-4e33-97cd-6b405884f6a2" [_thread_blocked, id=64, stack(0x00007fdf74500000,0x00007fdf74600000)]
  0x00007fdf90346690 JavaThread "Framework Event Dispatcher: Equinox Container: afb26b89-7928-4e33-97cd-6b405884f6a2" daemon [_thread_blocked, id=65, stack(0x00007fdf74300000,0x00007fdf74400000)]
  0x00007fdf90349190 JavaThread "Start Level: Equinox Container: afb26b89-7928-4e33-97cd-6b405884f6a2" daemon [_thread_blocked, id=66, stack(0x00007fdf74100000,0x00007fdf74200000)]
  0x00007fdf9032e1d0 JavaThread "Refresh Thread: Equinox Container: afb26b89-7928-4e33-97cd-6b405884f6a2" daemon [_thread_blocked, id=67, stack(0x00007fdf3db00000,0x00007fdf3dc00000)]
  0x00007fdf24016ea0 JavaThread "SCR Component Actor" daemon [_thread_blocked, id=76, stack(0x00007fdf3d900000,0x00007fdf3da00000)]
  0x00007fdf242ab9c0 JavaThread "Worker-JM" [_thread_blocked, id=86, stack(0x00007fdf3d500000,0x00007fdf3d600000)]
  0x00007fdf2430dbc0 JavaThread "Worker-0: Java indexing... " [_thread_blocked, id=87, stack(0x00007fdf3d300000,0x00007fdf3d400000)]
  0x00007fdf24489e60 JavaThread "Java indexing" daemon [_thread_blocked, id=89, stack(0x00007fdf3cf00000,0x00007fdf3d000000)]
  0x00007fdf246e0890 JavaThread "Bundle File Closer" daemon [_thread_blocked, id=98, stack(0x00007fdf3cd00000,0x00007fdf3ce00000)]
  0x00007fdf9047f890 JavaThread "pool-3-thread-1" [_thread_blocked, id=99, stack(0x00007fdf3cb00000,0x00007fdf3cc00000)]
  0x00007fdf904b6840 JavaThread "pool-2-thread-1" [_thread_blocked, id=109, stack(0x00007fdf3d700000,0x00007fdf3d800000)]
  0x00007fdef404d110 JavaThread "Worker-5" [_thread_blocked, id=215, stack(0x00007fdf74200000,0x00007fdf74300000)]
  0x00007fded8000ff0 JavaThread "Worker-6" [_thread_blocked, id=217, stack(0x00007fdf3bb00000,0x00007fdf3bc00000)]
  0x00007fded802abb0 JavaThread "Worker-8: Periodic workspace save." [_thread_blocked, id=1270, stack(0x00007fdf3c700000,0x00007fdf3c800000)]

Other Threads:
  0x00007fdf900a1bf0 VMThread "VM Thread" [stack: 0x00007fdf770e1000,0x00007fdf771e1000] [id=39] _threads_hazard_ptr=0x00007fded4000b70
  0x00007fdf90120dd0 WatcherThread [stack: 0x00007fdf7581a000,0x00007fdf7591a000] [id=50]
  0x00007fdf9003df10 GCTaskThread "GC Thread#0" [stack: 0x00007fdf95760000,0x00007fdf95860000] [id=38]

Threads with active compile tasks:
JVMCI-native CompilerThread0  2759866 9793       4       java.net.URI$Parser::scan (76 bytes)

VM state: synchronizing (normal execution)

VM Mutex/Monitor currently owned by a thread:  ([mutex/lock_event])
[0x00007fdf90023820] Threads_lock - owner thread: 0x00007fdf900a1bf0
[0x00007fdf90023fd0] Heap_lock - owner thread: 0x00007fded802abb0

OutOfMemory and StackOverflow Exception counts:
OutOfMemoryError java_heap_errors=6
LinkageErrors=75

Heap address: 0x00000000e0000000, size: 512 MB, Compressed Oops mode: 32-bit

CDS archive(s) mapped at: [0x0000000800000000-0x0000000800bc8000-0x0000000800bc8000), size 12353536, SharedBaseAddress: 0x0000000800000000, ArchiveRelocationMode: 0.
Compressed class space mapped at: 0x0000000800c00000-0x0000000840c00000, reserved size: 1073741824
Narrow klass base: 0x0000000800000000, Narrow klass shift: 0, Narrow klass range: 0x100000000

GC Precious Log:
 CPUs: 8 total, 1 available
 Memory: 1024M
 Large Page Support: Disabled
 NUMA Support: Disabled
 Compressed Oops: Enabled (32-bit)
 Alignments: Space 512K, Generation 512K, Heap 2M
 Heap Min Capacity: 100M
 Heap Initial Capacity: 100M
 Heap Max Capacity: 512M
 Pre-touch: Disabled
 Parallel Workers: 1

Heap:
 PSYoungGen      total 75264K, used 52735K [0x00000000f5580000, 0x00000000fdb00000, 0x0000000100000000)
  eden space 52736K, 99% used [0x00000000f5580000,0x00000000f88ffff8,0x00000000f8900000)
  from space 22528K, 0% used [0x00000000f9000000,0x00000000f9000000,0x00000000fa600000)
  to   space 41472K, 0% used [0x00000000fb180000,0x00000000fb180000,0x00000000fda00000)
 ParOldGen       total 349696K, used 349695K [0x00000000e0000000, 0x00000000f5580000, 0x00000000f5580000)
  object space 349696K, 99% used [0x00000000e0000000,0x00000000f557fe68,0x00000000f5580000)
 Metaspace       used 61531K, committed 62784K, reserved 1105920K
  class space    used 6086K, committed 6592K, reserved 1048576K

Card table byte_map: [0x00007fdf95860000,0x00007fdf95961000] _byte_map_base: 0x00007fdf95160000

Marking Bits: (ParMarkBitMap*) 0x00007fdf96fb04c0
 Begin Bits: [0x00007fdf946b3000, 0x00007fdf94eb3000)
 End Bits:   [0x00007fdf94eb3000, 0x00007fdf956b3000)

Polling page: 0x00007fdf95b7a000

Metaspace:

Usage:
  Non-class:     54.15 MB used.
      Class:      5.94 MB used.
       Both:     60.09 MB used.

Virtual space:
  Non-class space:       56.00 MB reserved,      54.88 MB ( 98%) committed,  7 nodes.
      Class space:        1.00 GB reserved,       6.44 MB ( <1%) committed,  1 nodes.
             Both:        1.05 GB reserved,      61.31 MB (  6%) committed. 

Chunk freelists:
   Non-Class:  1.34 MB
       Class:  1.67 MB
        Both:  3.01 MB

MaxMetaspaceSize: unlimited
CompressedClassSpaceSize: 1.00 GB
Initial GC threshold: 21.00 MB
Current GC threshold: 102.19 MB
CDS: on
MetaspaceReclaimPolicy: balanced
 - commit_granule_bytes: 65536.
 - commit_granule_words: 8192.
 - virtual_space_node_default_size: 1048576.
 - enlarge_chunks_in_place: 1.
 - new_chunks_are_fully_committed: 0.
 - uncommit_free_chunks: 1.
 - use_allocation_guard: 0.
 - handle_deallocations: 1.


Internal statistics:

num_allocs_failed_limit: 6.
num_arena_births: 540.
num_arena_deaths: 180.
num_vsnodes_births: 8.
num_vsnodes_deaths: 0.
num_space_committed: 980.
num_space_uncommitted: 0.
num_chunks_returned_to_freelist: 254.
num_chunks_taken_from_freelist: 2996.
num_chunk_merges: 83.
num_chunk_splits: 1924.
num_chunks_enlarged: 1198.
num_purges: 14.
num_inconsistent_stats: 0.

CodeHeap 'non-profiled nmethods': size=120036Kb used=2477Kb max_used=2477Kb free=117558Kb
 bounds [0x00007fdf7ef7a000, 0x00007fdf7f1ea000, 0x00007fdf864b3000]
CodeHeap 'profiled nmethods': size=120032Kb used=15944Kb max_used=16437Kb free=104087Kb
 bounds [0x00007fdf77a42000, 0x00007fdf78a52000, 0x00007fdf7ef7a000]
CodeHeap 'non-nmethods': size=5692Kb used=1406Kb max_used=1411Kb free=4285Kb
 bounds [0x00007fdf774b3000, 0x00007fdf77723000, 0x00007fdf77a42000]
 total_blobs=8226 nmethods=7480 adapters=632
 compilation: enabled
              stopped_count=0, restarted_count=0
 full_count=0

JVMCI Events (20 events):
Event: 2503.085 Thread 0x00007fdf900b21e0 compacted oop handles in JVMCI runtime 0 from 42 to 42
Event: 2503.085 Thread 0x00007fdf900b21e0 releasing handles for JVMCI runtime 0: oop handles=42, metadata handles={total=87, live=76, blocks=38}
Event: 2503.085 Thread 0x00007fdf900b21e0 detached from JVMCI runtime 0
Event: 2503.085 Thread 0x00007fdf900b21e0 attached to JVMCI runtime 0
Event: 2503.086 Thread 0x00007fdf900b21e0 created JavaVM[13]@0x00007fdecb29e340 for JVMCI runtime 0
Event: 2503.086 Thread 0x00007fdf900b21e0 initializing JVMCI runtime 0
Event: 2503.086 Thread 0x00007fdf900b21e0 done waiting for JavaVM references initialization in JVMCI runtime 0
Event: 2584.267 Thread 0x00007fdf900b21e0 initialized JVMCI runtime 0
Event: 2593.368 Thread 0x00007fdf900b21e0 compacted oop handles in JVMCI runtime 0 from 66 to 56
Event: 2595.139 Thread 0x00007fdf900b21e0 detaching from JVMCI runtime 0: releasing idle compiler thread (0 other threads still attached)
Event: 2595.139 Thread 0x00007fdf900b21e0 shutting down HotSpotJVMCIRuntime for JVMCI runtime 0
Event: 2595.139 Thread 0x00007fdf900b21e0 shut down JVMCI runtime 0
Event: 2595.141 Thread 0x00007fdf900b21e0 destroyed JavaVM[13]@0x00007fdecb29e340 for JVMCI runtime 0
Event: 2595.141 Thread 0x00007fdf900b21e0 compacted oop handles in JVMCI runtime 0 from 56 to 56
Event: 2595.141 Thread 0x00007fdf900b21e0 releasing handles for JVMCI runtime 0: oop handles=56, metadata handles={total=128, live=109, blocks=38}
Event: 2595.141 Thread 0x00007fdf900b21e0 detached from JVMCI runtime 0
Event: 2644.458 Thread 0x00007fdf900b21e0 attached to JVMCI runtime 0
Event: 2644.460 Thread 0x00007fdf900b21e0 created JavaVM[14]@0x00007fdecb29e340 for JVMCI runtime 0
Event: 2644.460 Thread 0x00007fdf900b21e0 initializing JVMCI runtime 0
Event: 2644.460 Thread 0x00007fdf900b21e0 done waiting for JavaVM references initialization in JVMCI runtime 0

Compilation events (20 events):
Event: 2086.897 Thread 0x00007fdf900b21e0 nmethod 9784 0x00007fdf7f1e3410 code [0x00007fdf7f1e35a0, 0x00007fdf7f1e3670]
Event: 2086.897 Thread 0x00007fdf900b21e0 9785       4       jdk.internal.reflect.ClassFileAssembler::cpi (22 bytes)
Event: 2086.898 Thread 0x00007fdf900b21e0 nmethod 9785 0x00007fdf7f1e3790 code [0x00007fdf7f1e3900, 0x00007fdf7f1e3978]
Event: 2086.898 Thread 0x00007fdf900b21e0 9782       4       java.lang.Thread::interrupted (23 bytes)
Event: 2086.899 Thread 0x00007fdf900b21e0 nmethod 9782 0x00007fdf7f1e3a90 code [0x00007fdf7f1e3c20, 0x00007fdf7f1e3cb0]
Event: 2295.545 Thread 0x00007fdf900b36f0 9786       1       org.eclipse.jdt.ls.core.internal.LanguageServer::getParentProcessId (5 bytes)
Event: 2300.779 Thread 0x00007fdf900b36f0 nmethod 9786 0x00007fdf7f1e3d90 code [0x00007fdf7f1e3f20, 0x00007fdf7f1e3ff0]
Event: 2349.066 Thread 0x00007fdf900b21e0 9787       4       java.lang.ThreadLocal$ThreadLocalMap::set (133 bytes)
Event: 2417.949 Thread 0x00007fdf900b21e0 nmethod 9787 0x00007fdf7f1e4090 code [0x00007fdf7f1e4240, 0x00007fdf7f1e4610]
Event: 2469.351 Thread 0x00007fdf900b21e0 9788       4       org.eclipse.core.runtime.Assert::isNotNull (7 bytes)
Event: 2473.075 Thread 0x00007fdf900b36f0 9789       3       java.util.concurrent.locks.ReentrantLock$NonfairSync::tryAcquire (27 bytes)
Event: 2473.076 Thread 0x00007fdf900b36f0 nmethod 9789 0x00007fdf788de190 code [0x00007fdf788de340, 0x00007fdf788de5a0]
Event: 2497.582 Thread 0x00007fdf900b21e0 nmethod 9788 0x00007fdf7f1e4990 code [0x00007fdf7f1e4b00, 0x00007fdf7f1e4b50]
Event: 2503.085 Thread 0x00007fdf900b21e0 9790       4       java.lang.Integer::parseInt (264 bytes)
Event: 2533.352 Thread 0x00007fdf900b36f0 9791       3       java.util.concurrent.ScheduledThreadPoolExecutor$ScheduledFutureTask::isPeriodic (15 bytes)
Event: 2533.352 Thread 0x00007fdf900b36f0 nmethod 9791 0x00007fdf788dde10 code [0x00007fdf788ddfa0, 0x00007fdf788de110]
Event: 2593.368 Thread 0x00007fdf900b21e0 nmethod 9790 0x00007fdf7f1e4c90 code [0x00007fdf7f1e4e40, 0x00007fdf7f1e5200]
Event: 2625.442 Thread 0x00007fdf900b36f0 9792       3       org.eclipse.core.internal.dtree.DeltaDataTree::setData (42 bytes)
Event: 2627.272 Thread 0x00007fdf900b36f0 nmethod 9792 0x00007fdf788dc990 code [0x00007fdf788dcc20, 0x00007fdf788dd980]
Event: 2644.458 Thread 0x00007fdf900b21e0 9793       4       java.net.URI$Parser::scan (76 bytes)

GC Heap History (20 events):
Event: 2734.239 GC heap before
{Heap before GC invocations=1052 (full 989):
 PSYoungGen      total 75264K, used 52735K [0x00000000f5580000, 0x00000000fdb00000, 0x0000000100000000)
  eden space 52736K, 99% used [0x00000000f5580000,0x00000000f88ffff8,0x00000000f8900000)
  from space 22528K, 0% used [0x00000000f9000000,0x00000000f9000000,0x00000000fa600000)
  to   space 41472K, 0% used [0x00000000fb180000,0x00000000fb180000,0x00000000fda00000)
 ParOldGen       total 349696K, used 349695K [0x00000000e0000000, 0x00000000f5580000, 0x00000000f5580000)
  object space 349696K, 99% used [0x00000000e0000000,0x00000000f557fff0,0x00000000f5580000)
 Metaspace       used 61531K, committed 62784K, reserved 1105920K
  class space    used 6086K, committed 6592K, reserved 1048576K
}
Event: 2736.787 GC heap after
{Heap after GC invocations=1052 (full 989):
 PSYoungGen      total 94208K, used 52735K [0x00000000f5580000, 0x00000000fdb00000, 0x0000000100000000)
  eden space 52736K, 99% used [0x00000000f5580000,0x00000000f88ffff8,0x00000000f8900000)
  from space 41472K, 0% used [0x00000000fb180000,0x00000000fb180000,0x00000000fda00000)
  to   space 22528K, 0% used [0x00000000f9000000,0x00000000f9000000,0x00000000fa600000)
 ParOldGen       total 349696K, used 349695K [0x00000000e0000000, 0x00000000f5580000, 0x00000000f5580000)
  object space 349696K, 99% used [0x00000000e0000000,0x00000000f557fff0,0x00000000f5580000)
 Metaspace       used 61531K, committed 62784K, reserved 1105920K
  class space    used 6086K, committed 6592K, reserved 1048576K
}
Event: 2736.787 GC heap before
{Heap before GC invocations=1053 (full 990):
 PSYoungGen      total 94208K, used 52735K [0x00000000f5580000, 0x00000000fdb00000, 0x0000000100000000)
  eden space 52736K, 99% used [0x00000000f5580000,0x00000000f88ffff8,0x00000000f8900000)
  from space 41472K, 0% used [0x00000000fb180000,0x00000000fb180000,0x00000000fda00000)
  to   space 22528K, 0% used [0x00000000f9000000,0x00000000f9000000,0x00000000fa600000)
 ParOldGen       total 349696K, used 349695K [0x00000000e0000000, 0x00000000f5580000, 0x00000000f5580000)
  object space 349696K, 99% used [0x00000000e0000000,0x00000000f557fff0,0x00000000f5580000)
 Metaspace       used 61531K, committed 62784K, reserved 1105920K
  class space    used 6086K, committed 6592K, reserved 1048576K
}
Event: 2739.323 GC heap after
{Heap after GC invocations=1053 (full 990):
 PSYoungGen      total 75264K, used 52735K [0x00000000f5580000, 0x00000000fdb00000, 0x0000000100000000)
  eden space 52736K, 99% used [0x00000000f5580000,0x00000000f88ffff8,0x00000000f8900000)
  from space 22528K, 0% used [0x00000000f9000000,0x00000000f9000000,0x00000000fa600000)
  to   space 41472K, 0% used [0x00000000fb180000,0x00000000fb180000,0x00000000fda00000)
 ParOldGen       total 349696K, used 349695K [0x00000000e0000000, 0x00000000f5580000, 0x00000000f5580000)
  object space 349696K, 99% used [0x00000000e0000000,0x00000000f557fff0,0x00000000f5580000)
 Metaspace       used 61531K, committed 62784K, reserved 1105920K
  class space    used 6086K, committed 6592K, reserved 1048576K
}
Event: 2739.326 GC heap before
{Heap before GC invocations=1054 (full 991):
 PSYoungGen      total 75264K, used 52735K [0x00000000f5580000, 0x00000000fdb00000, 0x0000000100000000)
  eden space 52736K, 99% used [0x00000000f5580000,0x00000000f88ffff8,0x00000000f8900000)
  from space 22528K, 0% used [0x00000000f9000000,0x00000000f9000000,0x00000000fa600000)
  to   space 41472K, 0% used [0x00000000fb180000,0x00000000fb180000,0x00000000fda00000)
 ParOldGen       total 349696K, used 349695K [0x00000000e0000000, 0x00000000f5580000, 0x00000000f5580000)
  object space 349696K, 99% used [0x00000000e0000000,0x00000000f557fff0,0x00000000f5580000)
 Metaspace       used 61531K, committed 62784K, reserved 1105920K
  class space    used 6086K, committed 6592K, reserved 1048576K
}
Event: 2742.030 GC heap after
{Heap after GC invocations=1054 (full 991):
 PSYoungGen      total 94208K, used 52735K [0x00000000f5580000, 0x00000000fdb00000, 0x0000000100000000)
  eden space 52736K, 99% used [0x00000000f5580000,0x00000000f88ffff8,0x00000000f8900000)
  from space 41472K, 0% used [0x00000000fb180000,0x00000000fb180000,0x00000000fda00000)
  to   space 22528K, 0% used [0x00000000f9000000,0x00000000f9000000,0x00000000fa600000)
 ParOldGen       total 349696K, used 349695K [0x00000000e0000000, 0x00000000f5580000, 0x00000000f5580000)
  object space 349696K, 99% used [0x00000000e0000000,0x00000000f557fff0,0x00000000f5580000)
 Metaspace       used 61531K, committed 62784K, reserved 1105920K
  class space    used 6086K, committed 6592K, reserved 1048576K
}
Event: 2742.030 GC heap before
{Heap before GC invocations=1055 (full 992):
 PSYoungGen      total 94208K, used 52735K [0x00000000f5580000, 0x00000000fdb00000, 0x0000000100000000)
  eden space 52736K, 99% used [0x00000000f5580000,0x00000000f88ffff8,0x00000000f8900000)
  from space 41472K, 0% used [0x00000000fb180000,0x00000000fb180000,0x00000000fda00000)
  to   space 22528K, 0% used [0x00000000f9000000,0x00000000f9000000,0x00000000fa600000)
 ParOldGen       total 349696K, used 349695K [0x00000000e0000000, 0x00000000f5580000, 0x00000000f5580000)
  object space 349696K, 99% used [0x00000000e0000000,0x00000000f557fff0,0x00000000f5580000)
 Metaspace       used 61531K, committed 62784K, reserved 1105920K
  class space    used 6086K, committed 6592K, reserved 1048576K
}
Event: 2744.654 GC heap after
{Heap after GC invocations=1055 (full 992):
 PSYoungGen      total 75264K, used 52735K [0x00000000f5580000, 0x00000000fdb00000, 0x0000000100000000)
  eden space 52736K, 99% used [0x00000000f5580000,0x00000000f88ffff8,0x00000000f8900000)
  from space 22528K, 0% used [0x00000000f9000000,0x00000000f9000000,0x00000000fa600000)
  to   space 41472K, 0% used [0x00000000fb180000,0x00000000fb180000,0x00000000fda00000)
 ParOldGen       total 349696K, used 349695K [0x00000000e0000000, 0x00000000f5580000, 0x00000000f5580000)
  object space 349696K, 99% used [0x00000000e0000000,0x00000000f557fff0,0x00000000f5580000)
 Metaspace       used 61531K, committed 62784K, reserved 1105920K
  class space    used 6086K, committed 6592K, reserved 1048576K
}
Event: 2744.656 GC heap before
{Heap before GC invocations=1056 (full 993):
 PSYoungGen      total 75264K, used 52735K [0x00000000f5580000, 0x00000000fdb00000, 0x0000000100000000)
  eden space 52736K, 99% used [0x00000000f5580000,0x00000000f88ffff8,0x00000000f8900000)
  from space 22528K, 0% used [0x00000000f9000000,0x00000000f9000000,0x00000000fa600000)
  to   space 41472K, 0% used [0x00000000fb180000,0x00000000fb180000,0x00000000fda00000)
 ParOldGen       total 349696K, used 349695K [0x00000000e0000000, 0x00000000f5580000, 0x00000000f5580000)
  object space 349696K, 99% used [0x00000000e0000000,0x00000000f557fff0,0x00000000f5580000)
 Metaspace       used 61531K, committed 62784K, reserved 1105920K
  class space    used 6086K, committed 6592K, reserved 1048576K
}
Event: 2747.146 GC heap after
{Heap after GC invocations=1056 (full 993):
 PSYoungGen      total 94208K, used 52735K [0x00000000f5580000, 0x00000000fdb00000, 0x0000000100000000)
  eden space 52736K, 99% used [0x00000000f5580000,0x00000000f88fffb0,0x00000000f8900000)
  from space 41472K, 0% used [0x00000000fb180000,0x00000000fb180000,0x00000000fda00000)
  to   space 22528K, 0% used [0x00000000f9000000,0x00000000f9000000,0x00000000fa600000)
 ParOldGen       total 349696K, used 349695K [0x00000000e0000000, 0x00000000f5580000, 0x00000000f5580000)
  object space 349696K, 99% used [0x00000000e0000000,0x00000000f557fc70,0x00000000f5580000)
 Metaspace       used 61531K, committed 62784K, reserved 1105920K
  class space    used 6086K, committed 6592K, reserved 1048576K
}
Event: 2747.147 GC heap before
{Heap before GC invocations=1057 (full 994):
 PSYoungGen      total 94208K, used 52735K [0x00000000f5580000, 0x00000000fdb00000, 0x0000000100000000)
  eden space 52736K, 99% used [0x00000000f5580000,0x00000000f88ffff8,0x00000000f8900000)
  from space 41472K, 0% used [0x00000000fb180000,0x00000000fb180000,0x00000000fda00000)
  to   space 22528K, 0% used [0x00000000f9000000,0x00000000f9000000,0x00000000fa600000)
 ParOldGen       total 349696K, used 349695K [0x00000000e0000000, 0x00000000f5580000, 0x00000000f5580000)
  object space 349696K, 99% used [0x00000000e0000000,0x00000000f557fc70,0x00000000f5580000)
 Metaspace       used 61531K, committed 62784K, reserved 1105920K
  class space    used 6086K, committed 6592K, reserved 1048576K
}
Event: 2749.459 GC heap after
{Heap after GC invocations=1057 (full 994):
 PSYoungGen      total 75264K, used 52735K [0x00000000f5580000, 0x00000000fdb00000, 0x0000000100000000)
  eden space 52736K, 99% used [0x00000000f5580000,0x00000000f88fffe0,0x00000000f8900000)
  from space 22528K, 0% used [0x00000000f9000000,0x00000000f9000000,0x00000000fa600000)
  to   space 41472K, 0% used [0x00000000fb180000,0x00000000fb180000,0x00000000fda00000)
 ParOldGen       total 349696K, used 349695K [0x00000000e0000000, 0x00000000f5580000, 0x00000000f5580000)
  object space 349696K, 99% used [0x00000000e0000000,0x00000000f557fc58,0x00000000f5580000)
 Metaspace       used 61531K, committed 62784K, reserved 1105920K
  class space    used 6086K, committed 6592K, reserved 1048576K
}
Event: 2749.459 GC heap before
{Heap before GC invocations=1058 (full 995):
 PSYoungGen      total 75264K, used 52735K [0x00000000f5580000, 0x00000000fdb00000, 0x0000000100000000)
  eden space 52736K, 99% used [0x00000000f5580000,0x00000000f88ffff8,0x00000000f8900000)
  from space 22528K, 0% used [0x00000000f9000000,0x00000000f9000000,0x00000000fa600000)
  to   space 41472K, 0% used [0x00000000fb180000,0x00000000fb180000,0x00000000fda00000)
 ParOldGen       total 349696K, used 349695K [0x00000000e0000000, 0x00000000f5580000, 0x00000000f5580000)
  object space 349696K, 99% used [0x00000000e0000000,0x00000000f557fc58,0x00000000f5580000)
 Metaspace       used 61531K, committed 62784K, reserved 1105920K
  class space    used 6086K, committed 6592K, reserved 1048576K
}
Event: 2751.887 GC heap after
{Heap after GC invocations=1058 (full 995):
 PSYoungGen      total 94208K, used 52735K [0x00000000f5580000, 0x00000000fdb00000, 0x0000000100000000)
  eden space 52736K, 99% used [0x00000000f5580000,0x00000000f88fffc8,0x00000000f8900000)
  from space 41472K, 0% used [0x00000000fb180000,0x00000000fb180000,0x00000000fda00000)
  to   space 22528K, 0% used [0x00000000f9000000,0x00000000f9000000,0x00000000fa600000)
 ParOldGen       total 349696K, used 349695K [0x00000000e0000000, 0x00000000f5580000, 0x00000000f5580000)
  object space 349696K, 99% used [0x00000000e0000000,0x00000000f557fc58,0x00000000f5580000)
 Metaspace       used 61531K, committed 62784K, reserved 1105920K
  class space    used 6086K, committed 6592K, reserved 1048576K
}
Event: 2751.887 GC heap before
{Heap before GC invocations=1059 (full 996):
 PSYoungGen      total 94208K, used 52735K [0x00000000f5580000, 0x00000000fdb00000, 0x0000000100000000)
  eden space 52736K, 99% used [0x00000000f5580000,0x00000000f88fffe0,0x00000000f8900000)
  from space 41472K, 0% used [0x00000000fb180000,0x00000000fb180000,0x00000000fda00000)
  to   space 22528K, 0% used [0x00000000f9000000,0x00000000f9000000,0x00000000fa600000)
 ParOldGen       total 349696K, used 349695K [0x00000000e0000000, 0x00000000f5580000, 0x00000000f5580000)
  object space 349696K, 99% used [0x00000000e0000000,0x00000000f557fc58,0x00000000f5580000)
 Metaspace       used 61531K, committed 62784K, reserved 1105920K
  class space    used 6086K, committed 6592K, reserved 1048576K
}
Event: 2754.390 GC heap after
{Heap after GC invocations=1059 (full 996):
 PSYoungGen      total 75264K, used 52735K [0x00000000f5580000, 0x00000000fdb00000, 0x0000000100000000)
  eden space 52736K, 99% used [0x00000000f5580000,0x00000000f88fffe0,0x00000000f8900000)
  from space 22528K, 0% used [0x00000000f9000000,0x00000000f9000000,0x00000000fa600000)
  to   space 41472K, 0% used [0x00000000fb180000,0x00000000fb180000,0x00000000fda00000)
 ParOldGen       total 349696K, used 349695K [0x00000000e0000000, 0x00000000f5580000, 0x00000000f5580000)
  object space 349696K, 99% used [0x00000000e0000000,0x00000000f557fc58,0x00000000f5580000)
 Metaspace       used 61531K, committed 62784K, reserved 1105920K
  class space    used 6086K, committed 6592K, reserved 1048576K
}
Event: 2754.392 GC heap before
{Heap before GC invocations=1060 (full 997):
 PSYoungGen      total 75264K, used 52736K [0x00000000f5580000, 0x00000000fdb00000, 0x0000000100000000)
  eden space 52736K, 100% used [0x00000000f5580000,0x00000000f8900000,0x00000000f8900000)
  from space 22528K, 0% used [0x00000000f9000000,0x00000000f9000000,0x00000000fa600000)
  to   space 41472K, 0% used [0x00000000fb180000,0x00000000fb180000,0x00000000fda00000)
 ParOldGen       total 349696K, used 349695K [0x00000000e0000000, 0x00000000f5580000, 0x00000000f5580000)
  object space 349696K, 99% used [0x00000000e0000000,0x00000000f557ffd8,0x00000000f5580000)
 Metaspace       used 61531K, committed 62784K, reserved 1105920K
  class space    used 6086K, committed 6592K, reserved 1048576K
}
Event: 2756.971 GC heap after
{Heap after GC invocations=1060 (full 997):
 PSYoungGen      total 94208K, used 52735K [0x00000000f5580000, 0x00000000fdb00000, 0x0000000100000000)
  eden space 52736K, 99% used [0x00000000f5580000,0x00000000f88fffe0,0x00000000f8900000)
  from space 41472K, 0% used [0x00000000fb180000,0x00000000fb180000,0x00000000fda00000)
  to   space 22528K, 0% used [0x00000000f9000000,0x00000000f9000000,0x00000000fa600000)
 ParOldGen       total 349696K, used 349695K [0x00000000e0000000, 0x00000000f5580000, 0x00000000f5580000)
  object space 349696K, 99% used [0x00000000e0000000,0x00000000f557fc98,0x00000000f5580000)
 Metaspace       used 61531K, committed 62784K, reserved 1105920K
  class space    used 6086K, committed 6592K, reserved 1048576K
}
Event: 2756.971 GC heap before
{Heap before GC invocations=1061 (full 998):
 PSYoungGen      total 94208K, used 52735K [0x00000000f5580000, 0x00000000fdb00000, 0x0000000100000000)
  eden space 52736K, 99% used [0x00000000f5580000,0x00000000f88fffe0,0x00000000f8900000)
  from space 41472K, 0% used [0x00000000fb180000,0x00000000fb180000,0x00000000fda00000)
  to   space 22528K, 0% used [0x00000000f9000000,0x00000000f9000000,0x00000000fa600000)
 ParOldGen       total 349696K, used 349695K [0x00000000e0000000, 0x00000000f5580000, 0x00000000f5580000)
  object space 349696K, 99% used [0x00000000e0000000,0x00000000f557fc98,0x00000000f5580000)
 Metaspace       used 61531K, committed 62784K, reserved 1105920K
  class space    used 6086K, committed 6592K, reserved 1048576K
}
Event: 2759.650 GC heap after
{Heap after GC invocations=1061 (full 998):
 PSYoungGen      total 75264K, used 52735K [0x00000000f5580000, 0x00000000fdb00000, 0x0000000100000000)
  eden space 52736K, 99% used [0x00000000f5580000,0x00000000f88fffe0,0x00000000f8900000)
  from space 22528K, 0% used [0x00000000f9000000,0x00000000f9000000,0x00000000fa600000)
  to   space 41472K, 0% used [0x00000000fb180000,0x00000000fb180000,0x00000000fda00000)
 ParOldGen       total 349696K, used 349695K [0x00000000e0000000, 0x00000000f5580000, 0x00000000f5580000)
  object space 349696K, 99% used [0x00000000e0000000,0x00000000f557fc98,0x00000000f5580000)
 Metaspace       used 61531K, committed 62784K, reserved 1105920K
  class space    used 6086K, committed 6592K, reserved 1048576K
}

Dll operation events (9 events):
Event: 0.002 Loaded shared library /nix/store/gpxl5qgg8kicmcvivwmybwjlpf7wh20l-graalvm17-ce-22.3.0/lib/libjava.so
Event: 0.009 Loaded shared library /nix/store/gpxl5qgg8kicmcvivwmybwjlpf7wh20l-graalvm17-ce-22.3.0/lib/libjsvml.so
Event: 0.239 Loaded shared library /nix/store/gpxl5qgg8kicmcvivwmybwjlpf7wh20l-graalvm17-ce-22.3.0/lib/libjvmcicompiler.so
Event: 0.241 Loaded shared library /nix/store/gpxl5qgg8kicmcvivwmybwjlpf7wh20l-graalvm17-ce-22.3.0/lib/libnio.so
Event: 0.248 Loaded shared library /nix/store/gpxl5qgg8kicmcvivwmybwjlpf7wh20l-graalvm17-ce-22.3.0/lib/libzip.so
Event: 0.654 Loaded shared library /nix/store/gpxl5qgg8kicmcvivwmybwjlpf7wh20l-graalvm17-ce-22.3.0/lib/libjimage.so
Event: 1.262 Loaded shared library /nix/store/gpxl5qgg8kicmcvivwmybwjlpf7wh20l-graalvm17-ce-22.3.0/lib/libnet.so
Event: 4.538 Loaded shared library /home/runner/.cache/jdt-language-server/config/org.eclipse.equinox.launcher/org.eclipse.equinox.launcher.gtk.linux.x86_64_1.2.400.v20211117-0650/eclipse_11600.so
Event: 15.282 Loaded shared library /nix/store/gpxl5qgg8kicmcvivwmybwjlpf7wh20l-graalvm17-ce-22.3.0/lib/libextnet.so

Deoptimization events (20 events):
Event: 80.241 Thread 0x00007fdf24489e60 DEOPT PACKING pc=0x00007fdf7851d185 sp=0x00007fdf3cffe530
Event: 80.241 Thread 0x00007fdf24489e60 DEOPT UNPACKING pc=0x00007fdf77505325 sp=0x00007fdf3cffda20 mode 0
Event: 80.243 Thread 0x00007fdf24489e60 DEOPT PACKING pc=0x00007fdf7851d185 sp=0x00007fdf3cffe530
Event: 80.243 Thread 0x00007fdf24489e60 DEOPT UNPACKING pc=0x00007fdf77505325 sp=0x00007fdf3cffda20 mode 0
Event: 80.245 Thread 0x00007fdf24489e60 DEOPT PACKING pc=0x00007fdf7851d185 sp=0x00007fdf3cffe530
Event: 80.245 Thread 0x00007fdf24489e60 DEOPT UNPACKING pc=0x00007fdf77505325 sp=0x00007fdf3cffda20 mode 0
Event: 80.259 Thread 0x00007fdf24489e60 DEOPT PACKING pc=0x00007fdf7851d185 sp=0x00007fdf3cffe530
Event: 80.259 Thread 0x00007fdf24489e60 DEOPT UNPACKING pc=0x00007fdf77505325 sp=0x00007fdf3cffda20 mode 0
Event: 80.261 Thread 0x00007fdf24489e60 DEOPT PACKING pc=0x00007fdf7851d185 sp=0x00007fdf3cffe530
Event: 80.261 Thread 0x00007fdf24489e60 DEOPT UNPACKING pc=0x00007fdf77505325 sp=0x00007fdf3cffda20 mode 0
Event: 80.263 Thread 0x00007fdf24489e60 DEOPT PACKING pc=0x00007fdf7851d185 sp=0x00007fdf3cffe530
Event: 80.263 Thread 0x00007fdf24489e60 DEOPT UNPACKING pc=0x00007fdf77505325 sp=0x00007fdf3cffda20 mode 0
Event: 2691.823 Thread 0x00007fdf24489e60 Uncommon trap: trap_request=0xffffff8f fr.pc=0x00007fdf7f1ce0a2 relative=0x00000000000011e2
Event: 2691.823 Thread 0x00007fdf24489e60 Uncommon trap: reason=constraint action=none pc=0x00007fdf7f1ce0a2 method=org.eclipse.jdt.internal.core.index.DiskIndex.copyQueryResults(Lorg/eclipse/jdt/internal/compiler/util/HashtableOfObject;I)V @ 123 jvmci
Event: 2691.823 Thread 0x00007fdf24489e60 DEOPT PACKING pc=0x00007fdf7f1ce0a2 sp=0x00007fdf3cffe530
Event: 2691.823 Thread 0x00007fdf24489e60 DEOPT UNPACKING pc=0x00007fdf77505325 sp=0x00007fdf3cffda28 mode 3
Event: 2739.323 Thread 0x00007fdf904b6840 Uncommon trap: trap_request=0xffffff8f fr.pc=0x00007fdf7efbc235 relative=0x0000000000000315
Event: 2739.323 Thread 0x00007fdf904b6840 Uncommon trap: reason=constraint action=none pc=0x00007fdf7efbc235 method=java.util.Arrays.copyOfRange([BII)[B @ 61 jvmci
Event: 2744.655 Thread 0x00007fdf904b6840 DEOPT PACKING pc=0x00007fdf7efbc235 sp=0x00007fdf3d7fd500
Event: 2744.655 Thread 0x00007fdf904b6840 DEOPT UNPACKING pc=0x00007fdf77505325 sp=0x00007fdf3d7fc880 mode 1

Classes unloaded (20 events):
Event: 91.484 Thread 0x00007fdf900a1bf0 Unloading class 0x0000000800d04800 'java/lang/invoke/LambdaForm$MH+0x0000000800d04800'
Event: 91.484 Thread 0x00007fdf900a1bf0 Unloading class 0x0000000800d04000 'java/lang/invoke/LambdaForm$MH+0x0000000800d04000'
Event: 91.484 Thread 0x00007fdf900a1bf0 Unloading class 0x0000000800c1d000 'jdk/internal/reflect/GeneratedMethodAccessor5'
Event: 91.484 Thread 0x00007fdf900a1bf0 Unloading class 0x0000000800c1cc00 'jdk/internal/reflect/GeneratedMethodAccessor4'
Event: 91.484 Thread 0x00007fdf900a1bf0 Unloading class 0x0000000800c1c800 'jdk/internal/reflect/GeneratedMethodAccessor3'
Event: 91.484 Thread 0x00007fdf900a1bf0 Unloading class 0x0000000800c1c400 'jdk/internal/reflect/GeneratedMethodAccessor2'
Event: 91.484 Thread 0x00007fdf900a1bf0 Unloading class 0x0000000800c1c000 'jdk/internal/reflect/GeneratedMethodAccessor1'
Event: 91.484 Thread 0x00007fdf900a1bf0 Unloading class 0x0000000800c01c00 'java/lang/invoke/LambdaForm$DMH+0x0000000800c01c00'
Event: 1759.588 Thread 0x00007fdf900a1bf0 Unloading class 0x0000000801180000 'jdk/internal/reflect/GeneratedSerializationConstructorAccessor38'
Event: 2153.671 Thread 0x00007fdf900a1bf0 Unloading class 0x0000000801180000 'jdk/internal/reflect/GeneratedSerializationConstructorAccessor41'
Event: 2489.068 Thread 0x00007fdf900a1bf0 Unloading class 0x00000008010c0800 'jdk/internal/reflect/GeneratedSerializationConstructorAccessor47'
Event: 2496.458 Thread 0x00007fdf900a1bf0 Unloading class 0x000000080111d400 'jdk/internal/reflect/GeneratedSerializationConstructorAccessor45'
Event: 2496.458 Thread 0x00007fdf900a1bf0 Unloading class 0x0000000801180000 'jdk/internal/reflect/GeneratedSerializationConstructorAccessor44'
Event: 2496.458 Thread 0x00007fdf900a1bf0 Unloading class 0x0000000801120000 'jdk/internal/reflect/GeneratedSerializationConstructorAccessor43'
Event: 2496.458 Thread 0x00007fdf900a1bf0 Unloading class 0x0000000801136000 'jdk/internal/reflect/GeneratedSerializationConstructorAccessor42'
Event: 2496.458 Thread 0x00007fdf900a1bf0 Unloading class 0x000000080113cc00 'jdk/internal/reflect/GeneratedSerializationConstructorAccessor40'
Event: 2496.458 Thread 0x00007fdf900a1bf0 Unloading class 0x0000000801141800 'jdk/internal/reflect/GeneratedSerializationConstructorAccessor39'
Event: 2496.458 Thread 0x00007fdf900a1bf0 Unloading class 0x00000008011e8c00 'jdk/internal/reflect/GeneratedSerializationConstructorAccessor37'
Event: 2496.458 Thread 0x00007fdf900a1bf0 Unloading class 0x0000000801240000 'jdk/internal/reflect/GeneratedSerializationConstructorAccessor36'
Event: 2518.350 Thread 0x00007fdf900a1bf0 Unloading class 0x0000000801114000 'jdk/internal/reflect/GeneratedSerializationConstructorAccessor46'

Classes redefined (0 events):
No events

Internal exceptions (20 events):
Event: 61.957 Thread 0x00007fdf201549d0 Exception <a 'java/lang/ArrayIndexOutOfBoundsException'{0x00000000f5efcbb8}: Index 116 out of bounds for length 116> (0x00000000f5efcbb8) 
thrown [src/hotspot/share/interpreter/interpreterRuntime.cpp, line 428]
Event: 61.958 Thread 0x00007fdf201549d0 Exception <a 'java/lang/ArrayIndexOutOfBoundsException'{0x00000000f5f03bb8}: Index 116 out of bounds for length 116> (0x00000000f5f03bb8) 
thrown [src/hotspot/share/interpreter/interpreterRuntime.cpp, line 428]
Event: 61.958 Thread 0x00007fdf201549d0 Exception <a 'java/lang/ArrayIndexOutOfBoundsException'{0x00000000f5f03ed8}: Index 117 out of bounds for length 116> (0x00000000f5f03ed8) 
thrown [src/hotspot/share/interpreter/interpreterRuntime.cpp, line 428]
Event: 67.857 Thread 0x00007fdf201516d0 Exception <a 'java/lang/NoSuchMethodError'{0x00000000f56d9228}: 'java.lang.Object java.lang.invoke.DirectMethodHandle$Holder.invokeStatic(java.lang.Object, int, java.lang.Object, java.lang.Object, java.lang.Object, java.lang.Object)'> (0x00000000f56d9228) 
thrown [src/hotspot/share/interpreter/linkResolver.cpp, line 758]
Event: 67.858 Thread 0x00007fdf2014e290 Exception <a 'java/lang/NoSuchMethodError'{0x00000000f59e5b20}: 'java.lang.Object java.lang.invoke.DirectMethodHandle$Holder.invokeStatic(java.lang.Object, int, java.lang.Object, java.lang.Object, java.lang.Object, java.lang.Object)'> (0x00000000f59e5b20) 
thrown [src/hotspot/share/interpreter/linkResolver.cpp, line 758]
Event: 67.861 Thread 0x00007fdf2014e290 Exception <a 'java/lang/NoSuchMethodError'{0x00000000f59ede40}: 'java.lang.Object java.lang.invoke.DirectMethodHandle$Holder.newInvokeSpecial(java.lang.Object, int, java.lang.Object, java.lang.Object, java.lang.Object)'> (0x00000000f59ede40) 
thrown [src/hotspot/share/interpreter/linkResolver.cpp, line 758]
Event: 67.862 Thread 0x00007fdf201516d0 Exception <a 'java/lang/NoSuchMethodError'{0x00000000f5a05de0}: 'java.lang.Object java.lang.invoke.DirectMethodHandle$Holder.newInvokeSpecial(java.lang.Object, int, java.lang.Object, java.lang.Object, java.lang.Object)'> (0x00000000f5a05de0) 
thrown [src/hotspot/share/interpreter/linkResolver.cpp, line 758]
Event: 68.155 Thread 0x00007fdf201516d0 Exception <a 'java/lang/NoSuchMethodError'{0x00000000f6447098}: 'void java.lang.invoke.DirectMethodHandle$Holder.invokeSpecial(java.lang.Object, java.lang.Object, int)'> (0x00000000f6447098) 
thrown [src/hotspot/share/interpreter/linkResolver.cpp, line 758]
Event: 68.155 Thread 0x00007fdf2014e290 Exception <a 'java/lang/NoSuchMethodError'{0x00000000f6461ff8}: 'void java.lang.invoke.DirectMethodHandle$Holder.invokeSpecial(java.lang.Object, java.lang.Object, int)'> (0x00000000f6461ff8) 
thrown [src/hotspot/share/interpreter/linkResolver.cpp, line 758]
Event: 68.855 Thread 0x00007fdf201516d0 Exception <a 'java/lang/NoSuchMethodError'{0x00000000f778c3b0}: 'int java.lang.invoke.DirectMethodHandle$Holder.invokeSpecialIFC(java.lang.Object, java.lang.Object, java.lang.Object, java.lang.Object)'> (0x00000000f778c3b0) 
thrown [src/hotspot/share/interpreter/linkResolver.cpp, line 758]
Event: 2487.554 Thread 0x00007fded802abb0 Exception <a 'java/lang/OutOfMemoryError'{0x00000000e000fab0}> (0x00000000e000fab0) 
thrown [src/hotspot/share/gc/shared/memAllocator.cpp, line 136]
Event: 2494.944 Thread 0x00007fded802abb0 Exception <a 'java/lang/reflect/InvocationTargetException'{0x00000000f557c9a8}> (0x00000000f557c9a8) 
thrown [src/hotspot/share/runtime/reflection.cpp, line 1119]
Event: 2494.944 Thread 0x00007fded802abb0 Exception <a 'java/lang/reflect/InvocationTargetException'{0x00000000f557cf20}> (0x00000000f557cf20) 
thrown [src/hotspot/share/runtime/reflection.cpp, line 1119]
Event: 2691.823 Thread 0x00007fdf24489e60 Exception <a 'java/lang/OutOfMemoryError'{0x00000000e0010050}> (0x00000000e0010050) 
thrown [src/hotspot/share/gc/shared/memAllocator.cpp, line 138]
Event: 2691.823 Thread 0x00007fdf24489e60 Implicit null exception at 0x00007fdf7f1cdaf3 to 0x00007fdf7f1ce087
Event: 2739.323 Thread 0x00007fdf904b6840 Exception <a 'java/lang/OutOfMemoryError'{0x00000000e000fd80}> (0x00000000e000fd80) 
thrown [src/hotspot/share/gc/shared/memAllocator.cpp, line 138]
Event: 2739.323 Thread 0x00007fdf904b6840 Implicit null exception at 0x00007fdf7efbc144 to 0x00007fdf7efbc21a
Event: 2744.655 Thread 0x00007fdf904b6840 Exception <a 'java/lang/OutOfMemoryError'{0x00000000e00100a0}> (0x00000000e00100a0) 
thrown [src/hotspot/share/gc/shared/memAllocator.cpp, line 136]
Event: 2744.655 Thread 0x00007fdf904b6840 Exception <a 'java/lang/OutOfMemoryError'{0x00000000e000fe00}> (0x00000000e000fe00) 
thrown [src/hotspot/share/runtime/deoptimization.cpp, line 1108]
Event: 2759.651 Thread 0x00007fdf900b21e0 Exception <a 'java/lang/OutOfMemoryError'{0x00000000e00100a0}> (0x00000000e00100a0) 
thrown [src/hotspot/share/gc/shared/memAllocator.cpp, line 136]

VM Operations (20 events):
Event: 2725.917 Executing VM operation: ParallelGCFailedAllocation
Event: 2728.722 Executing VM operation: ParallelGCFailedAllocation done
Event: 2728.729 Executing VM operation: ParallelGCFailedAllocation
Event: 2731.472 Executing VM operation: ParallelGCFailedAllocation done
Event: 2731.472 Executing VM operation: ParallelGCFailedAllocation
Event: 2734.238 Executing VM operation: ParallelGCFailedAllocation done
Event: 2734.238 Executing VM operation: ParallelGCFailedAllocation
Event: 2739.323 Executing VM operation: ParallelGCFailedAllocation done
Event: 2739.323 Executing VM operation: ParallelGCFailedAllocation
Event: 2744.654 Executing VM operation: ParallelGCFailedAllocation done
Event: 2744.656 Executing VM operation: ParallelGCFailedAllocation
Event: 2747.147 Executing VM operation: ParallelGCFailedAllocation done
Event: 2747.147 Executing VM operation: ParallelGCFailedAllocation
Event: 2749.459 Executing VM operation: ParallelGCFailedAllocation done
Event: 2749.459 Executing VM operation: ParallelGCFailedAllocation
Event: 2751.887 Executing VM operation: ParallelGCFailedAllocation done
Event: 2751.887 Executing VM operation: ParallelGCFailedAllocation
Event: 2754.390 Executing VM operation: ParallelGCFailedAllocation done
Event: 2754.392 Executing VM operation: ParallelGCFailedAllocation
Event: 2759.651 Executing VM operation: ParallelGCFailedAllocation done

Events (20 events):
Event: 137.548 Thread 0x00007fdf00000ff0 Thread exited: 0x00007fdf00000ff0
Event: 137.548 Thread 0x00007fdf18007280 Thread exited: 0x00007fdf18007280
Event: 137.549 Thread 0x00007fdf180010d0 Thread exited: 0x00007fdf180010d0
Event: 137.550 Thread 0x00007fded0000ff0 Thread exited: 0x00007fded0000ff0
Event: 137.550 Thread 0x00007fdefc001130 Thread exited: 0x00007fdefc001130
Event: 337.246 Thread 0x00007fded802abb0 Thread added: 0x00007fded802abb0
Event: 337.246 Protecting memory [0x00007fdf3c700000,0x00007fdf3c704000] with protection modes 0
Event: 371.467 loading class java/io/InterruptedIOException
Event: 381.679 loading class java/io/InterruptedIOException done
Event: 381.679 loading class javax/net/ssl/SSLException
Event: 397.888 loading class javax/net/ssl/SSLException done
Event: 523.673 Thread 0x00007fdf004284f0 Thread exited: 0x00007fdf004284f0
Event: 526.370 loading class java/lang/AssertionError
Event: 526.370 loading class java/lang/AssertionError done
Event: 526.371 Thread 0x00007fdf00427cc0 Thread exited: 0x00007fdf00427cc0
Event: 526.371 Thread 0x00007fdef8003b30 Thread exited: 0x00007fdef8003b30
Event: 1000.779 Thread 0x00007fdf004df560 Thread added: 0x00007fdf004df560
Event: 1000.780 Protecting memory [0x00007fdf3c300000,0x00007fdf3c304000] with protection modes 0
Event: 1006.556 Thread 0x00007fdf004df560 Thread exited: 0x00007fdf004df560
Event: 1900.280 Thread 0x00007fdf0042e150 Thread exited: 0x00007fdf0042e150


Dynamic libraries:
e0000000-f5580000 rw-p 00000000 00:00 0 
f5580000-fdb00000 rw-p 00000000 00:00 0 
fdb00000-100000000 ---p 00000000 00:00 0 
800000000-800449000 rw-p 00001000 00:1623 4611686019135357769            /nix/store/gpxl5qgg8kicmcvivwmybwjlpf7wh20l-graalvm17-ce-22.3.0/lib/server/classes.jsa
800449000-800bc8000 r--p 0044a000 00:1623 4611686019135357769            /nix/store/gpxl5qgg8kicmcvivwmybwjlpf7wh20l-graalvm17-ce-22.3.0/lib/server/classes.jsa
800bc8000-800c00000 ---p 00000000 00:00 0 
800c00000-800c20000 rw-p 00000000 00:00 0 
800c20000-800c40000 rw-p 00000000 00:00 0 
800c40000-800cc0000 rw-p 00000000 00:00 0 
800cc0000-800d00000 rw-p 00000000 00:00 0 
800d00000-800dc0000 rw-p 00000000 00:00 0 
800dc0000-800e00000 rw-p 00000000 00:00 0 
800e00000-800f40000 rw-p 00000000 00:00 0 
800f40000-800fc0000 rw-p 00000000 00:00 0 
800fc0000-801000000 rw-p 00000000 00:00 0 
801000000-801270000 rw-p 00000000 00:00 0 
801270000-840c00000 ---p 00000000 00:00 0 
5630f4992000-5630f4993000 r-xp 00000000 00:1623 4611686019099417844      /nix/store/gpxl5qgg8kicmcvivwmybwjlpf7wh20l-graalvm17-ce-22.3.0/bin/.java-wrapped
5630f4994000-5630f4995000 r--p 00001000 00:1623 4611686019099417844      /nix/store/gpxl5qgg8kicmcvivwmybwjlpf7wh20l-graalvm17-ce-22.3.0/bin/.java-wrapped
5630f4995000-5630f4996000 rw-p 00002000 00:1623 4611686019099417844      /nix/store/gpxl5qgg8kicmcvivwmybwjlpf7wh20l-graalvm17-ce-22.3.0/bin/.java-wrapped
5630f4996000-5630f4997000 rw-p 00004000 00:1623 4611686019099417844      /nix/store/gpxl5qgg8kicmcvivwmybwjlpf7wh20l-graalvm17-ce-22.3.0/bin/.java-wrapped
5630f4997000-5630f4998000 rw-p 00005000 00:1623 4611686019099417844      /nix/store/gpxl5qgg8kicmcvivwmybwjlpf7wh20l-graalvm17-ce-22.3.0/bin/.java-wrapped
5630f5c72000-5630f5cba000 rw-p 00000000 00:00 0                          [heap]
7fdeac000000-7fdeac021000 rw-p 00000000 00:00 0 
7fdeac021000-7fdeb0000000 ---p 00000000 00:00 0 
7fdeb0000000-7fdeb0029000 rw-p 00000000 00:00 0 
7fdeb0029000-7fdeb4000000 ---p 00000000 00:00 0 
7fdeb4000000-7fdeb408d000 rw-p 00000000 00:00 0 
7fdeb408d000-7fdeb8000000 ---p 00000000 00:00 0 
7fdeb8000000-7fdeb8021000 rw-p 00000000 00:00 0 
7fdeb8021000-7fdebc000000 ---p 00000000 00:00 0 
7fdebc000000-7fdebc024000 rw-p 00000000 00:00 0 
7fdebc024000-7fdec0000000 ---p 00000000 00:00 0 
7fdec0000000-7fdec00ab000 rw-p 00000000 00:00 0 
7fdec00ab000-7fdec4000000 ---p 00000000 00:00 0 
7fdec4000000-7fdec40a6000 rw-p 00000000 00:00 0 
7fdec40a6000-7fdec8000000 ---p 00000000 00:00 0 
7fdeca600000-7fdeca700000 ---p 00000000 00:00 0 
7fdeca700000-7fdecacaf000 r--p 01122000 00:1623 4611686019135190040      /nix/store/gpxl5qgg8kicmcvivwmybwjlpf7wh20l-graalvm17-ce-22.3.0/lib/libjvmcicompiler.so
7fdecacaf000-7fdecae00000 r--p 00000000 00:00 0 
7fdecae00000-7fdecae3d000 rw-p 00000000 00:00 0 
7fdecae3d000-7fdecb35d000 rw-p 0185f000 00:1623 4611686019135190040      /nix/store/gpxl5qgg8kicmcvivwmybwjlpf7wh20l-graalvm17-ce-22.3.0/lib/libjvmcicompiler.so
7fdecb35d000-7fdecb744000 r--p 01d7f000 00:1623 4611686019135190040      /nix/store/gpxl5qgg8kicmcvivwmybwjlpf7wh20l-graalvm17-ce-22.3.0/lib/libjvmcicompiler.so
7fdecb800000-7fdecbee0000 rw-p 00000000 00:00 0 
7fdecbee0000-7fdecc000000 ---p 00000000 00:00 0 
7fdecc000000-7fdecc0fe000 rw-p 00000000 00:00 0 
7fdecc0fe000-7fded0000000 ---p 00000000 00:00 0 
7fded0000000-7fded0027000 rw-p 00000000 00:00 0 
7fded0027000-7fded4000000 ---p 00000000 00:00 0 
7fded4000000-7fded4021000 rw-p 00000000 00:00 0 
7fded4021000-7fded8000000 ---p 00000000 00:00 0 
7fded8000000-7fded8040000 rw-p 00000000 00:00 0 
7fded8040000-7fdedc000000 ---p 00000000 00:00 0 
7fdedc000000-7fdedc021000 rw-p 00000000 00:00 0 
7fdedc021000-7fdee0000000 ---p 00000000 00:00 0 
7fdee0000000-7fdee0021000 rw-p 00000000 00:00 0 
7fdee0021000-7fdee4000000 ---p 00000000 00:00 0 
7fdee4000000-7fdee4021000 rw-p 00000000 00:00 0 
7fdee4021000-7fdee8000000 ---p 00000000 00:00 0 
7fdee8c00000-7fdee9180000 rw-p 00000000 00:00 0 
7fdee9180000-7fdee9200000 rw-p 00000000 00:00 0 
7fdee9200000-7fdee9380000 rw-p 00000000 00:00 0 
7fdee9380000-7fdee9400000 rw-p 00000000 00:00 0 
7fdee9cb3000-7fdef3800000 r--s 00000000 00:1623 4611686019135192581      /nix/store/gpxl5qgg8kicmcvivwmybwjlpf7wh20l-graalvm17-ce-22.3.0/lib/modules
7fdef3800000-7fdef3d00000 rw-p 00000000 00:00 0 
7fdef3d00000-7fdef3e00000 rw-p 00000000 00:00 0 
7fdef3e00000-7fdef4000000 rw-p 00000000 00:00 0 
7fdef4000000-7fdef4050000 rw-p 00000000 00:00 0 
7fdef4050000-7fdef8000000 ---p 00000000 00:00 0 
7fdef8000000-7fdef8021000 rw-p 00000000 00:00 0 
7fdef8021000-7fdefc000000 ---p 00000000 00:00 0 
7fdefc000000-7fdefc113000 rw-p 00000000 00:00 0 
7fdefc113000-7fdf00000000 ---p 00000000 00:00 0 
7fdf00000000-7fdf0051f000 rw-p 00000000 00:00 0 
7fdf0051f000-7fdf04000000 ---p 00000000 00:00 0 
7fdf04000000-7fdf04021000 rw-p 00000000 00:00 0 
7fdf04021000-7fdf08000000 ---p 00000000 00:00 0 
7fdf08000000-7fdf08021000 rw-p 00000000 00:00 0 
7fdf08021000-7fdf0c000000 ---p 00000000 00:00 0 
7fdf0c000000-7fdf0c325000 rw-p 00000000 00:00 0 
7fdf0c325000-7fdf10000000 ---p 00000000 00:00 0 
7fdf10000000-7fdf1007b000 rw-p 00000000 00:00 0 
7fdf1007b000-7fdf14000000 ---p 00000000 00:00 0 
7fdf14000000-7fdf14021000 rw-p 00000000 00:00 0 
7fdf14021000-7fdf18000000 ---p 00000000 00:00 0 
7fdf18000000-7fdf1803b000 rw-p 00000000 00:00 0 
7fdf1803b000-7fdf1c000000 ---p 00000000 00:00 0 
7fdf1c000000-7fdf1c021000 rw-p 00000000 00:00 0 
7fdf1c021000-7fdf20000000 ---p 00000000 00:00 0 
7fdf20000000-7fdf20171000 rw-p 00000000 00:00 0 
7fdf20171000-7fdf24000000 ---p 00000000 00:00 0 
7fdf24000000-7fdf248bc000 rw-p 00000000 00:00 0 
7fdf248bc000-7fdf28000000 ---p 00000000 00:00 0 
7fdf28000000-7fdf28025000 rw-p 00000000 00:00 0 
7fdf28025000-7fdf2c000000 ---p 00000000 00:00 0 
7fdf2c000000-7fdf2c021000 rw-p 00000000 00:00 0 
7fdf2c021000-7fdf30000000 ---p 00000000 00:00 0 
7fdf30000000-7fdf30021000 rw-p 00000000 00:00 0 
7fdf30021000-7fdf34000000 ---p 00000000 00:00 0 
7fdf34000000-7fdf34021000 rw-p 00000000 00:00 0 
7fdf34021000-7fdf38000000 ---p 00000000 00:00 0 
7fdf38000000-7fdf380c0000 rw-p 00000000 00:00 0 
7fdf380c0000-7fdf38100000 rw-p 00000000 00:00 0 
7fdf38100000-7fdf382e0000 rw-p 00000000 00:00 0 
7fdf382e0000-7fdf38300000 rw-p 00000000 00:00 0 
7fdf38300000-7fdf38500000 rw-p 00000000 00:00 0 
7fdf38500000-7fdf38600000 rw-p 00000000 00:00 0 
7fdf38600000-7fdf38780000 rw-p 00000000 00:00 0 
7fdf38780000-7fdf38800000 rw-p 00000000 00:00 0 
7fdf38800000-7fdf38900000 rw-p 00000000 00:00 0 
7fdf38900000-7fdf38a00000 rw-p 00000000 00:00 0 
7fdf38a00000-7fdf38fa0000 rw-p 00000000 00:00 0 
7fdf38fa0000-7fdf38fc0000 rw-p 00000000 00:00 0 
7fdf38fc0000-7fdf39000000 rw-p 00000000 00:00 0 
7fdf39000000-7fdf39100000 rw-p 00000000 00:00 0 
7fdf39100000-7fdf39200000 rw-p 00000000 00:00 0 
7fdf39200000-7fdf39500000 rw-p 00000000 00:00 0 
7fdf39500000-7fdf39600000 rw-p 00000000 00:00 0 
7fdf39600000-7fdf39800000 rw-p 00000000 00:00 0 
7fdf3a800000-7fdf3a810000 r-xp 00000000 00:1620 353                      /home/runner/.cache/jdt-language-server/config/org.eclipse.equinox.launcher/org.eclipse.equinox.launcher.gtk.linux.x86_64_1.2.400.v20211117-0650/eclipse_11600.so
7fdf3a810000-7fdf3aa0f000 ---p 00010000 00:1620 353                      /home/runner/.cache/jdt-language-server/config/org.eclipse.equinox.launcher/org.eclipse.equinox.launcher.gtk.linux.x86_64_1.2.400.v20211117-0650/eclipse_11600.so
7fdf3aa0f000-7fdf3aa10000 r--p 0000f000 00:1620 353                      /home/runner/.cache/jdt-language-server/config/org.eclipse.equinox.launcher/org.eclipse.equinox.launcher.gtk.linux.x86_64_1.2.400.v20211117-0650/eclipse_11600.so
7fdf3aa10000-7fdf3aa11000 rw-p 00010000 00:1620 353                      /home/runner/.cache/jdt-language-server/config/org.eclipse.equinox.launcher/org.eclipse.equinox.launcher.gtk.linux.x86_64_1.2.400.v20211117-0650/eclipse_11600.so
7fdf3b100000-7fdf3b104000 ---p 00000000 00:00 0 
7fdf3b104000-7fdf3b200000 rw-p 00000000 00:00 0 
7fdf3b300000-7fdf3b304000 ---p 00000000 00:00 0 
7fdf3b304000-7fdf3b400000 rw-p 00000000 00:00 0 
7fdf3b500000-7fdf3b504000 ---p 00000000 00:00 0 
7fdf3b504000-7fdf3b600000 rw-p 00000000 00:00 0 
7fdf3b700000-7fdf3b704000 ---p 00000000 00:00 0 
7fdf3b704000-7fdf3b800000 rw-p 00000000 00:00 0 
7fdf3b800000-7fdf3b804000 ---p 00000000 00:00 0 
7fdf3b804000-7fdf3b900000 rw-p 00000000 00:00 0 
7fdf3b900000-7fdf3b904000 ---p 00000000 00:00 0 
7fdf3b904000-7fdf3ba00000 rw-p 00000000 00:00 0 
7fdf3bb00000-7fdf3bb04000 ---p 00000000 00:00 0 
7fdf3bb04000-7fdf3bc00000 rw-p 00000000 00:00 0 
7fdf3bd00000-7fdf3bd04000 ---p 00000000 00:00 0 
7fdf3bd04000-7fdf3be00000 rw-p 00000000 00:00 0 
7fdf3bf00000-7fdf3bf04000 ---p 00000000 00:00 0 
7fdf3bf04000-7fdf3c000000 rw-p 00000000 00:00 0 
7fdf3c100000-7fdf3c104000 ---p 00000000 00:00 0 
7fdf3c104000-7fdf3c200000 rw-p 00000000 00:00 0 
7fdf3c300000-7fdf3c304000 ---p 00000000 00:00 0 
7fdf3c304000-7fdf3c400000 rw-p 00000000 00:00 0 
7fdf3c400000-7fdf3c404000 ---p 00000000 00:00 0 
7fdf3c404000-7fdf3c500000 rw-p 00000000 00:00 0 
7fdf3c500000-7fdf3c504000 ---p 00000000 00:00 0 
7fdf3c504000-7fdf3c600000 rw-p 00000000 00:00 0 
7fdf3c700000-7fdf3c704000 ---p 00000000 00:00 0 
7fdf3c704000-7fdf3c800000 rw-p 00000000 00:00 0 
7fdf3c900000-7fdf3c904000 ---p 00000000 00:00 0 
7fdf3c904000-7fdf3ca00000 rw-p 00000000 00:00 0 
7fdf3cb00000-7fdf3cb04000 ---p 00000000 00:00 0 
7fdf3cb04000-7fdf3cc00000 rw-p 00000000 00:00 0 
7fdf3cd00000-7fdf3cd04000 ---p 00000000 00:00 0 
7fdf3cd04000-7fdf3ce00000 rw-p 00000000 00:00 0 
7fdf3cf00000-7fdf3cf04000 ---p 00000000 00:00 0 
7fdf3cf04000-7fdf3d000000 rw-p 00000000 00:00 0 
7fdf3d100000-7fdf3d104000 ---p 00000000 00:00 0 
7fdf3d104000-7fdf3d200000 rw-p 00000000 00:00 0 
7fdf3d300000-7fdf3d304000 ---p 00000000 00:00 0 
7fdf3d304000-7fdf3d400000 rw-p 00000000 00:00 0 
7fdf3d500000-7fdf3d504000 ---p 00000000 00:00 0 
7fdf3d504000-7fdf3d600000 rw-p 00000000 00:00 0 
7fdf3d600000-7fdf3d604000 ---p 00000000 00:00 0 
7fdf3d604000-7fdf3d700000 rw-p 00000000 00:00 0 
7fdf3d700000-7fdf3d704000 ---p 00000000 00:00 0 
7fdf3d704000-7fdf3d800000 rw-p 00000000 00:00 0 
7fdf3d900000-7fdf3d904000 ---p 00000000 00:00 0 
7fdf3d904000-7fdf3da00000 rw-p 00000000 00:00 0 
7fdf3da00000-7fdf3da04000 ---p 00000000 00:00 0 
7fdf3da04000-7fdf3db00000 rw-p 00000000 00:00 0 
7fdf3db00000-7fdf3db04000 ---p 00000000 00:00 0 
7fdf3db04000-7fdf3dc00000 rw-p 00000000 00:00 0 
7fdf3dc00000-7fdf3fd6a000 r-xp 00000000 00:1623 4611686019135190040      /nix/store/gpxl5qgg8kicmcvivwmybwjlpf7wh20l-graalvm17-ce-22.3.0/lib/libjvmcicompiler.so
7fdf3fd6a000-7fdf3ff69000 ---p 0216a000 00:1623 4611686019135190040      /nix/store/gpxl5qgg8kicmcvivwmybwjlpf7wh20l-graalvm17-ce-22.3.0/lib/libjvmcicompiler.so
7fdf3ff69000-7fdf3ff6a000 r--p 02169000 00:1623 4611686019135190040      /nix/store/gpxl5qgg8kicmcvivwmybwjlpf7wh20l-graalvm17-ce-22.3.0/lib/libjvmcicompiler.so
7fdf3ff6a000-7fdf3ff6c000 rw-p 0216a000 00:1623 4611686019135190040      /nix/store/gpxl5qgg8kicmcvivwmybwjlpf7wh20l-graalvm17-ce-22.3.0/lib/libjvmcicompiler.so
7fdf3ff6c000-7fdf3ff6d000 rw-p 00000000 00:00 0 
7fdf3ff6d000-7fdf3ff72000 rw-p 023c3000 00:1623 4611686019135190040      /nix/store/gpxl5qgg8kicmcvivwmybwjlpf7wh20l-graalvm17-ce-22.3.0/lib/libjvmcicompiler.so
7fdf40000000-7fdf40021000 rw-p 00000000 00:00 0 
7fdf40021000-7fdf44000000 ---p 00000000 00:00 0 
7fdf44000000-7fdf44021000 rw-p 00000000 00:00 0 
7fdf44021000-7fdf48000000 ---p 00000000 00:00 0 
7fdf48000000-7fdf48021000 rw-p 00000000 00:00 0 
7fdf48021000-7fdf4c000000 ---p 00000000 00:00 0 
7fdf4c000000-7fdf4c021000 rw-p 00000000 00:00 0 
7fdf4c021000-7fdf50000000 ---p 00000000 00:00 0 
7fdf50000000-7fdf500c2000 rw-p 00000000 00:00 0 
7fdf500c2000-7fdf54000000 ---p 00000000 00:00 0 
7fdf54000000-7fdf54c0a000 rw-p 00000000 00:00 0 
7fdf54c0a000-7fdf58000000 ---p 00000000 00:00 0 
7fdf58000000-7fdf58021000 rw-p 00000000 00:00 0 
7fdf58021000-7fdf5c000000 ---p 00000000 00:00 0 
7fdf5c000000-7fdf5c021000 rw-p 00000000 00:00 0 
7fdf5c021000-7fdf60000000 ---p 00000000 00:00 0 
7fdf60000000-7fdf60021000 rw-p 00000000 00:00 0 
7fdf60021000-7fdf64000000 ---p 00000000 00:00 0 
7fdf64000000-7fdf64021000 rw-p 00000000 00:00 0 
7fdf64021000-7fdf68000000 ---p 00000000 00:00 0 
7fdf68000000-7fdf68021000 rw-p 00000000 00:00 0 
7fdf68021000-7fdf6c000000 ---p 00000000 00:00 0 
7fdf6c000000-7fdf6c021000 rw-p 00000000 00:00 0 
7fdf6c021000-7fdf70000000 ---p 00000000 00:00 0 
7fdf70000000-7fdf70064000 rw-p 00000000 00:00 0 
7fdf70064000-7fdf74000000 ---p 00000000 00:00 0 
7fdf74100000-7fdf74104000 ---p 00000000 00:00 0 
7fdf74104000-7fdf74200000 rw-p 00000000 00:00 0 
7fdf74200000-7fdf74204000 ---p 00000000 00:00 0 
7fdf74204000-7fdf74300000 rw-p 00000000 00:00 0 
7fdf74300000-7fdf74304000 ---p 00000000 00:00 0 
7fdf74304000-7fdf74400000 rw-p 00000000 00:00 0 
7fdf74500000-7fdf74504000 ---p 00000000 00:00 0 
7fdf74504000-7fdf74600000 rw-p 00000000 00:00 0 
7fdf75368000-7fdf75800000 rw-p 00000000 00:00 0 
7fdf75818000-7fdf75819000 ---p 00000000 00:00 0 
7fdf75819000-7fdf7591a000 rw-p 00000000 00:00 0 
7fdf7591a000-7fdf7591e000 ---p 00000000 00:00 0 
7fdf7591e000-7fdf75a1a000 rw-p 00000000 00:00 0 
7fdf75a1a000-7fdf75a1e000 ---p 00000000 00:00 0 
7fdf75a1e000-7fdf75b1a000 rw-p 00000000 00:00 0 
7fdf75b1a000-7fdf75b1e000 ---p 00000000 00:00 0 
7fdf75b1e000-7fdf75c1a000 rw-p 00000000 00:00 0 
7fdf75c1a000-7fdf75c1e000 ---p 00000000 00:00 0 
7fdf75c1e000-7fdf75e1a000 rw-p 00000000 00:00 0 
7fdf75e1a000-7fdf75e1e000 ---p 00000000 00:00 0 
7fdf75e1e000-7fdf7601a000 rw-p 00000000 00:00 0 
7fdf7601a000-7fdf7601e000 ---p 00000000 00:00 0 
7fdf7601e000-7fdf7611a000 rw-p 00000000 00:00 0 
7fdf7611a000-7fdf7611e000 ---p 00000000 00:00 0 
7fdf7611e000-7fdf7621a000 rw-p 00000000 00:00 0 
7fdf7621a000-7fdf7621e000 ---p 00000000 00:00 0 
7fdf7621e000-7fdf7631a000 rw-p 00000000 00:00 0 
7fdf7631a000-7fdf76600000 r--p 00000000 00:1616 28444448                 /usr/lib/locale/locale-archive
7fdf76600000-7fdf76604000 ---p 00000000 00:00 0 
7fdf76604000-7fdf76700000 rw-p 00000000 00:00 0 
7fdf76700000-7fdf76704000 ---p 00000000 00:00 0 
7fdf76704000-7fdf76c00000 rw-p 00000000 00:00 0 
7fdf76c00000-7fdf76f00000 rw-p 00000000 00:00 0 
7fdf76f00000-7fdf77000000 rw-p 00000000 00:00 0 
7fdf770df000-7fdf770e0000 ---p 00000000 00:00 0 
7fdf770e0000-7fdf771e1000 rw-p 00000000 00:00 0 
7fdf771e1000-7fdf772af000 r-xp 00000000 00:1623 4611686019135190036      /nix/store/gpxl5qgg8kicmcvivwmybwjlpf7wh20l-graalvm17-ce-22.3.0/lib/libjsvml.so
7fdf772af000-7fdf772b0000 r--p 000cd000 00:1623 4611686019135190036      /nix/store/gpxl5qgg8kicmcvivwmybwjlpf7wh20l-graalvm17-ce-22.3.0/lib/libjsvml.so
7fdf772b0000-7fdf772b1000 rw-p 000ce000 00:1623 4611686019135190036      /nix/store/gpxl5qgg8kicmcvivwmybwjlpf7wh20l-graalvm17-ce-22.3.0/lib/libjsvml.so
7fdf772b1000-7fdf774b3000 rw-p 00000000 00:00 0 
7fdf774b3000-7fdf77723000 rwxp 00000000 00:00 0 
7fdf77723000-7fdf77a42000 ---p 00000000 00:00 0 
7fdf77a42000-7fdf78a52000 rwxp 00000000 00:00 0 
7fdf78a52000-7fdf7ef7a000 ---p 00000000 00:00 0 
7fdf7ef7a000-7fdf7f1ea000 rwxp 00000000 00:00 0 
7fdf7f1ea000-7fdf864b3000 ---p 00000000 00:00 0 
7fdf864b3000-7fdf90000000 r--s 00000000 00:1623 4611686019135192581      /nix/store/gpxl5qgg8kicmcvivwmybwjlpf7wh20l-graalvm17-ce-22.3.0/lib/modules
7fdf90000000-7fdf90612000 rw-p 00000000 00:00 0 
7fdf90612000-7fdf94000000 ---p 00000000 00:00 0 
7fdf94020000-7fdf94022000 r-xp 00000000 00:1623 4611686019135190017      /nix/store/gpxl5qgg8kicmcvivwmybwjlpf7wh20l-graalvm17-ce-22.3.0/lib/libextnet.so
7fdf94022000-7fdf94023000 r--p 00001000 00:1623 4611686019135190017      /nix/store/gpxl5qgg8kicmcvivwmybwjlpf7wh20l-graalvm17-ce-22.3.0/lib/libextnet.so
7fdf94023000-7fdf94024000 rw-p 00002000 00:1623 4611686019135190017      /nix/store/gpxl5qgg8kicmcvivwmybwjlpf7wh20l-graalvm17-ce-22.3.0/lib/libextnet.so
7fdf94024000-7fdf94025000 rw-p 00004000 00:1623 4611686019135190017      /nix/store/gpxl5qgg8kicmcvivwmybwjlpf7wh20l-graalvm17-ce-22.3.0/lib/libextnet.so
7fdf94025000-7fdf94029000 ---p 00000000 00:00 0 
7fdf94029000-7fdf94047000 rw-p 00000000 00:00 0 
7fdf94047000-7fdf9404e000 r-xp 00000000 00:1623 4611686019135192580      /nix/store/gpxl5qgg8kicmcvivwmybwjlpf7wh20l-graalvm17-ce-22.3.0/lib/libzip.so
7fdf9404e000-7fdf9404f000 ---p 00007000 00:1623 4611686019135192580      /nix/store/gpxl5qgg8kicmcvivwmybwjlpf7wh20l-graalvm17-ce-22.3.0/lib/libzip.so
7fdf9404f000-7fdf94050000 r--p 00007000 00:1623 4611686019135192580      /nix/store/gpxl5qgg8kicmcvivwmybwjlpf7wh20l-graalvm17-ce-22.3.0/lib/libzip.so
7fdf94050000-7fdf94051000 rw-p 00008000 00:1623 4611686019135192580      /nix/store/gpxl5qgg8kicmcvivwmybwjlpf7wh20l-graalvm17-ce-22.3.0/lib/libzip.so
7fdf94051000-7fdf94053000 rw-p 0000b000 00:1623 4611686019135192580      /nix/store/gpxl5qgg8kicmcvivwmybwjlpf7wh20l-graalvm17-ce-22.3.0/lib/libzip.so
7fdf94053000-7fdf94068000 r-xp 00000000 00:1623 4611686019135192570      /nix/store/gpxl5qgg8kicmcvivwmybwjlpf7wh20l-graalvm17-ce-22.3.0/lib/libnet.so
7fdf94068000-7fdf94069000 ---p 00015000 00:1623 4611686019135192570      /nix/store/gpxl5qgg8kicmcvivwmybwjlpf7wh20l-graalvm17-ce-22.3.0/lib/libnet.so
7fdf94069000-7fdf9406a000 r--p 00015000 00:1623 4611686019135192570      /nix/store/gpxl5qgg8kicmcvivwmybwjlpf7wh20l-graalvm17-ce-22.3.0/lib/libnet.so
7fdf9406a000-7fdf9406b000 rw-p 00016000 00:1623 4611686019135192570      /nix/store/gpxl5qgg8kicmcvivwmybwjlpf7wh20l-graalvm17-ce-22.3.0/lib/libnet.so
7fdf9406b000-7fdf9406e000 rw-p 0001b000 00:1623 4611686019135192570      /nix/store/gpxl5qgg8kicmcvivwmybwjlpf7wh20l-graalvm17-ce-22.3.0/lib/libnet.so
7fdf9406e000-7fdf94081000 r-xp 00000000 00:1623 4611686019135192571      /nix/store/gpxl5qgg8kicmcvivwmybwjlpf7wh20l-graalvm17-ce-22.3.0/lib/libnio.so
7fdf94081000-7fdf94082000 r--p 00012000 00:1623 4611686019135192571      /nix/store/gpxl5qgg8kicmcvivwmybwjlpf7wh20l-graalvm17-ce-22.3.0/lib/libnio.so
7fdf94082000-7fdf94083000 rw-p 00013000 00:1623 4611686019135192571      /nix/store/gpxl5qgg8kicmcvivwmybwjlpf7wh20l-graalvm17-ce-22.3.0/lib/libnio.so
7fdf94083000-7fdf94088000 rw-p 00019000 00:1623 4611686019135192571      /nix/store/gpxl5qgg8kicmcvivwmybwjlpf7wh20l-graalvm17-ce-22.3.0/lib/libnio.so
7fdf94088000-7fdf9575e000 rw-p 00000000 00:00 0 
7fdf9575e000-7fdf9575f000 ---p 00000000 00:00 0 
7fdf9575f000-7fdf9590a000 rw-p 00000000 00:00 0 
7fdf9590a000-7fdf9594e000 rw-p 00000000 00:00 0 
7fdf9594e000-7fdf95960000 ---p 00000000 00:00 0 
7fdf95960000-7fdf95966000 rw-p 00000000 00:00 0 
7fdf95966000-7fdf95a4c000 ---p 00000000 00:00 0 
7fdf95a4c000-7fdf95a6d000 rw-p 00000000 00:00 0 
7fdf95a6d000-7fdf95b37000 ---p 00000000 00:00 0 
7fdf95b37000-7fdf95b3c000 rw-p 00000000 00:00 0 
7fdf95b3c000-7fdf95b43000 ---p 00000000 00:00 0 
7fdf95b43000-7fdf95b67000 r-xp 00000000 00:1623 4611686019135190028      /nix/store/gpxl5qgg8kicmcvivwmybwjlpf7wh20l-graalvm17-ce-22.3.0/lib/libjava.so
7fdf95b67000-7fdf95b68000 ---p 00024000 00:1623 4611686019135190028      /nix/store/gpxl5qgg8kicmcvivwmybwjlpf7wh20l-graalvm17-ce-22.3.0/lib/libjava.so
7fdf95b68000-7fdf95b69000 r--p 00024000 00:1623 4611686019135190028      /nix/store/gpxl5qgg8kicmcvivwmybwjlpf7wh20l-graalvm17-ce-22.3.0/lib/libjava.so
7fdf95b69000-7fdf95b6a000 rw-p 00025000 00:1623 4611686019135190028      /nix/store/gpxl5qgg8kicmcvivwmybwjlpf7wh20l-graalvm17-ce-22.3.0/lib/libjava.so
7fdf95b6a000-7fdf95b6b000 rw-p 00000000 00:00 0 
7fdf95b6b000-7fdf95b72000 rw-p 0002f000 00:1623 4611686019135190028      /nix/store/gpxl5qgg8kicmcvivwmybwjlpf7wh20l-graalvm17-ce-22.3.0/lib/libjava.so
7fdf95b72000-7fdf95b7a000 rw-s 00000000 00:1d4 350                       /tmp/hsperfdata_runner/31
7fdf95b7a000-7fdf95b7b000 ---p 00000000 00:00 0 
7fdf95b7b000-7fdf95b7c000 r--p 00000000 00:00 0 
7fdf95b7c000-7fdf95b7d000 rwxp 00000000 00:00 0 
7fdf95b7d000-7fdf95b98000 r-xp 00000000 00:1623 4611686019135190032      /nix/store/gpxl5qgg8kicmcvivwmybwjlpf7wh20l-graalvm17-ce-22.3.0/lib/libjimage.so
7fdf95b98000-7fdf95b99000 ---p 0001b000 00:1623 4611686019135190032      /nix/store/gpxl5qgg8kicmcvivwmybwjlpf7wh20l-graalvm17-ce-22.3.0/lib/libjimage.so
7fdf95b99000-7fdf95b9b000 r--p 0001b000 00:1623 4611686019135190032      /nix/store/gpxl5qgg8kicmcvivwmybwjlpf7wh20l-graalvm17-ce-22.3.0/lib/libjimage.so
7fdf95b9b000-7fdf95b9c000 rw-p 0001d000 00:1623 4611686019135190032      /nix/store/gpxl5qgg8kicmcvivwmybwjlpf7wh20l-graalvm17-ce-22.3.0/lib/libjimage.so
7fdf95b9c000-7fdf95b9d000 rw-p 00024000 00:1623 4611686019135190032      /nix/store/gpxl5qgg8kicmcvivwmybwjlpf7wh20l-graalvm17-ce-22.3.0/lib/libjimage.so
7fdf95b9d000-7fdf95ba1000 ---p 00000000 00:00 0 
7fdf95ba1000-7fdf95c9d000 rw-p 00000000 00:00 0 
7fdf95c9d000-7fdf95cab000 r--p 00000000 00:1623 4611686019027979927      /nix/store/4nlgxhb09sdr51nc9hdm8az5b08vzkgx-glibc-2.35-163/lib/libm.so.6
7fdf95cab000-7fdf95d1e000 r-xp 0000e000 00:1623 4611686019027979927      /nix/store/4nlgxhb09sdr51nc9hdm8az5b08vzkgx-glibc-2.35-163/lib/libm.so.6
7fdf95d1e000-7fdf95d7b000 r--p 00081000 00:1623 4611686019027979927      /nix/store/4nlgxhb09sdr51nc9hdm8az5b08vzkgx-glibc-2.35-163/lib/libm.so.6
7fdf95d7b000-7fdf95d7c000 r--p 000dd000 00:1623 4611686019027979927      /nix/store/4nlgxhb09sdr51nc9hdm8az5b08vzkgx-glibc-2.35-163/lib/libm.so.6
7fdf95d7c000-7fdf95d7d000 rw-p 000de000 00:1623 4611686019027979927      /nix/store/4nlgxhb09sdr51nc9hdm8az5b08vzkgx-glibc-2.35-163/lib/libm.so.6
7fdf95d7d000-7fdf95d7e000 r--p 00000000 00:1623 4611686019027979946      /nix/store/4nlgxhb09sdr51nc9hdm8az5b08vzkgx-glibc-2.35-163/lib/librt.so.1
7fdf95d7e000-7fdf95d7f000 r-xp 00001000 00:1623 4611686019027979946      /nix/store/4nlgxhb09sdr51nc9hdm8az5b08vzkgx-glibc-2.35-163/lib/librt.so.1
7fdf95d7f000-7fdf95d80000 r--p 00002000 00:1623 4611686019027979946      /nix/store/4nlgxhb09sdr51nc9hdm8az5b08vzkgx-glibc-2.35-163/lib/librt.so.1
7fdf95d80000-7fdf95d81000 r--p 00002000 00:1623 4611686019027979946      /nix/store/4nlgxhb09sdr51nc9hdm8az5b08vzkgx-glibc-2.35-163/lib/librt.so.1
7fdf95d81000-7fdf95d82000 rw-p 00003000 00:1623 4611686019027979946      /nix/store/4nlgxhb09sdr51nc9hdm8az5b08vzkgx-glibc-2.35-163/lib/librt.so.1
7fdf95d82000-7fdf96e95000 r-xp 00000000 00:1623 4611686019135360866      /nix/store/gpxl5qgg8kicmcvivwmybwjlpf7wh20l-graalvm17-ce-22.3.0/lib/server/libjvm.so
7fdf96e95000-7fdf96e96000 ---p 01113000 00:1623 4611686019135360866      /nix/store/gpxl5qgg8kicmcvivwmybwjlpf7wh20l-graalvm17-ce-22.3.0/lib/server/libjvm.so
7fdf96e96000-7fdf96f4b000 r--p 01113000 00:1623 4611686019135360866      /nix/store/gpxl5qgg8kicmcvivwmybwjlpf7wh20l-graalvm17-ce-22.3.0/lib/server/libjvm.so
7fdf96f4b000-7fdf96f7f000 rw-p 011c8000 00:1623 4611686019135360866      /nix/store/gpxl5qgg8kicmcvivwmybwjlpf7wh20l-graalvm17-ce-22.3.0/lib/server/libjvm.so
7fdf96f7f000-7fdf96fdb000 rw-p 00000000 00:00 0 
7fdf96fdb000-7fdf97003000 r--p 00000000 00:1623 4611686019027979918      /nix/store/4nlgxhb09sdr51nc9hdm8az5b08vzkgx-glibc-2.35-163/lib/libc.so.6
7fdf97003000-7fdf97179000 r-xp 00028000 00:1623 4611686019027979918      /nix/store/4nlgxhb09sdr51nc9hdm8az5b08vzkgx-glibc-2.35-163/lib/libc.so.6
7fdf97179000-7fdf971d1000 r--p 0019e000 00:1623 4611686019027979918      /nix/store/4nlgxhb09sdr51nc9hdm8az5b08vzkgx-glibc-2.35-163/lib/libc.so.6
7fdf971d1000-7fdf971d5000 r--p 001f6000 00:1623 4611686019027979918      /nix/store/4nlgxhb09sdr51nc9hdm8az5b08vzkgx-glibc-2.35-163/lib/libc.so.6
7fdf971d5000-7fdf971d7000 rw-p 001fa000 00:1623 4611686019027979918      /nix/store/4nlgxhb09sdr51nc9hdm8az5b08vzkgx-glibc-2.35-163/lib/libc.so.6
7fdf971d7000-7fdf971e6000 rw-p 00000000 00:00 0 
7fdf971e6000-7fdf971e7000 r--p 00000000 00:1623 4611686019027979923      /nix/store/4nlgxhb09sdr51nc9hdm8az5b08vzkgx-glibc-2.35-163/lib/libdl.so.2
7fdf971e7000-7fdf971e8000 r-xp 00001000 00:1623 4611686019027979923      /nix/store/4nlgxhb09sdr51nc9hdm8az5b08vzkgx-glibc-2.35-163/lib/libdl.so.2
7fdf971e8000-7fdf971e9000 r--p 00002000 00:1623 4611686019027979923      /nix/store/4nlgxhb09sdr51nc9hdm8az5b08vzkgx-glibc-2.35-163/lib/libdl.so.2
7fdf971e9000-7fdf971ea000 r--p 00002000 00:1623 4611686019027979923      /nix/store/4nlgxhb09sdr51nc9hdm8az5b08vzkgx-glibc-2.35-163/lib/libdl.so.2
7fdf971ea000-7fdf971eb000 rw-p 00003000 00:1623 4611686019027979923      /nix/store/4nlgxhb09sdr51nc9hdm8az5b08vzkgx-glibc-2.35-163/lib/libdl.so.2
7fdf971eb000-7fdf971ec000 r--p 00000000 00:1623 4611686019027979942      /nix/store/4nlgxhb09sdr51nc9hdm8az5b08vzkgx-glibc-2.35-163/lib/libpthread.so.0
7fdf971ec000-7fdf971ed000 r-xp 00001000 00:1623 4611686019027979942      /nix/store/4nlgxhb09sdr51nc9hdm8az5b08vzkgx-glibc-2.35-163/lib/libpthread.so.0
7fdf971ed000-7fdf971ee000 r--p 00002000 00:1623 4611686019027979942      /nix/store/4nlgxhb09sdr51nc9hdm8az5b08vzkgx-glibc-2.35-163/lib/libpthread.so.0
7fdf971ee000-7fdf971ef000 r--p 00002000 00:1623 4611686019027979942      /nix/store/4nlgxhb09sdr51nc9hdm8az5b08vzkgx-glibc-2.35-163/lib/libpthread.so.0
7fdf971ef000-7fdf971f0000 rw-p 00003000 00:1623 4611686019027979942      /nix/store/4nlgxhb09sdr51nc9hdm8az5b08vzkgx-glibc-2.35-163/lib/libpthread.so.0
7fdf971f0000-7fdf971fe000 r-xp 00000000 00:1623 4611686019135190033      /nix/store/gpxl5qgg8kicmcvivwmybwjlpf7wh20l-graalvm17-ce-22.3.0/lib/libjli.so
7fdf971fe000-7fdf971ff000 ---p 0000e000 00:1623 4611686019135190033      /nix/store/gpxl5qgg8kicmcvivwmybwjlpf7wh20l-graalvm17-ce-22.3.0/lib/libjli.so
7fdf971ff000-7fdf97200000 r--p 0000e000 00:1623 4611686019135190033      /nix/store/gpxl5qgg8kicmcvivwmybwjlpf7wh20l-graalvm17-ce-22.3.0/lib/libjli.so
7fdf97200000-7fdf97201000 rw-p 0000f000 00:1623 4611686019135190033      /nix/store/gpxl5qgg8kicmcvivwmybwjlpf7wh20l-graalvm17-ce-22.3.0/lib/libjli.so
7fdf97201000-7fdf97202000 rw-p 00012000 00:1623 4611686019135190033      /nix/store/gpxl5qgg8kicmcvivwmybwjlpf7wh20l-graalvm17-ce-22.3.0/lib/libjli.so
7fdf97202000-7fdf97205000 r--p 00000000 00:1623 4611686019106210071      /nix/store/026hln0aq1hyshaxsdvhg0kmcm6yf45r-zlib-1.2.13/lib/libz.so.1.2.13
7fdf97205000-7fdf97217000 r-xp 00003000 00:1623 4611686019106210071      /nix/store/026hln0aq1hyshaxsdvhg0kmcm6yf45r-zlib-1.2.13/lib/libz.so.1.2.13
7fdf97217000-7fdf9721e000 r--p 00015000 00:1623 4611686019106210071      /nix/store/026hln0aq1hyshaxsdvhg0kmcm6yf45r-zlib-1.2.13/lib/libz.so.1.2.13
7fdf9721e000-7fdf9721f000 r--p 0001b000 00:1623 4611686019106210071      /nix/store/026hln0aq1hyshaxsdvhg0kmcm6yf45r-zlib-1.2.13/lib/libz.so.1.2.13
7fdf9721f000-7fdf97220000 rw-p 0001c000 00:1623 4611686019106210071      /nix/store/026hln0aq1hyshaxsdvhg0kmcm6yf45r-zlib-1.2.13/lib/libz.so.1.2.13
7fdf97220000-7fdf97222000 rw-p 00000000 00:00 0 
7fdf97222000-7fdf97224000 r--p 00000000 00:1623 4611686019027979912      /nix/store/4nlgxhb09sdr51nc9hdm8az5b08vzkgx-glibc-2.35-163/lib/ld-linux-x86-64.so.2
7fdf97224000-7fdf9724b000 r-xp 00002000 00:1623 4611686019027979912      /nix/store/4nlgxhb09sdr51nc9hdm8az5b08vzkgx-glibc-2.35-163/lib/ld-linux-x86-64.so.2
7fdf9724b000-7fdf97257000 r--p 00029000 00:1623 4611686019027979912      /nix/store/4nlgxhb09sdr51nc9hdm8az5b08vzkgx-glibc-2.35-163/lib/ld-linux-x86-64.so.2
7fdf97257000-7fdf97259000 r--p 00034000 00:1623 4611686019027979912      /nix/store/4nlgxhb09sdr51nc9hdm8az5b08vzkgx-glibc-2.35-163/lib/ld-linux-x86-64.so.2
7fdf97259000-7fdf9725b000 rw-p 00036000 00:1623 4611686019027979912      /nix/store/4nlgxhb09sdr51nc9hdm8az5b08vzkgx-glibc-2.35-163/lib/ld-linux-x86-64.so.2
7fff70417000-7fff7043b000 rw-p 00000000 00:00 0                          [stack]
7fff70550000-7fff70554000 r--p 00000000 00:00 0                          [vvar]
7fff70554000-7fff70556000 r-xp 00000000 00:00 0                          [vdso]
ffffffffff600000-ffffffffff601000 --xp 00000000 00:00 0                  [vsyscall]


VM Arguments:
jvm_args: -XX:ThreadPriorityPolicy=1 -XX:+UnlockExperimentalVMOptions -XX:+EnableJVMCIProduct -XX:JVMCIThreadsPerNativeLibraryRuntime=1 -XX:-UnlockExperimentalVMOptions -Declipse.application=org.eclipse.jdt.ls.core.id1 -Dosgi.bundles.defaultStartLevel=4 -Declipse.product=org.eclipse.jdt.ls.core.product -Dlog.level=ALL -Xverify:none -XX:+UseParallelGC -XX:GCTimeRatio=4 -XX:AdaptiveSizePolicyWeight=90 -Dsun.zip.disableMemoryMapping=true -Xmx512m -Xms100m 
java_command: /nix/store/m6gcpi1ii6rghy04cjwjddcavv7i90df-jdt-language-server-1.9.0/share/java/plugins/org.eclipse.equinox.launcher_1.6.400.v20210924-0641.jar --add-modules=ALL-SYSTEM --add-opens java.base/java.util=ALL-UNNAMED --add-opens java.base/java.lang=ALL-UNNAMED -configuration /home/runner/.cache/jdt-language-server/config -data /home/runner/.cache/jdt-language-server/data/home/runner/31
java_class_path (initial): /nix/store/m6gcpi1ii6rghy04cjwjddcavv7i90df-jdt-language-server-1.9.0/share/java/plugins/org.eclipse.equinox.launcher_1.6.400.v20210924-0641.jar
Launcher Type: SUN_STANDARD

[Global flags]
    uintx AdaptiveSizePolicyWeight                 = 90                                        {product} {command line}
     intx CICompilerCount                          = 2                                         {product} {ergonomic}
     bool EnableJVMCIProduct                       = true                                {JVMCI product} {jimage}
    uintx GCTimeRatio                              = 4                                         {product} {command line}
   size_t InitialHeapSize                          = 104857600                                 {product} {command line}
     uint JVMCIThreadsPerNativeLibraryRuntime      = 1                                   {JVMCI product} {jimage}
   size_t MaxHeapSize                              = 536870912                                 {product} {command line}
   size_t MaxNewSize                               = 178782208                                 {product} {ergonomic}
   size_t MinHeapDeltaBytes                        = 524288                                    {product} {ergonomic}
   size_t MinHeapSize                              = 104857600                                 {product} {command line}
   size_t NewSize                                  = 34603008                                  {product} {ergonomic}
    uintx NonNMethodCodeHeapSize                   = 5826188                                {pd product} {ergonomic}
    uintx NonProfiledCodeHeapSize                  = 122916026                              {pd product} {ergonomic}
   size_t OldSize                                  = 70254592                                  {product} {ergonomic}
    uintx ProfiledCodeHeapSize                     = 122916026                              {pd product} {ergonomic}
    uintx ReservedCodeCacheSize                    = 251658240                              {pd product} {ergonomic}
     bool SegmentedCodeCache                       = true                                      {product} {ergonomic}
   size_t SoftMaxHeapSize                          = 536870912                              {manageable} {ergonomic}
     intx ThreadPriorityPolicy                     = 1                                         {product} {jimage}
     bool UseCompressedClassPointers               = true                           {product lp64_product} {ergonomic}
     bool UseCompressedOops                        = true                           {product lp64_product} {ergonomic}
     bool UseParallelGC                            = true                                      {product} {command line}

Logging:
Log output configuration:
 #0: stdout all=warning uptime,level,tags
 #1: stderr all=off uptime,level,tags

Environment Variables:
JAVA_HOME=/nix/store/gpxl5qgg8kicmcvivwmybwjlpf7wh20l-graalvm17-ce-22.3.0
PATH=/nix/store/1d6ian3r8kdzspw8hacjhl3xkp40g1lj-binutils-wrapper-2.39/bin:/nix/store/dq0xwmsk1g0i2ayg6pb7y87na2knzylh-gcc-wrapper-11.3.0/bin:/nix/store/bap4d0lpcrhpwmpb8ayjcgkmvfj62lnq-bash-interactive-5.1-p16/bin:/nix/store/pr5n59mb4jzmfx6kanwxly0l07p861fg-patchelf-0.15.0/bin:/nix/store/1gf2flfqnpqbr1b4p4qz2f72y42bs56r-gcc-11.3.0/bin:/nix/store/57xv61c5zi8pphjbcwxxjlgc34p61ic9-glibc-2.35-163-bin/bin:/nix/store/a7gvj343m05j2s32xcnwr35v31ynlypr-coreutils-9.1/bin:/nix/store/039g378vc3pc3dvi9dzdlrd0i4q93qwf-binutils-2.39/bin:/nix/store/gpxl5qgg8kicmcvivwmybwjlpf7wh20l-graalvm17-ce-22.3.0/bin:/nix/store/6z9ag3ihc8mq2hzsw48lhbznvzny65nz-apache-maven-3.8.6/bin:/nix/store/m6gcpi1ii6rghy04cjwjddcavv7i90df-jdt-language-server-1.9.0/bin:/nix/store/84xs5alhs01zrbr4ywm05kxbjbp5590l-java-debug/bin:/nix/store/mydc6f4k2z73xlcz7ilif3v2lcaiqvza-findutils-4.9.0/bin:/nix/store/j9p3g8472iijd50vhdprx0nmk2fqn5gv-diffutils-3.8/bin:/nix/store/89zs7rms6x00xfq4dq6m7mjnhkr8a6r4-gnused-4.8/bin:/nix/store/86bp03jkmsl6f92w0yzg4s59g5mhxwmy-gnugrep-3.7/bin:/nix/store/hwcdqw4jrjnd37wxqgsd47hd0j8bnj09-gawk-5.1.1/bin:/nix/store/cfbhw8r8ags41vwqaz47r583d0p4h4a1-gnutar-1.34/bin:/nix/store/p3m1ndl1lapwrlh698bnb5lvvxh67378-gzip-1.12/bin:/nix/store/a8mhcagrsly7c7mpjrpsnaahk4aax056-bzip2-1.0.8-bin/bin:/nix/store/mblgz65m3zv9x548a3d5m96fj2pbwr09-gnumake-4.3/bin:/nix/store/dsd5gz46hdbdk2rfdimqddhq6m8m8fqs-bash-5.1-p16/bin:/nix/store/v7ljksji50mg3w61dykaa3n3y79n6nil-patch-2.7.6/bin:/nix/store/zlcnmqq14jz5x9439jf937mvayyl63da-xz-5.2.7-bin/bin:/nix/store/y6aj732zm9m87c82fpvf103a1xb22blp-file-5.43/bin:/nix/store/sgqd0ajghcv2axfl1lad0b1alyavp0dc-prybar-elisp-0.0.0-67f7a00/bin:/nix/store/p3hsvljpgs68jqwar41lc0jqhjj734lf-prybar-lua-0.0.0-67f7a00/bin:/nix/store/qzxs2gybds3s9kb1vkaflpgm2nwr85fh-prybar-python3-0.0.0-67f7a00/bin:/nix/store/km94z9mxp8w4m8gxxp5mbfpdf3nkfvd8-prybar-sqlite-0.0.0-67f7a00/bin:/nix/store/2pnc7b76asw0z59c4l6h6qy8arwqrii1-prybar-tcl-0.0.0-67f7a00/bin:/nix/store/hpbvrlwd5viqmvcaisb3x0118i913a9n-st
LD_LIBRARY_PATH=/nix/store/a4pff549sk2idnkpzk5nsfps3mdkdnvm-cups-2.4.2-lib/lib:/nix/store/72mqxxhh3cy5yifh92wh2yb8cl2hikyy-cairo-1.16.0/lib:/nix/store/2k366jrbsra97gjfxwvrhvixjfxdach5-glib-2.74.1/lib:/nix/store/2j2znigd8ak37rlwh9khz0ry3clqlw1l-gtk+3-3.24.34/lib:/nix/store/hisqvx32cd57apbpcsnkpx6k3549wql1-libglvnd-1.4.0/lib:/nix/store/p36pgcv991mq5srvg765b78yqpxvk3qs-mesa-21.3.3-drivers/lib:/nix/store/mav4251if1ahjq5vkpwycyyvnmy459c4-pulseaudio-14.2/lib
DISPLAY=:0
LANG=en_US.UTF-8

Signal Handlers:
   SIGSEGV: crash_handler in libjvm.so, mask=11100100010111111101111111111110, flags=SA_RESTART|SA_SIGINFO
    SIGBUS: crash_handler in libjvm.so, mask=11100100010111111101111111111110, flags=SA_RESTART|SA_SIGINFO
    SIGFPE: crash_handler in libjvm.so, mask=11100100010111111101111111111110, flags=SA_RESTART|SA_SIGINFO
   SIGPIPE: IsolateEnterStub_IgnoreSIGPIPEStartupHook_noopSignalHandler_8f19bff2f35b5f630d83b364d6b2339320d4ec70_216e8361c6bc87a8f89f58cc10d3b2fd4415bf87 in libjvmcicompiler.so, mask=00000000000000000000000000000000, flags=SA_RESTART
  *** Handler was modified!
  *** Expected: javaSignalHandler in libjvm.so, mask=11100100110111111111111111111110, flags=SA_RESTART|SA_SIGINFO
   SIGXFSZ: javaSignalHandler in libjvm.so, mask=11100100010111111101111111111110, flags=SA_RESTART|SA_SIGINFO
    SIGILL: crash_handler in libjvm.so, mask=11100100010111111101111111111110, flags=SA_RESTART|SA_SIGINFO
   SIGUSR2: SR_handler in libjvm.so, mask=00000000000000000000000000000000, flags=SA_RESTART|SA_SIGINFO
    SIGHUP: UserHandler in libjvm.so, mask=11100100010111111101111111111110, flags=SA_RESTART|SA_SIGINFO
    SIGINT: UserHandler in libjvm.so, mask=11100100010111111101111111111110, flags=SA_RESTART|SA_SIGINFO
   SIGTERM: UserHandler in libjvm.so, mask=11100100010111111101111111111110, flags=SA_RESTART|SA_SIGINFO
   SIGQUIT: UserHandler in libjvm.so, mask=11100100010111111101111111111110, flags=SA_RESTART|SA_SIGINFO
  *** Handler was modified!
  *** Expected: javaSignalHandler in libjvm.so, mask=11100100110111111111111111111110, flags=SA_RESTART|SA_SIGINFO
   SIGTRAP: crash_handler in libjvm.so, mask=11100100010111111101111111111110, flags=SA_RESTART|SA_SIGINFO


---------------  S Y S T E M  ---------------

OS:
DISTRIB_ID=Ubuntu
DISTRIB_RELEASE=20.04
DISTRIB_CODENAME=focal
DISTRIB_DESCRIPTION="Ubuntu 20.04.2 LTS"
uname: Linux 5.15.0-1030-gcp #37~20.04.1-Ubuntu SMP Mon Feb 20 04:30:57 UTC 2023 x86_64
OS uptime: 0 days 3:23 hours
libc: glibc 2.35 NPTL 2.35 
rlimit (soft/hard): STACK 8192k/infinity , CORE infinity/infinity , NPROC infinity/infinity , NOFILE 5242/5242 , AS infinity/infinity , CPU infinity/infinity , DATA infinity/infinity , FSIZE infinity/infinity , MEMLOCK 64k/64k
load average: 18.89 15.02 13.49

/proc/meminfo:
MemTotal:       65852728 kB
MemFree:        31630776 kB
MemAvailable:   47606332 kB
Buffers:         1957512 kB
Cached:         13209592 kB
SwapCached:            0 kB
Active:          6959976 kB
Inactive:       23441316 kB
Active(anon):      14372 kB
Inactive(anon): 14984836 kB
Active(file):    6945604 kB
Inactive(file):  8456480 kB
Unevictable:       43236 kB
Mlocked:           43236 kB
SwapTotal:             0 kB
SwapFree:              0 kB
Dirty:              2048 kB
Writeback:             0 kB
AnonPages:      14604908 kB
Mapped:          1982944 kB
Shmem:            114592 kB
KReclaimable:    1300072 kB
Slab:            2360676 kB
SReclaimable:    1300072 kB
SUnreclaim:      1060604 kB
KernelStack:      400080 kB
PageTables:       171780 kB
NFS_Unstable:          0 kB
Bounce:                0 kB
WritebackTmp:          0 kB
CommitLimit:    32926364 kB
Committed_AS:   63465504 kB
VmallocTotal:   34359738367 kB
VmallocUsed:      434168 kB
VmallocChunk:          0 kB
Percpu:            52192 kB
HardwareCorrupted:     0 kB
AnonHugePages:   1327104 kB
ShmemHugePages:        0 kB
ShmemPmdMapped:        0 kB
FileHugePages:         0 kB
FilePmdMapped:         0 kB
HugePages_Total:       0
HugePages_Free:        0
HugePages_Rsvd:        0
HugePages_Surp:        0
Hugepagesize:       2048 kB
Hugetlb:               0 kB
DirectMap4k:     3699520 kB
DirectMap2M:    36143104 kB
DirectMap1G:    29360128 kB

/sys/kernel/mm/transparent_hugepage/enabled: always [madvise] never
/sys/kernel/mm/transparent_hugepage/defrag (defrag/compaction efforts parameter): always defer defer+madvise [madvise] never

Process Memory:
Virtual Size: 5321340K (peak: 5354300K)
Resident Set Size: 806632K (peak: 839048K) (anon: 610292K, file: 196340K, shmem: 0K)
Swapped out: 0K
C-Heap outstanding allocations: 44297K, retained: 15110K
glibc malloc tunables: (default)

/proc/sys/kernel/threads-max (system-wide limit on the number of threads): 514406
/proc/sys/vm/max_map_count (maximum number of memory map areas a process may have): 65530
/proc/sys/kernel/pid_max (system-wide limit on number of process identifiers): 4194304

container (cgroup) information:
container_type: cgroupv1
cpu_cpuset_cpus: 2-7
cpu_memory_nodes: 0
active_processor_count: 1
cpu_quota: 50000
cpu_period: 100000
cpu_shares: 512
memory_limit_in_bytes: 1048576 k
memory_and_swap_limit_in_bytes: 1048576 k
memory_soft_limit_in_bytes: 524288 k
memory_usage_in_bytes: 681292 k
memory_max_usage_in_bytes: 729612 k
maximum number of tasks: 1000
current number of tasks: 61

KVM virtualization detected
Steal ticks since vm start: 0
Steal ticks percentage since vm start:  0.000

CPU: total 8 (initial active 1) (8 cores per cpu, 2 threads per core) family 23 model 49 stepping 0 microcode 0xffffffff, cx8, cmov, fxsr, ht, mmx, 3dnowpref, sse, sse2, sse3, ssse3, sse4a, sse4.1, sse4.2, popcnt, lzcnt, tsc, tscinvbit, avx, avx2, aes, clmul, bmi1, bmi2, adx, sha, fma, vzeroupper, clflush, clflushopt, hv
CPU Model and flags from /proc/cpuinfo:
model name	: AMD EPYC 7B12
flags		: fpu vme de pse tsc msr pae mce cx8 apic sep mtrr pge mca cmov pat pse36 clflush mmx fxsr sse sse2 ht syscall nx mmxext fxsr_opt pdpe1gb rdtscp lm constant_tsc rep_good nopl nonstop_tsc cpuid extd_apicid tsc_known_freq pni pclmulqdq ssse3 fma cx16 sse4_1 sse4_2 movbe popcnt aes xsave avx f16c rdrand hypervisor lahf_lm cmp_legacy cr8_legacy abm sse4a misalignsse 3dnowprefetch osvw topoext ssbd ibrs ibpb stibp vmmcall fsgsbase tsc_adjust bmi1 avx2 smep bmi2 rdseed adx smap clflushopt clwb sha_ni xsaveopt xsavec xgetbv1 clzero xsaveerptr arat npt nrip_save umip rdpid

Online cpus: 0-7
Offline cpus: 
BIOS frequency limitation: <Not Available>
Frequency switch latency (ns): <Not Available>
Available cpu frequencies: <Not Available>
Current governor: <Not Available>
Core performance/turbo boost: <Not Available>

Memory: 4k page, physical 1048576k(367400k free), swap 0k(0k free)
Page Sizes: 4k

vm_info: OpenJDK 64-Bit Server VM (17.0.5+8-jvmci-22.3-b08) for linux-amd64 JRE (17.0.5+8-jvmci-22.3-b08), built on Oct 19 2022 09:01:27 by "buildslave" with gcc 10.3.0

END.
