#
# A fatal error has been detected by the Java Runtime Environment:
#
#  Internal Error (jvmciRuntime.cpp:1609), pid=9163, tid=9178
#  fatal error: Fatal exception in JVMCI: Error calling jdk.vm.ci.services.Services.serializeSavedProperties
#
# JRE version: OpenJDK Runtime Environment GraalVM CE 22.3.0 (17.0.5+8) (build 17.0.5+8-jvmci-22.3-b08)
# Java VM: OpenJDK 64-Bit Server VM GraalVM CE 22.3.0 (17.0.5+8-jvmci-22.3-b08, mixed mode, sharing, tiered, jvmci, jvmci compiler, compressed oops, compressed class ptrs, parallel gc, linux-amd64)
# Problematic frame:
# V  [libjvm.so+0x972714]  JVMCIRuntime::fatal_exception(JVMCIEnv*, char const*)+0x74
#
# Core dump will be written. Default location: Core dumps may be processed with "/usr/share/apport/apport -p%p -s%s -c%c -d%d -P%P -u%u -g%g -- %E" (or dumping to /home/runner/31/core.9163)
#
# If you would like to submit a bug report, please visit:
#   https://github.com/oracle/graal/issues
#

---------------  S U M M A R Y ------------

Command Line: -XX:ThreadPriorityPolicy=1 -XX:+UnlockExperimentalVMOptions -XX:+EnableJVMCIProduct -XX:JVMCIThreadsPerNativeLibraryRuntime=1 -XX:-UnlockExperimentalVMOptions -Declipse.application=org.eclipse.jdt.ls.core.id1 -Dosgi.bundles.defaultStartLevel=4 -Declipse.product=org.eclipse.jdt.ls.core.product -Dlog.level=ALL -Xverify:none -XX:+UseParallelGC -XX:GCTimeRatio=4 -XX:AdaptiveSizePolicyWeight=90 -Dsun.zip.disableMemoryMapping=true -Xmx512m -Xms100m /nix/store/m6gcpi1ii6rghy04cjwjddcavv7i90df-jdt-language-server-1.9.0/share/java/plugins/org.eclipse.equinox.launcher_1.6.400.v20210924-0641.jar --add-modules=ALL-SYSTEM --add-opens java.base/java.util=ALL-UNNAMED --add-opens java.base/java.lang=ALL-UNNAMED -configuration /home/runner/.cache/jdt-language-server/config -data /home/runner/.cache/jdt-language-server/data/home/runner/31

Host: AMD EPYC 7B12, 8 cores, 1G, Ubuntu 20.04.2 LTS
Time: Thu Mar  9 17:34:53 2023 UTC elapsed time: 473.701214 seconds (0d 0h 7m 53s)

---------------  T H R E A D  ---------------

Current thread (0x00007fd7180b21b0):  JavaThread "JVMCI-native CompilerThread0" daemon [_thread_in_vm, id=9178, stack(0x00007fd6fce1a000,0x00007fd6fd01a000)]


Current CompileTask:
JVMCI-native: 473702 8607       4       com.google.gson.stream.JsonReader::nextNonWhitespace (354 bytes)

Stack: [0x00007fd6fce1a000,0x00007fd6fd01a000],  sp=0x00007fd6fd018380,  free space=2040k
Native frames: (J=compiled Java code, j=interpreted, Vv=VM code, C=native code)
V  [libjvm.so+0x972714]  JVMCIRuntime::fatal_exception(JVMCIEnv*, char const*)+0x74
V  [libjvm.so+0x93e2fe]  JVMCIEnv::copy_saved_properties()+0x14e
V  [libjvm.so+0x9732a9]  JVMCIRuntime::initialize(JVMCIEnv*)+0xb19
V  [libjvm.so+0x9738a2]  JVMCIRuntime::get_HotSpotJVMCIRuntime(JVMCIEnv*)+0x12
V  [libjvm.so+0x9749f2]  JVMCIRuntime::compile_method(JVMCIEnv*, JVMCICompiler*, methodHandle const&, int)+0xd2
V  [libjvm.so+0x5b0d20]  CompileBroker::invoke_compiler_on_method(CompileTask*)+0x1470
V  [libjvm.so+0x5b12e8]  CompileBroker::compiler_thread_loop()+0x528
V  [libjvm.so+0xd82460]  JavaThread::thread_main_inner()+0xd0
V  [libjvm.so+0xd85a40]  Thread::call_run()+0xc0
V  [libjvm.so+0xbdb1e1]  thread_native_entry(Thread*)+0xe1

Register to memory mapping:

RAX=0x00007fd71cb1a000 points into unknown readable memory: 0x0000000000000058 | 58 00 00 00 00 00 00 00
RBX=0x00007fd71dc15398: <offset 0x0000000000ef5398> in /nix/store/gpxl5qgg8kicmcvivwmybwjlpf7wh20l-graalvm17-ce-22.3.0/lib/server/libjvm.so at 0x00007fd71cd20000
RCX=0x00007fd71dbcd1e8: <offset 0x0000000000ead1e8> in /nix/store/gpxl5qgg8kicmcvivwmybwjlpf7wh20l-graalvm17-ce-22.3.0/lib/server/libjvm.so at 0x00007fd71cd20000
RDX=0x0000000000000649 is an unknown value
RSP=0x00007fd6fd018380 is pointing into the stack for thread: 0x00007fd7180b21b0
RBP=0x00007fd6fd0183a0 is pointing into the stack for thread: 0x00007fd7180b21b0
RSI=0x00007fd71dc15c48: <offset 0x0000000000ef5c48> in /nix/store/gpxl5qgg8kicmcvivwmybwjlpf7wh20l-graalvm17-ce-22.3.0/lib/server/libjvm.so at 0x00007fd71cd20000
RDI=0x00000000e0000000 is an oop: [Ljava.util.HashMap$Node; 
{0x00000000e0000000} - klass: 'java/util/HashMap$Node'[]
 - length: 2
R8 =0x00007fd71dc15398: <offset 0x0000000000ef5398> in /nix/store/gpxl5qgg8kicmcvivwmybwjlpf7wh20l-graalvm17-ce-22.3.0/lib/server/libjvm.so at 0x00007fd71cd20000
R9 =0x00007fd6fd018330 is pointing into the stack for thread: 0x00007fd7180b21b0
R10=0x00007fd6fd019948 is pointing into the stack for thread: 0x00007fd7180b21b0
R11=0x0000000000000293 is an unknown value
R12=0x0 is NULL
R13=0x00007fd7180b21b0 is a thread
R14=0x00007fd718000b80 points into unknown readable memory: 0x00007fd71de46a38 | 38 6a e4 1d d7 7f 00 00
R15=0x00007fd71df54e40: <offset 0x0000000001234e40> in /nix/store/gpxl5qgg8kicmcvivwmybwjlpf7wh20l-graalvm17-ce-22.3.0/lib/server/libjvm.so at 0x00007fd71cd20000


Registers:
RAX=0x00007fd71cb1a000, RBX=0x00007fd71dc15398, RCX=0x00007fd71dbcd1e8, RDX=0x0000000000000649
RSP=0x00007fd6fd018380, RBP=0x00007fd6fd0183a0, RSI=0x00007fd71dc15c48, RDI=0x00000000e0000000
R8 =0x00007fd71dc15398, R9 =0x00007fd6fd018330, R10=0x00007fd6fd019948, R11=0x0000000000000293
R12=0x0000000000000000, R13=0x00007fd7180b21b0, R14=0x00007fd718000b80, R15=0x00007fd71df54e40
RIP=0x00007fd71d692714, EFLAGS=0x0000000000010206, CSGSFS=0x002b000000000033, ERR=0x0000000000000006
  TRAPNO=0x000000000000000e

Top of Stack: (sp=0x00007fd6fd018380)
0x00007fd6fd018380:   00007fd6fd018940 00007fd7180b21b0
0x00007fd6fd018390:   00007fd71c4ab8c8 0000000800c417a0
0x00007fd6fd0183a0:   00007fd6fd018500 00007fd71d65e2fe
0x00007fd6fd0183b0:   00007fd6fd0183e0 00007fd6fd018440 

Instructions: (pc=0x00007fd71d692714)
0x00007fd71d692614:   30 e8 f6 cf e8 ff 4c 89 e7 e8 2e 48 d1 ff 84 db
0x00007fd71d692624:   75 2a 4d 85 ed 74 04 4d 8b 6d 00 48 83 c4 08 44
0x00007fd71d692634:   89 f9 4c 89 f2 4c 89 ee 5b 4c 89 e7 41 5c 41 5d
0x00007fd71d692644:   41 5e 41 5f 5d e9 e2 47 d1 ff 66 90 48 83 c4 08
0x00007fd71d692654:   5b 41 5c 41 5d 41 5e 41 5f 5d c3 90 31 d2 be 08
0x00007fd71d692664:   00 00 00 4c 89 ff e8 b1 78 a3 ff 49 89 c5 e9 37
0x00007fd71d692674:   ff ff ff 66 0f 1f 84 00 00 00 00 00 48 8b 7a 08
0x00007fd71d692684:   e9 6d ff ff ff 0f 1f 80 00 00 00 00 e8 5b 48 0a
0x00007fd71d692694:   00 84 c0 75 89 e9 6a ff ff ff 66 90 55 48 89 e5
0x00007fd71d6926a4:   41 56 41 55 41 54 49 89 fc 53 48 89 f3 66 48 8d
0x00007fd71d6926b4:   3d 27 5e 85 00 66 66 48 e8 df 43 8d ff 4c 8b 28
0x00007fd71d6926c4:   8b 05 be 72 8a 00 85 c0 75 14 ba 01 00 00 00 48
0x00007fd71d6926d4:   8d 0d ae 72 8a 00 f0 0f b1 11 85 c0 74 4e be c8
0x00007fd71d6926e4:   00 00 00 4c 89 ef e8 01 0b 41 00 48 8d 05 12 ac
0x00007fd71d6926f4:   85 00 49 89 d8 48 8d 0d e8 aa 53 00 ba 49 06 00
0x00007fd71d692704:   00 48 8d 35 3c 35 58 00 bf 00 00 00 e0 48 8b 00
0x00007fd71d692714:   c6 00 58 31 c0 e8 e2 91 c6 ff 5b 41 5c 41 5d 41
0x00007fd71d692724:   5e 5d e9 55 34 26 00 0f 1f 44 00 00 48 8d 05 81
0x00007fd71d692734:   a3 8b 00 48 89 df 4c 8b 30 e8 9e 43 8d ff 48 89
0x00007fd71d692744:   de 48 89 c2 49 8b 06 4c 89 f7 ff 50 08 4c 89 f7
0x00007fd71d692754:   e8 a7 5c 27 00 4d 85 e4 74 12 be 01 00 00 00 4c
0x00007fd71d692764:   89 e7 e8 35 43 fc ff eb 82 0f 1f 00 be 01 00 00
0x00007fd71d692774:   00 4c 89 ef e8 d3 fd ff ff e9 6d ff ff ff 66 66
0x00007fd71d692784:   2e 0f 1f 84 00 00 00 00 00 0f 1f 00 55 48 89 e5
0x00007fd71d692794:   41 57 41 56 41 55 41 54 53 48 81 ec 08 02 00 00
0x00007fd71d6927a4:   64 48 8b 04 25 28 00 00 00 48 89 45 c8 8b 07 83
0x00007fd71d6927b4:   f8 02 0f 84 11 04 00 00 4c 8b 6f 18 49 89 ff 49
0x00007fd71d6927c4:   89 f4 4d 85 ed 74 14 4c 89 ef e8 5d 57 22 00 41
0x00007fd71d6927d4:   8b 07 83 f8 02 0f 84 19 04 00 00 48 8d 1d 9a 06
0x00007fd71d6927e4:   8a 00 4c 8d 35 0b 3c 58 00 eb 38 90 48 85 d2 7f
0x00007fd71d6927f4:   0d 48 8d 05 b4 c0 85 00 48 83 38 00 7e 0e 41 8b
0x00007fd71d692804:   77 2c 4c 89 f7 31 c0 e8 a0 b2 f7 ff 49 8b 7f 18 


Stack slot to memory mapping:
stack at sp + 0 slots: 0x00007fd6fd018940 is pointing into the stack for thread: 0x00007fd7180b21b0
stack at sp + 1 slots: 0x00007fd7180b21b0 is a thread
stack at sp + 2 slots: 0x00007fd71c4ab8c8 points into unknown readable memory: 0x6573001880c9ffff | ff ff c9 80 18 00 73 65
stack at sp + 3 slots: 0x0000000800c417a0 is a pointer to class: 
jdk.vm.ci.services.Services {0x0000000800c417a0}
 - instance size:     2
 - klass size:        65
 - access:            public final synchronized 
 - state:             fully_initialized
 - name:              'jdk/vm/ci/services/Services'
 - super:             'java/lang/Object'
 - sub:               
 - arrays:            NULL
 - methods:           Array<T>(0x00007fd6fd8449a8)
 - method ordering:   Array<T>(0x0000000800928960)
 - default_methods:   Array<T>(0x0000000000000000)
 - local interfaces:  Array<T>(0x00000008005ce810)
 - trans. interfaces: Array<T>(0x00000008005ce810)
 - constants:         constant pool [427] {0x00007fd6fd843a88} for 'jdk/vm/ci/services/Services' cache=0x00007fd6fd845c78
 - class loader data:  loader data: 0x00007fd7180283d0 of 'bootstrap'
 - source file:       'Services.java'
 - class annotations:       Array<T>(0x0000000000000000)
 - class type annotations:  Array<T>(0x0000000000000000)
 - field annotations:       Array<T>(0x0000000000000000)
 - field type annotations:  Array<T>(0x0000000000000000)
 - inner classes:     Array<T>(0x00007fd6fd845c48)
 - nest members:     Array<T>(0x00007fd6fd845c68)
 - permitted subclasses:     Array<T>(0x00000008005ce7a0)
 - java mirror:       a 'java/lang/Class'{0x00000000e029fef8} = 'jdk/vm/ci/services/Services'
 - vtable length      5  (start addr: 0x0000000800c41970)
 - itable length      2 (start addr: 0x0000000800c41998)
 - ---- static fields (3 words):
 - public static final 'IS_BUILDING_NATIVE_IMAGE' 'Z' @128 
 - public static final 'IS_IN_NATIVE_IMAGE' 'Z' @129 
 - private static volatile 'savedProperties' 'Ljava/util/Map;' @112 
 - static final 'JVMCI_ENABLED' 'Z' @130 
 - private static final 'servicesCache' 'Ljava/util/Map;' @116 
 - private static final 'MAX_UNICODE_IN_UTF8_LENGTH' 'I' @120 
 - private static final 'MAX_UTF8_PROPERTY_STRING_LENGTH' 'I' @124 
 - ---- non-static fields (0 words):
 - non-static oop maps: 
stack at sp + 4 slots: 0x00007fd6fd018500 is pointing into the stack for thread: 0x00007fd7180b21b0
stack at sp + 5 slots: 0x00007fd71d65e2fe: <offset 0x000000000093e2fe> in /nix/store/gpxl5qgg8kicmcvivwmybwjlpf7wh20l-graalvm17-ce-22.3.0/lib/server/libjvm.so at 0x00007fd71cd20000
stack at sp + 6 slots: 0x00007fd6fd0183e0 is pointing into the stack for thread: 0x00007fd7180b21b0
stack at sp + 7 slots: 0x00007fd6fd018440 is pointing into the stack for thread: 0x00007fd7180b21b0


---------------  P R O C E S S  ---------------

Threads class SMR info:
_java_thread_list=0x00007fd694013260, length=30, elements={
0x00007fd718026670, 0x00007fd7180a64b0, 0x00007fd7180a78f0, 0x00007fd7180ae020,
0x00007fd7180af3d0, 0x00007fd7180b07c0, 0x00007fd7180b21b0, 0x00007fd7180b36c0,
0x00007fd7180b4b10, 0x00007fd7180d78a0, 0x00007fd71811f640, 0x00007fd7182c5710,
0x00007fd718315700, 0x00007fd7183188b0, 0x00007fd6ac02bea0, 0x00007fd6ac3fd430,
0x00007fd6ac47c480, 0x00007fd6a00010d0, 0x00007fd6ac62bae0, 0x00007fd6ac663ed0,
0x00007fd7183637d0, 0x00007fd7183f66a0, 0x00007fd694000ff0, 0x00007fd684132ed0,
0x00007fd684189f70, 0x00007fd68412e8c0, 0x00007fd68412ee40, 0x00007fd684183bb0,
0x00007fd68412d360, 0x00007fd694013310
}

Java Threads: ( => current thread )
  0x00007fd718026670 JavaThread "main" [_thread_blocked, id=9170, stack(0x00007fd71cb3b000,0x00007fd71cc3b000)]
  0x00007fd7180a64b0 JavaThread "Reference Handler" daemon [_thread_blocked, id=9173, stack(0x00007fd6fd700000,0x00007fd6fd800000)]
  0x00007fd7180a78f0 JavaThread "Finalizer" daemon [_thread_blocked, id=9174, stack(0x00007fd6fd600000,0x00007fd6fd700000)]
  0x00007fd7180ae020 JavaThread "Signal Dispatcher" daemon [_thread_blocked, id=9175, stack(0x00007fd6fd21a000,0x00007fd6fd31a000)]
  0x00007fd7180af3d0 JavaThread "Service Thread" daemon [_thread_blocked, id=9176, stack(0x00007fd6fd11a000,0x00007fd6fd21a000)]
  0x00007fd7180b07c0 JavaThread "Monitor Deflation Thread" daemon [_thread_blocked, id=9177, stack(0x00007fd6fd01a000,0x00007fd6fd11a000)]
=>0x00007fd7180b21b0 JavaThread "JVMCI-native CompilerThread0" daemon [_thread_in_vm, id=9178, stack(0x00007fd6fce1a000,0x00007fd6fd01a000)]
  0x00007fd7180b36c0 JavaThread "C1 CompilerThread0" daemon [_thread_blocked, id=9179, stack(0x00007fd6fcc1a000,0x00007fd6fce1a000)]
  0x00007fd7180b4b10 JavaThread "Sweeper thread" daemon [_thread_blocked, id=9180, stack(0x00007fd6fcb1a000,0x00007fd6fcc1a000)]
  0x00007fd7180d78a0 JavaThread "Common-Cleaner" daemon [_thread_blocked, id=9182, stack(0x00007fd6fca1a000,0x00007fd6fcb1a000)]
  0x00007fd71811f640 JavaThread "Notification Thread" daemon [_thread_blocked, id=9183, stack(0x00007fd6fc91a000,0x00007fd6fca1a000)]
  0x00007fd7182c5710 JavaThread "Active Thread: Equinox Container: 0e981c51-271c-42bf-9b8e-a8336c17cf94" [_thread_blocked, id=9214, stack(0x00007fd6fc600000,0x00007fd6fc700000)]
  0x00007fd718315700 JavaThread "Framework Event Dispatcher: Equinox Container: 0e981c51-271c-42bf-9b8e-a8336c17cf94" daemon [_thread_blocked, id=9227, stack(0x00007fd6fc400000,0x00007fd6fc500000)]
  0x00007fd7183188b0 JavaThread "Start Level: Equinox Container: 0e981c51-271c-42bf-9b8e-a8336c17cf94" daemon [_thread_blocked, id=9228, stack(0x00007fd6fc200000,0x00007fd6fc300000)]
  0x00007fd6ac02bea0 JavaThread "SCR Component Actor" daemon [_thread_blocked, id=9231, stack(0x00007fd6fc000000,0x00007fd6fc100000)]
  0x00007fd6ac3fd430 JavaThread "Worker-JM" [_thread_blocked, id=9241, stack(0x00007fd6c4700000,0x00007fd6c4800000)]
  0x00007fd6ac47c480 JavaThread "Worker-0: Java indexing... " [_thread_blocked, id=9251, stack(0x00007fd6c4500000,0x00007fd6c4600000)]
  0x00007fd6a00010d0 JavaThread "Worker-2: Compacting resource model" [_thread_blocked, id=9253, stack(0x00007fd6c4100000,0x00007fd6c4200000)]
  0x00007fd6ac62bae0 JavaThread "Java indexing" daemon [_thread_blocked, id=9254, stack(0x00007fd6c3f00000,0x00007fd6c4000000)]
  0x00007fd6ac663ed0 JavaThread "Bundle File Closer" daemon [_thread_blocked, id=9255, stack(0x00007fd6c3d00000,0x00007fd6c3e00000)]
  0x00007fd7183637d0 JavaThread "pool-3-thread-1" [_thread_blocked, id=9264, stack(0x00007fd6c3b00000,0x00007fd6c3c00000)]
  0x00007fd7183f66a0 JavaThread "pool-2-thread-1" [_thread_blocked, id=9265, stack(0x00007fd6c3900000,0x00007fd6c3a00000)]
  0x00007fd694000ff0 JavaThread "Worker-3: Periodic workspace save." [_thread_blocked, id=9266, stack(0x00007fd6c4900000,0x00007fd6c4a00000)]
  0x00007fd684132ed0 JavaThread "Thread-3" [_thread_blocked, id=9325, stack(0x00007fd6c3500000,0x00007fd6c3600000)]
  0x00007fd684189f70 JavaThread "Thread-6" [_thread_blocked, id=9363, stack(0x00007fd6c4000000,0x00007fd6c4100000)]
  0x00007fd68412e8c0 JavaThread "Thread-8" [_thread_blocked, id=9372, stack(0x00007fd6c3300000,0x00007fd6c3400000)]
  0x00007fd68412ee40 JavaThread "Thread-9" [_thread_blocked, id=9374, stack(0x00007fd6c3100000,0x00007fd6c3200000)]
  0x00007fd684183bb0 JavaThread "Thread-16" [_thread_blocked, id=9515, stack(0x00007fd6c3400000,0x00007fd6c3500000)]
  0x00007fd68412d360 JavaThread "Thread-17" [_thread_blocked, id=10331, stack(0x00007fd6c3700000,0x00007fd6c3800000)]
  0x00007fd694013310 JavaThread "Worker-6" [_thread_blocked, id=10332, stack(0x00007fd6c4300000,0x00007fd6c4400000)]

Other Threads:
  0x00007fd7180a1bf0 VMThread "VM Thread" [stack: 0x00007fd6fe0e1000,0x00007fd6fe1e1000] [id=9172] _threads_hazard_ptr=0x00007fd694013260
  0x00007fd718120fe0 WatcherThread [stack: 0x00007fd6fc81a000,0x00007fd6fc91a000] [id=9184]
  0x00007fd71803df10 GCTaskThread "GC Thread#0" [stack: 0x00007fd71c6fe000,0x00007fd71c7fe000] [id=9171]

Threads with active compile tasks:
JVMCI-native CompilerThread0   473794 8607       4       com.google.gson.stream.JsonReader::nextNonWhitespace (354 bytes)

VM state: synchronizing (normal execution)

VM Mutex/Monitor currently owned by a thread:  ([mutex/lock_event])
[0x00007fd718023820] Threads_lock - owner thread: 0x00007fd7180a1bf0
[0x00007fd718023fd0] Heap_lock - owner thread: 0x00007fd7183f66a0

OutOfMemory and StackOverflow Exception counts:
OutOfMemoryError java_heap_errors=3
LinkageErrors=62

Heap address: 0x00000000e0000000, size: 512 MB, Compressed Oops mode: 32-bit

CDS archive(s) mapped at: [0x0000000800000000-0x0000000800bc8000-0x0000000800bc8000), size 12353536, SharedBaseAddress: 0x0000000800000000, ArchiveRelocationMode: 0.
Compressed class space mapped at: 0x0000000800c00000-0x0000000840c00000, reserved size: 1073741824
Narrow klass base: 0x0000000800000000, Narrow klass shift: 0, Narrow klass range: 0x100000000

GC Precious Log:
 CPUs: 8 total, 1 available
 Memory: 1024M
 Large Page Support: Disabled
 NUMA Support: Disabled
 Compressed Oops: Enabled (32-bit)
 Alignments: Space 512K, Generation 512K, Heap 2M
 Heap Min Capacity: 100M
 Heap Initial Capacity: 100M
 Heap Max Capacity: 512M
 Pre-touch: Disabled
 Parallel Workers: 1

Heap:
 PSYoungGen      total 29696K, used 21503K [0x00000000f5580000, 0x00000000f7d80000, 0x0000000100000000)
  eden space 21504K, 99% used [0x00000000f5580000,0x00000000f6a7ffd8,0x00000000f6a80000)
  from space 8192K, 0% used [0x00000000f7580000,0x00000000f7580000,0x00000000f7d80000)
  to   space 8704K, 0% used [0x00000000f6a80000,0x00000000f6a80000,0x00000000f7300000)
 ParOldGen       total 349696K, used 349696K [0x00000000e0000000, 0x00000000f5580000, 0x00000000f5580000)
  object space 349696K, 100% used [0x00000000e0000000,0x00000000f5580000,0x00000000f5580000)
 Metaspace       used 55184K, committed 56320K, reserved 1105920K
  class space    used 5381K, committed 5824K, reserved 1048576K

Card table byte_map: [0x00007fd71c7fe000,0x00007fd71c8ff000] _byte_map_base: 0x00007fd71c0fe000

Marking Bits: (ParMarkBitMap*) 0x00007fd71df4e4c0
 Begin Bits: [0x00007fd6fe4b3000, 0x00007fd6fecb3000)
 End Bits:   [0x00007fd6fecb3000, 0x00007fd6ff4b3000)

Polling page: 0x00007fd71cb18000

Metaspace:

Usage:
  Non-class:     48.64 MB used.
      Class:      5.26 MB used.
       Both:     53.89 MB used.

Virtual space:
  Non-class space:       56.00 MB reserved,      49.31 MB ( 88%) committed,  7 nodes.
      Class space:        1.00 GB reserved,       5.69 MB ( <1%) committed,  1 nodes.
             Both:        1.05 GB reserved,      55.00 MB (  5%) committed. 

Chunk freelists:
   Non-Class:  2.11 MB
       Class:  2.40 MB
        Both:  4.51 MB

MaxMetaspaceSize: unlimited
CompressedClassSpaceSize: 1.00 GB
Initial GC threshold: 21.00 MB
Current GC threshold: 91.69 MB
CDS: on
MetaspaceReclaimPolicy: balanced
 - commit_granule_bytes: 65536.
 - commit_granule_words: 8192.
 - virtual_space_node_default_size: 1048576.
 - enlarge_chunks_in_place: 1.
 - new_chunks_are_fully_committed: 0.
 - uncommit_free_chunks: 1.
 - use_allocation_guard: 0.
 - handle_deallocations: 1.


Internal statistics:

num_allocs_failed_limit: 8.
num_arena_births: 454.
num_arena_deaths: 110.
num_vsnodes_births: 8.
num_vsnodes_deaths: 0.
num_space_committed: 880.
num_space_uncommitted: 1.
num_chunks_returned_to_freelist: 153.
num_chunks_taken_from_freelist: 2835.
num_chunk_merges: 63.
num_chunk_splits: 1816.
num_chunks_enlarged: 1100.
num_purges: 2.
num_inconsistent_stats: 0.

CodeHeap 'non-profiled nmethods': size=120036Kb used=2666Kb max_used=2666Kb free=117369Kb
 bounds [0x00007fd706f7a000, 0x00007fd70721a000, 0x00007fd70e4b3000]
CodeHeap 'profiled nmethods': size=120032Kb used=12301Kb max_used=14250Kb free=107730Kb
 bounds [0x00007fd6ffa42000, 0x00007fd700832000, 0x00007fd706f7a000]
CodeHeap 'non-nmethods': size=5692Kb used=1343Kb max_used=1365Kb free=4348Kb
 bounds [0x00007fd6ff4b3000, 0x00007fd6ff723000, 0x00007fd6ffa42000]
 total_blobs=6944 nmethods=6274 adapters=583
 compilation: enabled
              stopped_count=0, restarted_count=0
 full_count=0

JVMCI Events (20 events):
Event: 179.703 Thread 0x00007fd7180b21b0 destroyed JavaVM[1]@0x00007fd6c569e340 for JVMCI runtime 0
Event: 179.703 Thread 0x00007fd7180b21b0 compacted oop handles in JVMCI runtime 0 from 131 to 131
Event: 179.703 Thread 0x00007fd7180b21b0 releasing handles for JVMCI runtime 0: oop handles=131, metadata handles={total=1056, live=1031, blocks=33}
Event: 179.703 Thread 0x00007fd7180b21b0 detached from JVMCI runtime 0
Event: 188.937 Thread 0x00007fd7180b21b0 attached to JVMCI runtime 0
Event: 188.938 Thread 0x00007fd7180b21b0 created JavaVM[2]@0x00007fd6c299e340 for JVMCI runtime 0
Event: 188.938 Thread 0x00007fd7180b21b0 initializing JVMCI runtime 0
Event: 188.938 Thread 0x00007fd7180b21b0 done waiting for JavaVM references initialization in JVMCI runtime 0
Event: 228.713 Thread 0x00007fd7180b21b0 initialized JVMCI runtime 0
Event: 236.724 Thread 0x00007fd7180b21b0 detaching from JVMCI runtime 0: releasing idle compiler thread (0 other threads still attached)
Event: 236.724 Thread 0x00007fd7180b21b0 shutting down HotSpotJVMCIRuntime for JVMCI runtime 0
Event: 236.724 Thread 0x00007fd7180b21b0 shut down JVMCI runtime 0
Event: 236.735 Thread 0x00007fd7180b21b0 destroyed JavaVM[2]@0x00007fd6c299e340 for JVMCI runtime 0
Event: 236.735 Thread 0x00007fd7180b21b0 compacted oop handles in JVMCI runtime 0 from 53 to 53
Event: 236.735 Thread 0x00007fd7180b21b0 releasing handles for JVMCI runtime 0: oop handles=53, metadata handles={total=96, live=93, blocks=33}
Event: 236.735 Thread 0x00007fd7180b21b0 detached from JVMCI runtime 0
Event: 403.933 Thread 0x00007fd7180b21b0 attached to JVMCI runtime 0
Event: 403.935 Thread 0x00007fd7180b21b0 created JavaVM[3]@0x00007fd6c299e340 for JVMCI runtime 0
Event: 405.493 Thread 0x00007fd7180b21b0 initializing JVMCI runtime 0
Event: 405.493 Thread 0x00007fd7180b21b0 done waiting for JavaVM references initialization in JVMCI runtime 0

Compilation events (20 events):
Event: 228.712 Thread 0x00007fd7180b36c0 8600       3       java.io.DataOutputStream::writeUTF (7 bytes)
Event: 228.713 Thread 0x00007fd7180b36c0 nmethod 8600 0x00007fd700691a10 code [0x00007fd700691bc0, 0x00007fd700691d00]
Event: 228.713 Thread 0x00007fd7180b36c0 8602       3       java.io.DataOutputStream::incCount (20 bytes)
Event: 228.713 Thread 0x00007fd7180b36c0 nmethod 8602 0x00007fd70069a510 code [0x00007fd70069a6a0, 0x00007fd70069a7f0]
Event: 228.713 Thread 0x00007fd7180b36c0 8601  s    3       java.io.DataOutputStream::write (16 bytes)
Event: 228.713 Thread 0x00007fd7180b36c0 nmethod 8601 0x00007fd7001b3a90 code [0x00007fd7001b3c40, 0x00007fd7001b40e0]
Event: 235.012 Thread 0x00007fd7180b21b0 nmethod 8599 0x00007fd707214490 code [0x00007fd707214600, 0x00007fd7072146e0]
Event: 375.506 Thread 0x00007fd7180b36c0 8603       3       java.io.Reader::<init> (15 bytes)
Event: 375.506 Thread 0x00007fd7180b36c0 nmethod 8603 0x00007fd700219010 code [0x00007fd7002191c0, 0x00007fd700219350]
Event: 386.207 Thread 0x00007fd7180b36c0 8605       3       org.eclipse.core.internal.jobs.OrderedLock::setCurrentOperationThread (48 bytes)
Event: 386.209 Thread 0x00007fd7180b36c0 nmethod 8605 0x00007fd7002b9410 code [0x00007fd7002b95e0, 0x00007fd7002b9870]
Event: 386.209 Thread 0x00007fd7180b36c0 8604   !   3       org.eclipse.core.internal.jobs.OrderedLock::acquire (32 bytes)
Event: 386.213 Thread 0x00007fd7180b36c0 nmethod 8604 0x00007fd7000f1090 code [0x00007fd7000f1260, 0x00007fd7000f1790]
Event: 403.933 Thread 0x00007fd7180b36c0 8606       3       jdk.internal.reflect.UnsafeObjectFieldAccessorImpl::set (56 bytes)
Event: 403.933 Thread 0x00007fd7180b21b0 8607       4       com.google.gson.stream.JsonReader::nextNonWhitespace (354 bytes)
Event: 403.934 Thread 0x00007fd7180b36c0 nmethod 8606 0x00007fd6ffaad810 code [0x00007fd6ffaadaa0, 0x00007fd6ffaaf1d0]
Event: 403.934 Thread 0x00007fd7180b36c0 8608       1       org.eclipse.lsp4j.jsonrpc.messages.NotificationMessage::getMethod (5 bytes)
Event: 403.935 Thread 0x00007fd7180b36c0 nmethod 8608 0x00007fd707214810 code [0x00007fd7072149a0, 0x00007fd707214a70]
Event: 432.399 Thread 0x00007fd7180b36c0 8609   !   3       org.eclipse.jdt.ls.core.internal.CancellableProgressMonitor::isCanceled (33 bytes)
Event: 432.400 Thread 0x00007fd7180b36c0 nmethod 8609 0x00007fd6ffd68b10 code [0x00007fd6ffd68d20, 0x00007fd6ffd69ae0]

GC Heap History (20 events):
Event: 453.220 GC heap before
{Heap before GC invocations=300 (full 205):
 PSYoungGen      total 29696K, used 21503K [0x00000000f5580000, 0x00000000f7d80000, 0x0000000100000000)
  eden space 21504K, 99% used [0x00000000f5580000,0x00000000f6a7fff8,0x00000000f6a80000)
  from space 8192K, 0% used [0x00000000f7580000,0x00000000f7580000,0x00000000f7d80000)
  to   space 8704K, 0% used [0x00000000f6a80000,0x00000000f6a80000,0x00000000f7300000)
 ParOldGen       total 349696K, used 349695K [0x00000000e0000000, 0x00000000f5580000, 0x00000000f5580000)
  object space 349696K, 99% used [0x00000000e0000000,0x00000000f557fec8,0x00000000f5580000)
 Metaspace       used 55184K, committed 56320K, reserved 1105920K
  class space    used 5381K, committed 5824K, reserved 1048576K
}
Event: 454.682 GC heap after
{Heap after GC invocations=300 (full 205):
 PSYoungGen      total 30208K, used 21503K [0x00000000f5580000, 0x00000000f7d80000, 0x0000000100000000)
  eden space 21504K, 99% used [0x00000000f5580000,0x00000000f6a7fff8,0x00000000f6a80000)
  from space 8704K, 0% used [0x00000000f6a80000,0x00000000f6a80000,0x00000000f7300000)
  to   space 8192K, 0% used [0x00000000f7580000,0x00000000f7580000,0x00000000f7d80000)
 ParOldGen       total 349696K, used 349694K [0x00000000e0000000, 0x00000000f5580000, 0x00000000f5580000)
  object space 349696K, 99% used [0x00000000e0000000,0x00000000f557fa20,0x00000000f5580000)
 Metaspace       used 55184K, committed 56320K, reserved 1105920K
  class space    used 5381K, committed 5824K, reserved 1048576K
}
Event: 454.694 GC heap before
{Heap before GC invocations=301 (full 206):
 PSYoungGen      total 30208K, used 21503K [0x00000000f5580000, 0x00000000f7d80000, 0x0000000100000000)
  eden space 21504K, 99% used [0x00000000f5580000,0x00000000f6a7fff8,0x00000000f6a80000)
  from space 8704K, 0% used [0x00000000f6a80000,0x00000000f6a80000,0x00000000f7300000)
  to   space 8192K, 0% used [0x00000000f7580000,0x00000000f7580000,0x00000000f7d80000)
 ParOldGen       total 349696K, used 349696K [0x00000000e0000000, 0x00000000f5580000, 0x00000000f5580000)
  object space 349696K, 100% used [0x00000000e0000000,0x00000000f5580000,0x00000000f5580000)
 Metaspace       used 55184K, committed 56320K, reserved 1105920K
  class space    used 5381K, committed 5824K, reserved 1048576K
}
Event: 456.718 GC heap after
{Heap after GC invocations=301 (full 206):
 PSYoungGen      total 29696K, used 21503K [0x00000000f5580000, 0x00000000f7d80000, 0x0000000100000000)
  eden space 21504K, 99% used [0x00000000f5580000,0x00000000f6a7fff8,0x00000000f6a80000)
  from space 8192K, 0% used [0x00000000f7580000,0x00000000f7580000,0x00000000f7d80000)
  to   space 8704K, 0% used [0x00000000f6a80000,0x00000000f6a80000,0x00000000f7300000)
 ParOldGen       total 349696K, used 349695K [0x00000000e0000000, 0x00000000f5580000, 0x00000000f5580000)
  object space 349696K, 99% used [0x00000000e0000000,0x00000000f557fd88,0x00000000f5580000)
 Metaspace       used 55184K, committed 56320K, reserved 1105920K
  class space    used 5381K, committed 5824K, reserved 1048576K
}
Event: 456.719 GC heap before
{Heap before GC invocations=302 (full 207):
 PSYoungGen      total 29696K, used 21503K [0x00000000f5580000, 0x00000000f7d80000, 0x0000000100000000)
  eden space 21504K, 99% used [0x00000000f5580000,0x00000000f6a7fff8,0x00000000f6a80000)
  from space 8192K, 0% used [0x00000000f7580000,0x00000000f7580000,0x00000000f7d80000)
  to   space 8704K, 0% used [0x00000000f6a80000,0x00000000f6a80000,0x00000000f7300000)
 ParOldGen       total 349696K, used 349695K [0x00000000e0000000, 0x00000000f5580000, 0x00000000f5580000)
  object space 349696K, 99% used [0x00000000e0000000,0x00000000f557ffe8,0x00000000f5580000)
 Metaspace       used 55184K, committed 56320K, reserved 1105920K
  class space    used 5381K, committed 5824K, reserved 1048576K
}
Event: 458.946 GC heap after
{Heap after GC invocations=302 (full 207):
 PSYoungGen      total 30208K, used 21503K [0x00000000f5580000, 0x00000000f7d80000, 0x0000000100000000)
  eden space 21504K, 99% used [0x00000000f5580000,0x00000000f6a7fff8,0x00000000f6a80000)
  from space 8704K, 0% used [0x00000000f6a80000,0x00000000f6a80000,0x00000000f7300000)
  to   space 8192K, 0% used [0x00000000f7580000,0x00000000f7580000,0x00000000f7d80000)
 ParOldGen       total 349696K, used 349695K [0x00000000e0000000, 0x00000000f5580000, 0x00000000f5580000)
  object space 349696K, 99% used [0x00000000e0000000,0x00000000f557feb8,0x00000000f5580000)
 Metaspace       used 55184K, committed 56320K, reserved 1105920K
  class space    used 5381K, committed 5824K, reserved 1048576K
}
Event: 458.947 GC heap before
{Heap before GC invocations=303 (full 208):
 PSYoungGen      total 30208K, used 21503K [0x00000000f5580000, 0x00000000f7d80000, 0x0000000100000000)
  eden space 21504K, 99% used [0x00000000f5580000,0x00000000f6a7fff8,0x00000000f6a80000)
  from space 8704K, 0% used [0x00000000f6a80000,0x00000000f6a80000,0x00000000f7300000)
  to   space 8192K, 0% used [0x00000000f7580000,0x00000000f7580000,0x00000000f7d80000)
 ParOldGen       total 349696K, used 349696K [0x00000000e0000000, 0x00000000f5580000, 0x00000000f5580000)
  object space 349696K, 100% used [0x00000000e0000000,0x00000000f5580000,0x00000000f5580000)
 Metaspace       used 55184K, committed 56320K, reserved 1105920K
  class space    used 5381K, committed 5824K, reserved 1048576K
}
Event: 460.984 GC heap after
{Heap after GC invocations=303 (full 208):
 PSYoungGen      total 29696K, used 21503K [0x00000000f5580000, 0x00000000f7d80000, 0x0000000100000000)
  eden space 21504K, 99% used [0x00000000f5580000,0x00000000f6a7ffc0,0x00000000f6a80000)
  from space 8192K, 0% used [0x00000000f7580000,0x00000000f7580000,0x00000000f7d80000)
  to   space 8704K, 0% used [0x00000000f6a80000,0x00000000f6a80000,0x00000000f7300000)
 ParOldGen       total 349696K, used 349695K [0x00000000e0000000, 0x00000000f5580000, 0x00000000f5580000)
  object space 349696K, 99% used [0x00000000e0000000,0x00000000f557ff88,0x00000000f5580000)
 Metaspace       used 55184K, committed 56320K, reserved 1105920K
  class space    used 5381K, committed 5824K, reserved 1048576K
}
Event: 460.988 GC heap before
{Heap before GC invocations=304 (full 209):
 PSYoungGen      total 29696K, used 21503K [0x00000000f5580000, 0x00000000f7d80000, 0x0000000100000000)
  eden space 21504K, 99% used [0x00000000f5580000,0x00000000f6a7fff8,0x00000000f6a80000)
  from space 8192K, 0% used [0x00000000f7580000,0x00000000f7580000,0x00000000f7d80000)
  to   space 8704K, 0% used [0x00000000f6a80000,0x00000000f6a80000,0x00000000f7300000)
 ParOldGen       total 349696K, used 349695K [0x00000000e0000000, 0x00000000f5580000, 0x00000000f5580000)
  object space 349696K, 99% used [0x00000000e0000000,0x00000000f557ff88,0x00000000f5580000)
 Metaspace       used 55184K, committed 56320K, reserved 1105920K
  class space    used 5381K, committed 5824K, reserved 1048576K
}
Event: 463.012 GC heap after
{Heap after GC invocations=304 (full 209):
 PSYoungGen      total 30208K, used 21503K [0x00000000f5580000, 0x00000000f7d80000, 0x0000000100000000)
  eden space 21504K, 99% used [0x00000000f5580000,0x00000000f6a7ffe0,0x00000000f6a80000)
  from space 8704K, 0% used [0x00000000f6a80000,0x00000000f6a80000,0x00000000f7300000)
  to   space 8192K, 0% used [0x00000000f7580000,0x00000000f7580000,0x00000000f7d80000)
 ParOldGen       total 349696K, used 349695K [0x00000000e0000000, 0x00000000f5580000, 0x00000000f5580000)
  object space 349696K, 99% used [0x00000000e0000000,0x00000000f557ff48,0x00000000f5580000)
 Metaspace       used 55184K, committed 56320K, reserved 1105920K
  class space    used 5381K, committed 5824K, reserved 1048576K
}
Event: 463.019 GC heap before
{Heap before GC invocations=305 (full 210):
 PSYoungGen      total 30208K, used 21504K [0x00000000f5580000, 0x00000000f7d80000, 0x0000000100000000)
  eden space 21504K, 100% used [0x00000000f5580000,0x00000000f6a80000,0x00000000f6a80000)
  from space 8704K, 0% used [0x00000000f6a80000,0x00000000f6a80000,0x00000000f7300000)
  to   space 8192K, 0% used [0x00000000f7580000,0x00000000f7580000,0x00000000f7d80000)
 ParOldGen       total 349696K, used 349695K [0x00000000e0000000, 0x00000000f5580000, 0x00000000f5580000)
  object space 349696K, 99% used [0x00000000e0000000,0x00000000f557fff0,0x00000000f5580000)
 Metaspace       used 55184K, committed 56320K, reserved 1105920K
  class space    used 5381K, committed 5824K, reserved 1048576K
}
Event: 465.188 GC heap after
{Heap after GC invocations=305 (full 210):
 PSYoungGen      total 29696K, used 21503K [0x00000000f5580000, 0x00000000f7d80000, 0x0000000100000000)
  eden space 21504K, 99% used [0x00000000f5580000,0x00000000f6a7ffe0,0x00000000f6a80000)
  from space 8192K, 0% used [0x00000000f7580000,0x00000000f7580000,0x00000000f7d80000)
  to   space 8704K, 0% used [0x00000000f6a80000,0x00000000f6a80000,0x00000000f7300000)
 ParOldGen       total 349696K, used 349695K [0x00000000e0000000, 0x00000000f5580000, 0x00000000f5580000)
  object space 349696K, 99% used [0x00000000e0000000,0x00000000f557fff0,0x00000000f5580000)
 Metaspace       used 55184K, committed 56320K, reserved 1105920K
  class space    used 5381K, committed 5824K, reserved 1048576K
}
Event: 465.192 GC heap before
{Heap before GC invocations=306 (full 211):
 PSYoungGen      total 29696K, used 21503K [0x00000000f5580000, 0x00000000f7d80000, 0x0000000100000000)
  eden space 21504K, 99% used [0x00000000f5580000,0x00000000f6a7fff8,0x00000000f6a80000)
  from space 8192K, 0% used [0x00000000f7580000,0x00000000f7580000,0x00000000f7d80000)
  to   space 8704K, 0% used [0x00000000f6a80000,0x00000000f6a80000,0x00000000f7300000)
 ParOldGen       total 349696K, used 349695K [0x00000000e0000000, 0x00000000f5580000, 0x00000000f5580000)
  object space 349696K, 99% used [0x00000000e0000000,0x00000000f557fff0,0x00000000f5580000)
 Metaspace       used 55184K, committed 56320K, reserved 1105920K
  class space    used 5381K, committed 5824K, reserved 1048576K
}
Event: 467.348 GC heap after
{Heap after GC invocations=306 (full 211):
 PSYoungGen      total 30208K, used 21503K [0x00000000f5580000, 0x00000000f7d80000, 0x0000000100000000)
  eden space 21504K, 99% used [0x00000000f5580000,0x00000000f6a7ffd8,0x00000000f6a80000)
  from space 8704K, 0% used [0x00000000f6a80000,0x00000000f6a80000,0x00000000f7300000)
  to   space 8192K, 0% used [0x00000000f7580000,0x00000000f7580000,0x00000000f7d80000)
 ParOldGen       total 349696K, used 349695K [0x00000000e0000000, 0x00000000f5580000, 0x00000000f5580000)
  object space 349696K, 99% used [0x00000000e0000000,0x00000000f557ff90,0x00000000f5580000)
 Metaspace       used 55184K, committed 56320K, reserved 1105920K
  class space    used 5381K, committed 5824K, reserved 1048576K
}
Event: 467.351 GC heap before
{Heap before GC invocations=307 (full 212):
 PSYoungGen      total 30208K, used 21503K [0x00000000f5580000, 0x00000000f7d80000, 0x0000000100000000)
  eden space 21504K, 99% used [0x00000000f5580000,0x00000000f6a7fff0,0x00000000f6a80000)
  from space 8704K, 0% used [0x00000000f6a80000,0x00000000f6a80000,0x00000000f7300000)
  to   space 8192K, 0% used [0x00000000f7580000,0x00000000f7580000,0x00000000f7d80000)
 ParOldGen       total 349696K, used 349695K [0x00000000e0000000, 0x00000000f5580000, 0x00000000f5580000)
  object space 349696K, 99% used [0x00000000e0000000,0x00000000f557ff90,0x00000000f5580000)
 Metaspace       used 55184K, committed 56320K, reserved 1105920K
  class space    used 5381K, committed 5824K, reserved 1048576K
}
Event: 469.402 GC heap after
{Heap after GC invocations=307 (full 212):
 PSYoungGen      total 29696K, used 21503K [0x00000000f5580000, 0x00000000f7d80000, 0x0000000100000000)
  eden space 21504K, 99% used [0x00000000f5580000,0x00000000f6a7fff0,0x00000000f6a80000)
  from space 8192K, 0% used [0x00000000f7580000,0x00000000f7580000,0x00000000f7d80000)
  to   space 8704K, 0% used [0x00000000f6a80000,0x00000000f6a80000,0x00000000f7300000)
 ParOldGen       total 349696K, used 349695K [0x00000000e0000000, 0x00000000f5580000, 0x00000000f5580000)
  object space 349696K, 99% used [0x00000000e0000000,0x00000000f557ff90,0x00000000f5580000)
 Metaspace       used 55184K, committed 56320K, reserved 1105920K
  class space    used 5381K, committed 5824K, reserved 1048576K
}
Event: 469.404 GC heap before
{Heap before GC invocations=308 (full 213):
 PSYoungGen      total 29696K, used 21503K [0x00000000f5580000, 0x00000000f7d80000, 0x0000000100000000)
  eden space 21504K, 99% used [0x00000000f5580000,0x00000000f6a7fff0,0x00000000f6a80000)
  from space 8192K, 0% used [0x00000000f7580000,0x00000000f7580000,0x00000000f7d80000)
  to   space 8704K, 0% used [0x00000000f6a80000,0x00000000f6a80000,0x00000000f7300000)
 ParOldGen       total 349696K, used 349695K [0x00000000e0000000, 0x00000000f5580000, 0x00000000f5580000)
  object space 349696K, 99% used [0x00000000e0000000,0x00000000f557ffd8,0x00000000f5580000)
 Metaspace       used 55184K, committed 56320K, reserved 1105920K
  class space    used 5381K, committed 5824K, reserved 1048576K
}
Event: 471.592 GC heap after
{Heap after GC invocations=308 (full 213):
 PSYoungGen      total 30208K, used 21503K [0x00000000f5580000, 0x00000000f7d80000, 0x0000000100000000)
  eden space 21504K, 99% used [0x00000000f5580000,0x00000000f6a7ffd8,0x00000000f6a80000)
  from space 8704K, 0% used [0x00000000f6a80000,0x00000000f6a80000,0x00000000f7300000)
  to   space 8192K, 0% used [0x00000000f7580000,0x00000000f7580000,0x00000000f7d80000)
 ParOldGen       total 349696K, used 349695K [0x00000000e0000000, 0x00000000f5580000, 0x00000000f5580000)
  object space 349696K, 99% used [0x00000000e0000000,0x00000000f557ff90,0x00000000f5580000)
 Metaspace       used 55184K, committed 56320K, reserved 1105920K
  class space    used 5381K, committed 5824K, reserved 1048576K
}
Event: 471.592 GC heap before
{Heap before GC invocations=309 (full 214):
 PSYoungGen      total 30208K, used 21503K [0x00000000f5580000, 0x00000000f7d80000, 0x0000000100000000)
  eden space 21504K, 99% used [0x00000000f5580000,0x00000000f6a7ffd8,0x00000000f6a80000)
  from space 8704K, 0% used [0x00000000f6a80000,0x00000000f6a80000,0x00000000f7300000)
  to   space 8192K, 0% used [0x00000000f7580000,0x00000000f7580000,0x00000000f7d80000)
 ParOldGen       total 349696K, used 349695K [0x00000000e0000000, 0x00000000f5580000, 0x00000000f5580000)
  object space 349696K, 99% used [0x00000000e0000000,0x00000000f557ff90,0x00000000f5580000)
 Metaspace       used 55184K, committed 56320K, reserved 1105920K
  class space    used 5381K, committed 5824K, reserved 1048576K
}
Event: 473.692 GC heap after
{Heap after GC invocations=309 (full 214):
 PSYoungGen      total 29696K, used 21503K [0x00000000f5580000, 0x00000000f7d80000, 0x0000000100000000)
  eden space 21504K, 99% used [0x00000000f5580000,0x00000000f6a7ffd8,0x00000000f6a80000)
  from space 8192K, 0% used [0x00000000f7580000,0x00000000f7580000,0x00000000f7d80000)
  to   space 8704K, 0% used [0x00000000f6a80000,0x00000000f6a80000,0x00000000f7300000)
 ParOldGen       total 349696K, used 349695K [0x00000000e0000000, 0x00000000f5580000, 0x00000000f5580000)
  object space 349696K, 99% used [0x00000000e0000000,0x00000000f557ff90,0x00000000f5580000)
 Metaspace       used 55184K, committed 56320K, reserved 1105920K
  class space    used 5381K, committed 5824K, reserved 1048576K
}

Dll operation events (8 events):
Event: 0.012 Loaded shared library /nix/store/gpxl5qgg8kicmcvivwmybwjlpf7wh20l-graalvm17-ce-22.3.0/lib/libjava.so
Event: 0.079 Loaded shared library /nix/store/gpxl5qgg8kicmcvivwmybwjlpf7wh20l-graalvm17-ce-22.3.0/lib/libjsvml.so
Event: 0.504 Loaded shared library /nix/store/gpxl5qgg8kicmcvivwmybwjlpf7wh20l-graalvm17-ce-22.3.0/lib/libnio.so
Event: 0.577 Loaded shared library /nix/store/gpxl5qgg8kicmcvivwmybwjlpf7wh20l-graalvm17-ce-22.3.0/lib/libzip.so
Event: 0.602 Loaded shared library /nix/store/gpxl5qgg8kicmcvivwmybwjlpf7wh20l-graalvm17-ce-22.3.0/lib/libjvmcicompiler.so
Event: 1.490 Loaded shared library /nix/store/gpxl5qgg8kicmcvivwmybwjlpf7wh20l-graalvm17-ce-22.3.0/lib/libjimage.so
Event: 4.921 Loaded shared library /nix/store/gpxl5qgg8kicmcvivwmybwjlpf7wh20l-graalvm17-ce-22.3.0/lib/libnet.so
Event: 6.493 Loaded shared library /home/runner/.cache/jdt-language-server/config/org.eclipse.equinox.launcher/org.eclipse.equinox.launcher.gtk.linux.x86_64_1.2.400.v20211117-0650/eclipse_11600.so

Deoptimization events (20 events):
Event: 84.398 Thread 0x00007fd6ac62bae0 DEOPT PACKING pc=0x00007fd70011515d sp=0x00007fd6c3ffe530
Event: 84.398 Thread 0x00007fd6ac62bae0 DEOPT UNPACKING pc=0x00007fd6ff505325 sp=0x00007fd6c3ffda20 mode 0
Event: 84.402 Thread 0x00007fd6ac62bae0 DEOPT PACKING pc=0x00007fd70011515d sp=0x00007fd6c3ffe530
Event: 84.402 Thread 0x00007fd6ac62bae0 DEOPT UNPACKING pc=0x00007fd6ff505325 sp=0x00007fd6c3ffda20 mode 0
Event: 84.424 Thread 0x00007fd6ac62bae0 DEOPT PACKING pc=0x00007fd70011515d sp=0x00007fd6c3ffe530
Event: 84.424 Thread 0x00007fd6ac62bae0 DEOPT UNPACKING pc=0x00007fd6ff505325 sp=0x00007fd6c3ffda20 mode 0
Event: 84.436 Thread 0x00007fd6ac62bae0 DEOPT PACKING pc=0x00007fd7001150ec sp=0x00007fd6c3ffe530
Event: 84.436 Thread 0x00007fd6ac62bae0 DEOPT UNPACKING pc=0x00007fd6ff505325 sp=0x00007fd6c3ffda20 mode 0
Event: 84.478 Thread 0x00007fd6ac62bae0 DEOPT PACKING pc=0x00007fd70011515d sp=0x00007fd6c3ffe530
Event: 84.478 Thread 0x00007fd6ac62bae0 DEOPT UNPACKING pc=0x00007fd6ff505325 sp=0x00007fd6c3ffda20 mode 0
Event: 84.485 Thread 0x00007fd6ac62bae0 DEOPT PACKING pc=0x00007fd70011515d sp=0x00007fd6c3ffe530
Event: 84.485 Thread 0x00007fd6ac62bae0 DEOPT UNPACKING pc=0x00007fd6ff505325 sp=0x00007fd6c3ffda20 mode 0
Event: 84.496 Thread 0x00007fd6ac62bae0 DEOPT PACKING pc=0x00007fd70011515d sp=0x00007fd6c3ffe530
Event: 84.496 Thread 0x00007fd6ac62bae0 DEOPT UNPACKING pc=0x00007fd6ff505325 sp=0x00007fd6c3ffda20 mode 0
Event: 332.396 Thread 0x00007fd6ac62bae0 Uncommon trap: trap_request=0xffffff8f fr.pc=0x00007fd7071febf4 relative=0x0000000000001034
Event: 332.396 Thread 0x00007fd6ac62bae0 Uncommon trap: reason=constraint action=none pc=0x00007fd7071febf4 method=org.eclipse.jdt.internal.core.index.DiskIndex.copyQueryResults(Lorg/eclipse/jdt/internal/compiler/util/HashtableOfObject;I)V @ 123 jvmci
Event: 332.396 Thread 0x00007fd6ac62bae0 DEOPT PACKING pc=0x00007fd7071febf4 sp=0x00007fd6c3ffe550
Event: 332.396 Thread 0x00007fd6ac62bae0 DEOPT UNPACKING pc=0x00007fd6ff505325 sp=0x00007fd6c3ffda28 mode 3
Event: 447.125 Thread 0x00007fd7183f66a0 DEOPT PACKING pc=0x00007fd706f89950 sp=0x00007fd6c39fe230
Event: 447.125 Thread 0x00007fd7183f66a0 DEOPT UNPACKING pc=0x00007fd6ff505325 sp=0x00007fd6c39fd6c0 mode 1

Classes unloaded (20 events):
Event: 94.213 Thread 0x00007fd7180a1bf0 Unloading class 0x0000000800d91400 'java/lang/invoke/LambdaForm$MH+0x0000000800d91400'
Event: 94.213 Thread 0x00007fd7180a1bf0 Unloading class 0x0000000800d91000 'java/lang/invoke/LambdaForm$MH+0x0000000800d91000'
Event: 94.213 Thread 0x00007fd7180a1bf0 Unloading class 0x0000000800d90c00 'java/lang/invoke/LambdaForm$MH+0x0000000800d90c00'
Event: 94.213 Thread 0x00007fd7180a1bf0 Unloading class 0x0000000800d90800 'java/lang/invoke/LambdaForm$MH+0x0000000800d90800'
Event: 94.213 Thread 0x00007fd7180a1bf0 Unloading class 0x0000000800d90400 'java/lang/invoke/LambdaForm$MH+0x0000000800d90400'
Event: 94.213 Thread 0x00007fd7180a1bf0 Unloading class 0x0000000800d90000 'java/lang/invoke/LambdaForm$MH+0x0000000800d90000'
Event: 94.213 Thread 0x00007fd7180a1bf0 Unloading class 0x0000000800cb2800 'java/lang/invoke/LambdaForm$MH+0x0000000800cb2800'
Event: 94.213 Thread 0x00007fd7180a1bf0 Unloading class 0x0000000800cb2000 'java/lang/invoke/LambdaForm$MH+0x0000000800cb2000'
Event: 94.213 Thread 0x00007fd7180a1bf0 Unloading class 0x0000000800cb1c00 'java/lang/invoke/LambdaForm$MH+0x0000000800cb1c00'
Event: 94.213 Thread 0x00007fd7180a1bf0 Unloading class 0x0000000800cb1800 'java/lang/invoke/LambdaForm$MH+0x0000000800cb1800'
Event: 94.214 Thread 0x00007fd7180a1bf0 Unloading class 0x0000000800cb1000 'java/lang/invoke/LambdaForm$MH+0x0000000800cb1000'
Event: 94.214 Thread 0x00007fd7180a1bf0 Unloading class 0x0000000800cb0c00 'java/lang/invoke/LambdaForm$MH+0x0000000800cb0c00'
Event: 94.214 Thread 0x00007fd7180a1bf0 Unloading class 0x0000000800cb0800 'java/lang/invoke/LambdaForm$MH+0x0000000800cb0800'
Event: 94.214 Thread 0x00007fd7180a1bf0 Unloading class 0x0000000800cb0000 'java/lang/invoke/LambdaForm$MH+0x0000000800cb0000'
Event: 94.214 Thread 0x00007fd7180a1bf0 Unloading class 0x0000000800c85000 'jdk/internal/reflect/GeneratedMethodAccessor5'
Event: 94.214 Thread 0x00007fd7180a1bf0 Unloading class 0x0000000800c84c00 'jdk/internal/reflect/GeneratedMethodAccessor4'
Event: 94.214 Thread 0x00007fd7180a1bf0 Unloading class 0x0000000800c84800 'jdk/internal/reflect/GeneratedMethodAccessor3'
Event: 94.214 Thread 0x00007fd7180a1bf0 Unloading class 0x0000000800c84400 'jdk/internal/reflect/GeneratedMethodAccessor2'
Event: 94.214 Thread 0x00007fd7180a1bf0 Unloading class 0x0000000800c84000 'jdk/internal/reflect/GeneratedMethodAccessor1'
Event: 94.214 Thread 0x00007fd7180a1bf0 Unloading class 0x0000000800c01c00 'java/lang/invoke/LambdaForm$DMH+0x0000000800c01c00'

Classes redefined (0 events):
No events

Internal exceptions (20 events):
Event: 31.380 Thread 0x00007fd6a4001540 Exception <a 'java/io/FileNotFoundException'{0x00000000f599b2e0}> (0x00000000f599b2e0) 
thrown [src/hotspot/share/prims/jni.cpp, line 516]
Event: 31.396 Thread 0x00007fd6a4001540 Exception <a 'java/lang/NoSuchMethodError'{0x00000000f5a0d4f8}: 'java.lang.Object java.lang.invoke.DirectMethodHandle$Holder.newInvokeSpecial(java.lang.Object, java.lang.Object, int, java.lang.Object, java.lang.Object)'> (0x00000000f5a0d4f8) 
thrown [src/hotspot/share/interpreter/linkResolver.cpp, line 758]
Event: 31.398 Thread 0x00007fd6a4001540 Exception <a 'java/lang/NoSuchMethodError'{0x00000000f5a11738}: 'java.lang.Object java.lang.invoke.DirectMethodHandle$Holder.invokeSpecial(java.lang.Object, java.lang.Object, java.lang.Object, int, java.lang.Object, java.lang.Object)'> (0x00000000f5a11738) 
thrown [src/hotspot/share/interpreter/linkResolver.cpp, line 758]
Event: 31.988 Thread 0x00007fd6a4001540 Exception <a 'java/io/FileNotFoundException'{0x00000000f6056550}> (0x00000000f6056550) 
thrown [src/hotspot/share/prims/jni.cpp, line 516]
Event: 31.988 Thread 0x00007fd6a4001540 Exception <a 'java/io/FileNotFoundException'{0x00000000f6057788}> (0x00000000f6057788) 
thrown [src/hotspot/share/prims/jni.cpp, line 516]
Event: 32.926 Thread 0x00007fd684189ea0 Exception <a 'java/lang/NoSuchMethodError'{0x00000000f56fbf90}: 'java.lang.Object java.lang.invoke.DirectMethodHandle$Holder.invokeStatic(java.lang.Object, int, java.lang.Object, java.lang.Object, java.lang.Object, java.lang.Object)'> (0x00000000f56fbf90) 
thrown [src/hotspot/share/interpreter/linkResolver.cpp, line 758]
Event: 32.927 Thread 0x00007fd684189ea0 Exception <a 'java/lang/NoSuchMethodError'{0x00000000f57044b0}: 'java.lang.Object java.lang.invoke.DirectMethodHandle$Holder.newInvokeSpecial(java.lang.Object, int, java.lang.Object, java.lang.Object, java.lang.Object)'> (0x00000000f57044b0) 
thrown [src/hotspot/share/interpreter/linkResolver.cpp, line 758]
Event: 33.188 Thread 0x00007fd684189ea0 Exception <a 'java/lang/NoSuchMethodError'{0x00000000f5bfda90}: 'void java.lang.invoke.DirectMethodHandle$Holder.invokeSpecial(java.lang.Object, java.lang.Object, int)'> (0x00000000f5bfda90) 
thrown [src/hotspot/share/interpreter/linkResolver.cpp, line 758]
Event: 33.596 Thread 0x00007fd684189ea0 Exception <a 'java/lang/NoSuchMethodError'{0x00000000f629c6e0}: 'int java.lang.invoke.DirectMethodHandle$Holder.invokeSpecial(java.lang.Object, java.lang.Object, java.lang.Object)'> (0x00000000f629c6e0) 
thrown [src/hotspot/share/interpreter/linkResolver.cpp, line 758]
Event: 33.783 Thread 0x00007fd684132ed0 Exception <a 'java/io/FileNotFoundException'{0x00000000f64d4ea0}> (0x00000000f64d4ea0) 
thrown [src/hotspot/share/prims/jni.cpp, line 516]
Event: 33.826 Thread 0x00007fd684189ea0 Exception <a 'java/lang/NoSuchMethodError'{0x00000000f6556e10}: 'int java.lang.invoke.DirectMethodHandle$Holder.invokeSpecialIFC(java.lang.Object, java.lang.Object, java.lang.Object, java.lang.Object)'> (0x00000000f6556e10) 
thrown [src/hotspot/share/interpreter/linkResolver.cpp, line 758]
Event: 34.895 Thread 0x00007fd684132ed0 Exception <a 'java/io/FileNotFoundException'{0x00000000f5c51168}> (0x00000000f5c51168) 
thrown [src/hotspot/share/prims/jni.cpp, line 516]
Event: 36.028 Thread 0x00007fd6ac62bae0 Implicit null exception at 0x00007fd706fbb130 to 0x00007fd706fbb1d7
Event: 39.305 Thread 0x00007fd684131f10 Exception <a 'java/lang/ArrayIndexOutOfBoundsException'{0x00000000f5c9dd60}: Index 635 out of bounds for length 635> (0x00000000f5c9dd60) 
thrown [src/hotspot/share/interpreter/interpreterRuntime.cpp, line 428]
Event: 57.194 Thread 0x00007fd6ac62bae0 Implicit null exception at 0x00007fd707179286 to 0x00007fd70717d5b5
Event: 332.396 Thread 0x00007fd6ac62bae0 Exception <a 'java/lang/OutOfMemoryError'{0x00000000e00bd010}> (0x00000000e00bd010) 
thrown [src/hotspot/share/gc/shared/memAllocator.cpp, line 138]
Event: 332.396 Thread 0x00007fd6ac62bae0 Implicit null exception at 0x00007fd7071fe64a to 0x00007fd7071febd9
Event: 447.125 Thread 0x00007fd7183f66a0 Exception <a 'java/lang/OutOfMemoryError'{0x00000000e00bc4d0}> (0x00000000e00bc4d0) 
thrown [src/hotspot/share/gc/shared/memAllocator.cpp, line 136]
Event: 447.125 Thread 0x00007fd7183f66a0 Exception <a 'java/lang/reflect/InvocationTargetException'{0x00000000f557ec90}> (0x00000000f557ec90) 
thrown [src/hotspot/share/runtime/reflection.cpp, line 1119]
Event: 473.692 Thread 0x00007fd7180b21b0 Exception <a 'java/lang/OutOfMemoryError'{0x00000000e00bcac0}> (0x00000000e00bcac0) 
thrown [src/hotspot/share/gc/shared/memAllocator.cpp, line 136]

VM Operations (20 events):
Event: 451.629 Executing VM operation: ParallelGCFailedAllocation
Event: 453.216 Executing VM operation: ParallelGCFailedAllocation done
Event: 453.217 Executing VM operation: ParallelGCFailedAllocation
Event: 454.683 Executing VM operation: ParallelGCFailedAllocation done
Event: 454.689 Executing VM operation: ParallelGCFailedAllocation
Event: 456.718 Executing VM operation: ParallelGCFailedAllocation done
Event: 456.719 Executing VM operation: ParallelGCFailedAllocation
Event: 458.946 Executing VM operation: ParallelGCFailedAllocation done
Event: 458.947 Executing VM operation: ParallelGCFailedAllocation
Event: 460.984 Executing VM operation: ParallelGCFailedAllocation done
Event: 460.984 Executing VM operation: ParallelGCFailedAllocation
Event: 463.018 Executing VM operation: ParallelGCFailedAllocation done
Event: 463.019 Executing VM operation: ParallelGCFailedAllocation
Event: 465.188 Executing VM operation: ParallelGCFailedAllocation done
Event: 465.188 Executing VM operation: ParallelGCFailedAllocation
Event: 467.348 Executing VM operation: ParallelGCFailedAllocation done
Event: 467.348 Executing VM operation: ParallelGCFailedAllocation
Event: 469.403 Executing VM operation: ParallelGCFailedAllocation done
Event: 469.404 Executing VM operation: ParallelGCFailedAllocation
Event: 473.692 Executing VM operation: ParallelGCFailedAllocation done

Events (20 events):
Event: 67.399 Thread 0x00007fd7180b4b10 flushing nmethod 0x00007fd7007de210
Event: 67.399 Thread 0x00007fd7180b4b10 flushing nmethod 0x00007fd7007deb90
Event: 67.400 Thread 0x00007fd7180b4b10 flushing nmethod 0x00007fd7007e1010
Event: 67.400 Thread 0x00007fd7180b4b10 flushing nmethod 0x00007fd7007e1d10
Event: 67.400 Thread 0x00007fd7180b4b10 flushing nmethod 0x00007fd7007e6d10
Event: 67.400 Thread 0x00007fd7180b4b10 flushing nmethod 0x00007fd700802e90
Event: 67.400 Thread 0x00007fd7180b4b10 flushing nmethod 0x00007fd700807b10
Event: 67.400 Thread 0x00007fd7180b4b10 flushing nmethod 0x00007fd700812410
Event: 67.400 Thread 0x00007fd7180b4b10 flushing nmethod 0x00007fd700820590
Event: 74.505 Thread 0x00007fd684183bb0 Thread added: 0x00007fd684183bb0
Event: 74.583 Protecting memory [0x00007fd6c3400000,0x00007fd6c3404000] with protection modes 0
Event: 79.700 Thread 0x00007fd6a03de710 Thread added: 0x00007fd6a03de710
Event: 79.700 Protecting memory [0x00007fd6c2f00000,0x00007fd6c2f04000] with protection modes 0
Event: 141.358 Thread 0x00007fd6a03de710 Thread exited: 0x00007fd6a03de710
Event: 141.359 Thread 0x00007fd69c0010d0 Thread exited: 0x00007fd69c0010d0
Event: 141.360 Thread 0x00007fd6a4001540 Thread exited: 0x00007fd6a4001540
Event: 356.589 Thread 0x00007fd68412d360 Thread added: 0x00007fd68412d360
Event: 356.589 Protecting memory [0x00007fd6c3700000,0x00007fd6c3704000] with protection modes 0
Event: 356.589 Thread 0x00007fd694013310 Thread added: 0x00007fd694013310
Event: 356.589 Protecting memory [0x00007fd6c4300000,0x00007fd6c4304000] with protection modes 0


Dynamic libraries:
e0000000-f5580000 rw-p 00000000 00:00 0 
f5580000-f7d80000 rw-p 00000000 00:00 0 
f7d80000-100000000 ---p 00000000 00:00 0 
800000000-800449000 rw-p 00001000 00:1623 4611686019135357769            /nix/store/gpxl5qgg8kicmcvivwmybwjlpf7wh20l-graalvm17-ce-22.3.0/lib/server/classes.jsa
800449000-800bc8000 r--p 0044a000 00:1623 4611686019135357769            /nix/store/gpxl5qgg8kicmcvivwmybwjlpf7wh20l-graalvm17-ce-22.3.0/lib/server/classes.jsa
800bc8000-800c00000 ---p 00000000 00:00 0 
800c00000-800c20000 rw-p 00000000 00:00 0 
800c20000-800c40000 rw-p 00000000 00:00 0 
800c40000-800cc0000 rw-p 00000000 00:00 0 
800cc0000-800d00000 rw-p 00000000 00:00 0 
800d00000-800dc0000 rw-p 00000000 00:00 0 
800dc0000-800e00000 rw-p 00000000 00:00 0 
800e00000-8011b0000 rw-p 00000000 00:00 0 
8011b0000-840c00000 ---p 00000000 00:00 0 
556215448000-556215449000 r-xp 00000000 00:1623 4611686019099417844      /nix/store/gpxl5qgg8kicmcvivwmybwjlpf7wh20l-graalvm17-ce-22.3.0/bin/.java-wrapped
55621544a000-55621544b000 r--p 00001000 00:1623 4611686019099417844      /nix/store/gpxl5qgg8kicmcvivwmybwjlpf7wh20l-graalvm17-ce-22.3.0/bin/.java-wrapped
55621544b000-55621544c000 rw-p 00002000 00:1623 4611686019099417844      /nix/store/gpxl5qgg8kicmcvivwmybwjlpf7wh20l-graalvm17-ce-22.3.0/bin/.java-wrapped
55621544c000-55621544d000 rw-p 00004000 00:1623 4611686019099417844      /nix/store/gpxl5qgg8kicmcvivwmybwjlpf7wh20l-graalvm17-ce-22.3.0/bin/.java-wrapped
55621544d000-55621544e000 rw-p 00005000 00:1623 4611686019099417844      /nix/store/gpxl5qgg8kicmcvivwmybwjlpf7wh20l-graalvm17-ce-22.3.0/bin/.java-wrapped
556215838000-556215880000 rw-p 00000000 00:00 0                          [heap]
7fd654000000-7fd654021000 rw-p 00000000 00:00 0 
7fd654021000-7fd658000000 ---p 00000000 00:00 0 
7fd65c000000-7fd65c021000 rw-p 00000000 00:00 0 
7fd65c021000-7fd660000000 ---p 00000000 00:00 0 
7fd660000000-7fd660021000 rw-p 00000000 00:00 0 
7fd660021000-7fd664000000 ---p 00000000 00:00 0 
7fd664000000-7fd66404c000 rw-p 00000000 00:00 0 
7fd66404c000-7fd668000000 ---p 00000000 00:00 0 
7fd668000000-7fd668021000 rw-p 00000000 00:00 0 
7fd668021000-7fd66c000000 ---p 00000000 00:00 0 
7fd66c000000-7fd66c058000 rw-p 00000000 00:00 0 
7fd66c058000-7fd670000000 ---p 00000000 00:00 0 
7fd6724b3000-7fd67c000000 r--s 00000000 00:1623 4611686019135192581      /nix/store/gpxl5qgg8kicmcvivwmybwjlpf7wh20l-graalvm17-ce-22.3.0/lib/modules
7fd67c000000-7fd67c2eb000 rw-p 00000000 00:00 0 
7fd67c2eb000-7fd680000000 ---p 00000000 00:00 0 
7fd680000000-7fd68016a000 rw-p 00000000 00:00 0 
7fd68016a000-7fd684000000 ---p 00000000 00:00 0 
7fd684000000-7fd68419c000 rw-p 00000000 00:00 0 
7fd68419c000-7fd688000000 ---p 00000000 00:00 0 
7fd689400000-7fd689600000 rw-p 00000000 00:00 0 
7fd689600000-7fd689c00000 ---p 00000000 00:00 0 
7fd689c00000-7fd689f00000 rw-p 00000000 00:00 0 
7fd689f00000-7fd689f50000 rw-p 00000000 00:00 0 
7fd689f50000-7fd68a000000 ---p 00000000 00:00 0 
7fd68a000000-7fd68a400000 rw-p 00000000 00:00 0 
7fd68a400000-7fd68a7c0000 rw-p 00000000 00:00 0 
7fd68a7c0000-7fd68a800000 rw-p 00000000 00:00 0 
7fd68a800000-7fd68aa00000 rw-p 00000000 00:00 0 
7fd68aa00000-7fd68ac00000 rw-p 00000000 00:00 0 
7fd68b000000-7fd68b180000 rw-p 00000000 00:00 0 
7fd68b180000-7fd68b200000 rw-p 00000000 00:00 0 
7fd68b200000-7fd68b800000 rw-p 00000000 00:00 0 
7fd68c000000-7fd68c021000 rw-p 00000000 00:00 0 
7fd68c021000-7fd690000000 ---p 00000000 00:00 0 
7fd690000000-7fd690021000 rw-p 00000000 00:00 0 
7fd690021000-7fd694000000 ---p 00000000 00:00 0 
7fd694000000-7fd69403a000 rw-p 00000000 00:00 0 
7fd69403a000-7fd698000000 ---p 00000000 00:00 0 
7fd698000000-7fd698021000 rw-p 00000000 00:00 0 
7fd698021000-7fd69c000000 ---p 00000000 00:00 0 
7fd69c000000-7fd69c195000 rw-p 00000000 00:00 0 
7fd69c195000-7fd6a0000000 ---p 00000000 00:00 0 
7fd6a0000000-7fd6a0428000 rw-p 00000000 00:00 0 
7fd6a0428000-7fd6a4000000 ---p 00000000 00:00 0 
7fd6a4000000-7fd6a4021000 rw-p 00000000 00:00 0 
7fd6a4021000-7fd6a8000000 ---p 00000000 00:00 0 
7fd6a8000000-7fd6a8021000 rw-p 00000000 00:00 0 
7fd6a8021000-7fd6ac000000 ---p 00000000 00:00 0 
7fd6ac000000-7fd6ac8bc000 rw-p 00000000 00:00 0 
7fd6ac8bc000-7fd6b0000000 ---p 00000000 00:00 0 
7fd6b0000000-7fd6b0021000 rw-p 00000000 00:00 0 
7fd6b0021000-7fd6b4000000 ---p 00000000 00:00 0 
7fd6b4000000-7fd6b4021000 rw-p 00000000 00:00 0 
7fd6b4021000-7fd6b8000000 ---p 00000000 00:00 0 
7fd6b8000000-7fd6b8021000 rw-p 00000000 00:00 0 
7fd6b8021000-7fd6bc000000 ---p 00000000 00:00 0 
7fd6bc000000-7fd6bc021000 rw-p 00000000 00:00 0 
7fd6bc021000-7fd6c0000000 ---p 00000000 00:00 0 
7fd6c0800000-7fd6c0900000 rw-p 00000000 00:00 0 
7fd6c0900000-7fd6c0e00000 rw-p 00000000 00:00 0 
7fd6c0e00000-7fd6c1000000 rw-p 00000000 00:00 0 
7fd6c1000000-7fd6c1100000 rw-p 00000000 00:00 0 
7fd6c1100000-7fd6c1200000 rw-p 00000000 00:00 0 
7fd6c1200000-7fd6c1780000 rw-p 00000000 00:00 0 
7fd6c1780000-7fd6c1800000 rw-p 00000000 00:00 0 
7fd6c1a00000-7fd6c1a10000 r-xp 00000000 00:1620 353                      /home/runner/.cache/jdt-language-server/config/org.eclipse.equinox.launcher/org.eclipse.equinox.launcher.gtk.linux.x86_64_1.2.400.v20211117-0650/eclipse_11600.so
7fd6c1a10000-7fd6c1c0f000 ---p 00010000 00:1620 353                      /home/runner/.cache/jdt-language-server/config/org.eclipse.equinox.launcher/org.eclipse.equinox.launcher.gtk.linux.x86_64_1.2.400.v20211117-0650/eclipse_11600.so
7fd6c1c0f000-7fd6c1c10000 r--p 0000f000 00:1620 353                      /home/runner/.cache/jdt-language-server/config/org.eclipse.equinox.launcher/org.eclipse.equinox.launcher.gtk.linux.x86_64_1.2.400.v20211117-0650/eclipse_11600.so
7fd6c1c10000-7fd6c1c11000 rw-p 00010000 00:1620 353                      /home/runner/.cache/jdt-language-server/config/org.eclipse.equinox.launcher/org.eclipse.equinox.launcher.gtk.linux.x86_64_1.2.400.v20211117-0650/eclipse_11600.so
7fd6c1d00000-7fd6c1e00000 ---p 00000000 00:00 0 
7fd6c1e00000-7fd6c23af000 r--p 01122000 00:1623 4611686019135190040      /nix/store/gpxl5qgg8kicmcvivwmybwjlpf7wh20l-graalvm17-ce-22.3.0/lib/libjvmcicompiler.so
7fd6c23af000-7fd6c2500000 r--p 00000000 00:00 0 
7fd6c2500000-7fd6c253d000 rw-p 00000000 00:00 0 
7fd6c253d000-7fd6c2a5d000 rw-p 0185f000 00:1623 4611686019135190040      /nix/store/gpxl5qgg8kicmcvivwmybwjlpf7wh20l-graalvm17-ce-22.3.0/lib/libjvmcicompiler.so
7fd6c2a5d000-7fd6c2e44000 r--p 01d7f000 00:1623 4611686019135190040      /nix/store/gpxl5qgg8kicmcvivwmybwjlpf7wh20l-graalvm17-ce-22.3.0/lib/libjvmcicompiler.so
7fd6c2f00000-7fd6c2f04000 ---p 00000000 00:00 0 
7fd6c2f04000-7fd6c3000000 rw-p 00000000 00:00 0 
7fd6c3000000-7fd6c3004000 ---p 00000000 00:00 0 
7fd6c3004000-7fd6c3100000 rw-p 00000000 00:00 0 
7fd6c3100000-7fd6c3104000 ---p 00000000 00:00 0 
7fd6c3104000-7fd6c3200000 rw-p 00000000 00:00 0 
7fd6c3300000-7fd6c3304000 ---p 00000000 00:00 0 
7fd6c3304000-7fd6c3400000 rw-p 00000000 00:00 0 
7fd6c3400000-7fd6c3404000 ---p 00000000 00:00 0 
7fd6c3404000-7fd6c3500000 rw-p 00000000 00:00 0 
7fd6c3500000-7fd6c3504000 ---p 00000000 00:00 0 
7fd6c3504000-7fd6c3600000 rw-p 00000000 00:00 0 
7fd6c3700000-7fd6c3704000 ---p 00000000 00:00 0 
7fd6c3704000-7fd6c3800000 rw-p 00000000 00:00 0 
7fd6c3900000-7fd6c3904000 ---p 00000000 00:00 0 
7fd6c3904000-7fd6c3a00000 rw-p 00000000 00:00 0 
7fd6c3b00000-7fd6c3b04000 ---p 00000000 00:00 0 
7fd6c3b04000-7fd6c3c00000 rw-p 00000000 00:00 0 
7fd6c3d00000-7fd6c3d04000 ---p 00000000 00:00 0 
7fd6c3d04000-7fd6c3e00000 rw-p 00000000 00:00 0 
7fd6c3f00000-7fd6c3f04000 ---p 00000000 00:00 0 
7fd6c3f04000-7fd6c4000000 rw-p 00000000 00:00 0 
7fd6c4000000-7fd6c4004000 ---p 00000000 00:00 0 
7fd6c4004000-7fd6c4100000 rw-p 00000000 00:00 0 
7fd6c4100000-7fd6c4104000 ---p 00000000 00:00 0 
7fd6c4104000-7fd6c4200000 rw-p 00000000 00:00 0 
7fd6c4300000-7fd6c4304000 ---p 00000000 00:00 0 
7fd6c4304000-7fd6c4400000 rw-p 00000000 00:00 0 
7fd6c4500000-7fd6c4504000 ---p 00000000 00:00 0 
7fd6c4504000-7fd6c4600000 rw-p 00000000 00:00 0 
7fd6c4700000-7fd6c4704000 ---p 00000000 00:00 0 
7fd6c4704000-7fd6c4800000 rw-p 00000000 00:00 0 
7fd6c4900000-7fd6c4904000 ---p 00000000 00:00 0 
7fd6c4904000-7fd6c4a00000 rw-p 00000000 00:00 0 
7fd6c5668000-7fd6c5b00000 rw-p 00000000 00:00 0 
7fd6c5c00000-7fd6c7d6a000 r-xp 00000000 00:1623 4611686019135190040      /nix/store/gpxl5qgg8kicmcvivwmybwjlpf7wh20l-graalvm17-ce-22.3.0/lib/libjvmcicompiler.so
7fd6c7d6a000-7fd6c7f69000 ---p 0216a000 00:1623 4611686019135190040      /nix/store/gpxl5qgg8kicmcvivwmybwjlpf7wh20l-graalvm17-ce-22.3.0/lib/libjvmcicompiler.so
7fd6c7f69000-7fd6c7f6a000 r--p 02169000 00:1623 4611686019135190040      /nix/store/gpxl5qgg8kicmcvivwmybwjlpf7wh20l-graalvm17-ce-22.3.0/lib/libjvmcicompiler.so
7fd6c7f6a000-7fd6c7f6c000 rw-p 0216a000 00:1623 4611686019135190040      /nix/store/gpxl5qgg8kicmcvivwmybwjlpf7wh20l-graalvm17-ce-22.3.0/lib/libjvmcicompiler.so
7fd6c7f6c000-7fd6c7f6d000 rw-p 00000000 00:00 0 
7fd6c7f6d000-7fd6c7f72000 rw-p 023c3000 00:1623 4611686019135190040      /nix/store/gpxl5qgg8kicmcvivwmybwjlpf7wh20l-graalvm17-ce-22.3.0/lib/libjvmcicompiler.so
7fd6c8000000-7fd6c8021000 rw-p 00000000 00:00 0 
7fd6c8021000-7fd6cc000000 ---p 00000000 00:00 0 
7fd6cc000000-7fd6cc021000 rw-p 00000000 00:00 0 
7fd6cc021000-7fd6d0000000 ---p 00000000 00:00 0 
7fd6d0000000-7fd6d0079000 rw-p 00000000 00:00 0 
7fd6d0079000-7fd6d4000000 ---p 00000000 00:00 0 
7fd6d4000000-7fd6d4021000 rw-p 00000000 00:00 0 
7fd6d4021000-7fd6d8000000 ---p 00000000 00:00 0 
7fd6d8000000-7fd6d80de000 rw-p 00000000 00:00 0 
7fd6d80de000-7fd6dc000000 ---p 00000000 00:00 0 
7fd6dc000000-7fd6dca88000 rw-p 00000000 00:00 0 
7fd6dca88000-7fd6e0000000 ---p 00000000 00:00 0 
7fd6e0000000-7fd6e0021000 rw-p 00000000 00:00 0 
7fd6e0021000-7fd6e4000000 ---p 00000000 00:00 0 
7fd6e4000000-7fd6e4021000 rw-p 00000000 00:00 0 
7fd6e4021000-7fd6e8000000 ---p 00000000 00:00 0 
7fd6e8000000-7fd6e8021000 rw-p 00000000 00:00 0 
7fd6e8021000-7fd6ec000000 ---p 00000000 00:00 0 
7fd6ec000000-7fd6ec021000 rw-p 00000000 00:00 0 
7fd6ec021000-7fd6f0000000 ---p 00000000 00:00 0 
7fd6f0000000-7fd6f0021000 rw-p 00000000 00:00 0 
7fd6f0021000-7fd6f4000000 ---p 00000000 00:00 0 
7fd6f4000000-7fd6f4021000 rw-p 00000000 00:00 0 
7fd6f4021000-7fd6f8000000 ---p 00000000 00:00 0 
7fd6f8000000-7fd6f8049000 rw-p 00000000 00:00 0 
7fd6f8049000-7fd6fc000000 ---p 00000000 00:00 0 
7fd6fc000000-7fd6fc004000 ---p 00000000 00:00 0 
7fd6fc004000-7fd6fc100000 rw-p 00000000 00:00 0 
7fd6fc200000-7fd6fc204000 ---p 00000000 00:00 0 
7fd6fc204000-7fd6fc300000 rw-p 00000000 00:00 0 
7fd6fc400000-7fd6fc404000 ---p 00000000 00:00 0 
7fd6fc404000-7fd6fc500000 rw-p 00000000 00:00 0 
7fd6fc600000-7fd6fc604000 ---p 00000000 00:00 0 
7fd6fc604000-7fd6fc700000 rw-p 00000000 00:00 0 
7fd6fc818000-7fd6fc819000 ---p 00000000 00:00 0 
7fd6fc819000-7fd6fc91a000 rw-p 00000000 00:00 0 
7fd6fc91a000-7fd6fc91e000 ---p 00000000 00:00 0 
7fd6fc91e000-7fd6fca1a000 rw-p 00000000 00:00 0 
7fd6fca1a000-7fd6fca1e000 ---p 00000000 00:00 0 
7fd6fca1e000-7fd6fcb1a000 rw-p 00000000 00:00 0 
7fd6fcb1a000-7fd6fcb1e000 ---p 00000000 00:00 0 
7fd6fcb1e000-7fd6fcc1a000 rw-p 00000000 00:00 0 
7fd6fcc1a000-7fd6fcc1e000 ---p 00000000 00:00 0 
7fd6fcc1e000-7fd6fce1a000 rw-p 00000000 00:00 0 
7fd6fce1a000-7fd6fce1e000 ---p 00000000 00:00 0 
7fd6fce1e000-7fd6fd01a000 rw-p 00000000 00:00 0 
7fd6fd01a000-7fd6fd01e000 ---p 00000000 00:00 0 
7fd6fd01e000-7fd6fd11a000 rw-p 00000000 00:00 0 
7fd6fd11a000-7fd6fd11e000 ---p 00000000 00:00 0 
7fd6fd11e000-7fd6fd21a000 rw-p 00000000 00:00 0 
7fd6fd21a000-7fd6fd21e000 ---p 00000000 00:00 0 
7fd6fd21e000-7fd6fd31a000 rw-p 00000000 00:00 0 
7fd6fd31a000-7fd6fd600000 r--p 00000000 00:1616 28444448                 /usr/lib/locale/locale-archive
7fd6fd600000-7fd6fd604000 ---p 00000000 00:00 0 
7fd6fd604000-7fd6fd700000 rw-p 00000000 00:00 0 
7fd6fd700000-7fd6fd704000 ---p 00000000 00:00 0 
7fd6fd704000-7fd6fdc00000 rw-p 00000000 00:00 0 
7fd6fdc00000-7fd6fdec0000 rw-p 00000000 00:00 0 
7fd6fdec0000-7fd6fdf00000 rw-p 00000000 00:00 0 
7fd6fdf00000-7fd6fe000000 rw-p 00000000 00:00 0 
7fd6fe0a2000-7fd6fe0a6000 ---p 00000000 00:00 0 
7fd6fe0a6000-7fd6fe0c4000 rw-p 00000000 00:00 0 
7fd6fe0c4000-7fd6fe0d9000 r-xp 00000000 00:1623 4611686019135192570      /nix/store/gpxl5qgg8kicmcvivwmybwjlpf7wh20l-graalvm17-ce-22.3.0/lib/libnet.so
7fd6fe0d9000-7fd6fe0da000 ---p 00015000 00:1623 4611686019135192570      /nix/store/gpxl5qgg8kicmcvivwmybwjlpf7wh20l-graalvm17-ce-22.3.0/lib/libnet.so
7fd6fe0da000-7fd6fe0db000 r--p 00015000 00:1623 4611686019135192570      /nix/store/gpxl5qgg8kicmcvivwmybwjlpf7wh20l-graalvm17-ce-22.3.0/lib/libnet.so
7fd6fe0db000-7fd6fe0dc000 rw-p 00016000 00:1623 4611686019135192570      /nix/store/gpxl5qgg8kicmcvivwmybwjlpf7wh20l-graalvm17-ce-22.3.0/lib/libnet.so
7fd6fe0dc000-7fd6fe0df000 rw-p 0001b000 00:1623 4611686019135192570      /nix/store/gpxl5qgg8kicmcvivwmybwjlpf7wh20l-graalvm17-ce-22.3.0/lib/libnet.so
7fd6fe0df000-7fd6fe0e0000 ---p 00000000 00:00 0 
7fd6fe0e0000-7fd6fe1e1000 rw-p 00000000 00:00 0 
7fd6fe1e1000-7fd6fe2af000 r-xp 00000000 00:1623 4611686019135190036      /nix/store/gpxl5qgg8kicmcvivwmybwjlpf7wh20l-graalvm17-ce-22.3.0/lib/libjsvml.so
7fd6fe2af000-7fd6fe2b0000 r--p 000cd000 00:1623 4611686019135190036      /nix/store/gpxl5qgg8kicmcvivwmybwjlpf7wh20l-graalvm17-ce-22.3.0/lib/libjsvml.so
7fd6fe2b0000-7fd6fe2b1000 rw-p 000ce000 00:1623 4611686019135190036      /nix/store/gpxl5qgg8kicmcvivwmybwjlpf7wh20l-graalvm17-ce-22.3.0/lib/libjsvml.so
7fd6fe2b1000-7fd6ff4b3000 rw-p 00000000 00:00 0 
7fd6ff4b3000-7fd6ff723000 rwxp 00000000 00:00 0 
7fd6ff723000-7fd6ffa42000 ---p 00000000 00:00 0 
7fd6ffa42000-7fd700832000 rwxp 00000000 00:00 0 
7fd700832000-7fd706f7a000 ---p 00000000 00:00 0 
7fd706f7a000-7fd70721a000 rwxp 00000000 00:00 0 
7fd70721a000-7fd70e4b3000 ---p 00000000 00:00 0 
7fd70e4b3000-7fd718000000 r--s 00000000 00:1623 4611686019135192581      /nix/store/gpxl5qgg8kicmcvivwmybwjlpf7wh20l-graalvm17-ce-22.3.0/lib/modules
7fd718000000-7fd7183fe000 rw-p 00000000 00:00 0 
7fd7183fe000-7fd71c000000 ---p 00000000 00:00 0 
7fd71c000000-7fd71c007000 r-xp 00000000 00:1623 4611686019135192580      /nix/store/gpxl5qgg8kicmcvivwmybwjlpf7wh20l-graalvm17-ce-22.3.0/lib/libzip.so
7fd71c007000-7fd71c008000 ---p 00007000 00:1623 4611686019135192580      /nix/store/gpxl5qgg8kicmcvivwmybwjlpf7wh20l-graalvm17-ce-22.3.0/lib/libzip.so
7fd71c008000-7fd71c009000 r--p 00007000 00:1623 4611686019135192580      /nix/store/gpxl5qgg8kicmcvivwmybwjlpf7wh20l-graalvm17-ce-22.3.0/lib/libzip.so
7fd71c009000-7fd71c00a000 rw-p 00008000 00:1623 4611686019135192580      /nix/store/gpxl5qgg8kicmcvivwmybwjlpf7wh20l-graalvm17-ce-22.3.0/lib/libzip.so
7fd71c00a000-7fd71c00c000 rw-p 0000b000 00:1623 4611686019135192580      /nix/store/gpxl5qgg8kicmcvivwmybwjlpf7wh20l-graalvm17-ce-22.3.0/lib/libzip.so
7fd71c00c000-7fd71c01f000 r-xp 00000000 00:1623 4611686019135192571      /nix/store/gpxl5qgg8kicmcvivwmybwjlpf7wh20l-graalvm17-ce-22.3.0/lib/libnio.so
7fd71c01f000-7fd71c020000 r--p 00012000 00:1623 4611686019135192571      /nix/store/gpxl5qgg8kicmcvivwmybwjlpf7wh20l-graalvm17-ce-22.3.0/lib/libnio.so
7fd71c020000-7fd71c021000 rw-p 00013000 00:1623 4611686019135192571      /nix/store/gpxl5qgg8kicmcvivwmybwjlpf7wh20l-graalvm17-ce-22.3.0/lib/libnio.so
7fd71c021000-7fd71c026000 rw-p 00019000 00:1623 4611686019135192571      /nix/store/gpxl5qgg8kicmcvivwmybwjlpf7wh20l-graalvm17-ce-22.3.0/lib/libnio.so
7fd71c026000-7fd71c6fc000 rw-p 00000000 00:00 0 
7fd71c6fc000-7fd71c6fd000 ---p 00000000 00:00 0 
7fd71c6fd000-7fd71c8a8000 rw-p 00000000 00:00 0 
7fd71c8a8000-7fd71c8bd000 rw-p 00000000 00:00 0 
7fd71c8bd000-7fd71c8fe000 ---p 00000000 00:00 0 
7fd71c8fe000-7fd71c905000 rw-p 00000000 00:00 0 
7fd71c905000-7fd71c9ea000 ---p 00000000 00:00 0 
7fd71c9ea000-7fd71ca06000 rw-p 00000000 00:00 0 
7fd71ca06000-7fd71cad5000 ---p 00000000 00:00 0 
7fd71cad5000-7fd71cada000 rw-p 00000000 00:00 0 
7fd71cada000-7fd71cae1000 ---p 00000000 00:00 0 
7fd71cae1000-7fd71cb05000 r-xp 00000000 00:1623 4611686019135190028      /nix/store/gpxl5qgg8kicmcvivwmybwjlpf7wh20l-graalvm17-ce-22.3.0/lib/libjava.so
7fd71cb05000-7fd71cb06000 ---p 00024000 00:1623 4611686019135190028      /nix/store/gpxl5qgg8kicmcvivwmybwjlpf7wh20l-graalvm17-ce-22.3.0/lib/libjava.so
7fd71cb06000-7fd71cb07000 r--p 00024000 00:1623 4611686019135190028      /nix/store/gpxl5qgg8kicmcvivwmybwjlpf7wh20l-graalvm17-ce-22.3.0/lib/libjava.so
7fd71cb07000-7fd71cb08000 rw-p 00025000 00:1623 4611686019135190028      /nix/store/gpxl5qgg8kicmcvivwmybwjlpf7wh20l-graalvm17-ce-22.3.0/lib/libjava.so
7fd71cb08000-7fd71cb09000 rw-p 00000000 00:00 0 
7fd71cb09000-7fd71cb10000 rw-p 0002f000 00:1623 4611686019135190028      /nix/store/gpxl5qgg8kicmcvivwmybwjlpf7wh20l-graalvm17-ce-22.3.0/lib/libjava.so
7fd71cb10000-7fd71cb18000 rw-s 00000000 00:1d4 706                       /tmp/hsperfdata_runner/9163
7fd71cb18000-7fd71cb19000 ---p 00000000 00:00 0 
7fd71cb19000-7fd71cb1a000 r--p 00000000 00:00 0 
7fd71cb1a000-7fd71cb1b000 rwxp 00000000 00:00 0 
7fd71cb1b000-7fd71cb36000 r-xp 00000000 00:1623 4611686019135190032      /nix/store/gpxl5qgg8kicmcvivwmybwjlpf7wh20l-graalvm17-ce-22.3.0/lib/libjimage.so
7fd71cb36000-7fd71cb37000 ---p 0001b000 00:1623 4611686019135190032      /nix/store/gpxl5qgg8kicmcvivwmybwjlpf7wh20l-graalvm17-ce-22.3.0/lib/libjimage.so
7fd71cb37000-7fd71cb39000 r--p 0001b000 00:1623 4611686019135190032      /nix/store/gpxl5qgg8kicmcvivwmybwjlpf7wh20l-graalvm17-ce-22.3.0/lib/libjimage.so
7fd71cb39000-7fd71cb3a000 rw-p 0001d000 00:1623 4611686019135190032      /nix/store/gpxl5qgg8kicmcvivwmybwjlpf7wh20l-graalvm17-ce-22.3.0/lib/libjimage.so
7fd71cb3a000-7fd71cb3b000 rw-p 00024000 00:1623 4611686019135190032      /nix/store/gpxl5qgg8kicmcvivwmybwjlpf7wh20l-graalvm17-ce-22.3.0/lib/libjimage.so
7fd71cb3b000-7fd71cb3f000 ---p 00000000 00:00 0 
7fd71cb3f000-7fd71cc3b000 rw-p 00000000 00:00 0 
7fd71cc3b000-7fd71cc49000 r--p 00000000 00:1623 4611686019027979927      /nix/store/4nlgxhb09sdr51nc9hdm8az5b08vzkgx-glibc-2.35-163/lib/libm.so.6
7fd71cc49000-7fd71ccbc000 r-xp 0000e000 00:1623 4611686019027979927      /nix/store/4nlgxhb09sdr51nc9hdm8az5b08vzkgx-glibc-2.35-163/lib/libm.so.6
7fd71ccbc000-7fd71cd19000 r--p 00081000 00:1623 4611686019027979927      /nix/store/4nlgxhb09sdr51nc9hdm8az5b08vzkgx-glibc-2.35-163/lib/libm.so.6
7fd71cd19000-7fd71cd1a000 r--p 000dd000 00:1623 4611686019027979927      /nix/store/4nlgxhb09sdr51nc9hdm8az5b08vzkgx-glibc-2.35-163/lib/libm.so.6
7fd71cd1a000-7fd71cd1b000 rw-p 000de000 00:1623 4611686019027979927      /nix/store/4nlgxhb09sdr51nc9hdm8az5b08vzkgx-glibc-2.35-163/lib/libm.so.6
7fd71cd1b000-7fd71cd1c000 r--p 00000000 00:1623 4611686019027979946      /nix/store/4nlgxhb09sdr51nc9hdm8az5b08vzkgx-glibc-2.35-163/lib/librt.so.1
7fd71cd1c000-7fd71cd1d000 r-xp 00001000 00:1623 4611686019027979946      /nix/store/4nlgxhb09sdr51nc9hdm8az5b08vzkgx-glibc-2.35-163/lib/librt.so.1
7fd71cd1d000-7fd71cd1e000 r--p 00002000 00:1623 4611686019027979946      /nix/store/4nlgxhb09sdr51nc9hdm8az5b08vzkgx-glibc-2.35-163/lib/librt.so.1
7fd71cd1e000-7fd71cd1f000 r--p 00002000 00:1623 4611686019027979946      /nix/store/4nlgxhb09sdr51nc9hdm8az5b08vzkgx-glibc-2.35-163/lib/librt.so.1
7fd71cd1f000-7fd71cd20000 rw-p 00003000 00:1623 4611686019027979946      /nix/store/4nlgxhb09sdr51nc9hdm8az5b08vzkgx-glibc-2.35-163/lib/librt.so.1
7fd71cd20000-7fd71de33000 r-xp 00000000 00:1623 4611686019135360866      /nix/store/gpxl5qgg8kicmcvivwmybwjlpf7wh20l-graalvm17-ce-22.3.0/lib/server/libjvm.so
7fd71de33000-7fd71de34000 ---p 01113000 00:1623 4611686019135360866      /nix/store/gpxl5qgg8kicmcvivwmybwjlpf7wh20l-graalvm17-ce-22.3.0/lib/server/libjvm.so
7fd71de34000-7fd71dee9000 r--p 01113000 00:1623 4611686019135360866      /nix/store/gpxl5qgg8kicmcvivwmybwjlpf7wh20l-graalvm17-ce-22.3.0/lib/server/libjvm.so
7fd71dee9000-7fd71df1d000 rw-p 011c8000 00:1623 4611686019135360866      /nix/store/gpxl5qgg8kicmcvivwmybwjlpf7wh20l-graalvm17-ce-22.3.0/lib/server/libjvm.so
7fd71df1d000-7fd71df79000 rw-p 00000000 00:00 0 
7fd71df79000-7fd71dfa1000 r--p 00000000 00:1623 4611686019027979918      /nix/store/4nlgxhb09sdr51nc9hdm8az5b08vzkgx-glibc-2.35-163/lib/libc.so.6
7fd71dfa1000-7fd71e117000 r-xp 00028000 00:1623 4611686019027979918      /nix/store/4nlgxhb09sdr51nc9hdm8az5b08vzkgx-glibc-2.35-163/lib/libc.so.6
7fd71e117000-7fd71e16f000 r--p 0019e000 00:1623 4611686019027979918      /nix/store/4nlgxhb09sdr51nc9hdm8az5b08vzkgx-glibc-2.35-163/lib/libc.so.6
7fd71e16f000-7fd71e173000 r--p 001f6000 00:1623 4611686019027979918      /nix/store/4nlgxhb09sdr51nc9hdm8az5b08vzkgx-glibc-2.35-163/lib/libc.so.6
7fd71e173000-7fd71e175000 rw-p 001fa000 00:1623 4611686019027979918      /nix/store/4nlgxhb09sdr51nc9hdm8az5b08vzkgx-glibc-2.35-163/lib/libc.so.6
7fd71e175000-7fd71e184000 rw-p 00000000 00:00 0 
7fd71e184000-7fd71e185000 r--p 00000000 00:1623 4611686019027979923      /nix/store/4nlgxhb09sdr51nc9hdm8az5b08vzkgx-glibc-2.35-163/lib/libdl.so.2
7fd71e185000-7fd71e186000 r-xp 00001000 00:1623 4611686019027979923      /nix/store/4nlgxhb09sdr51nc9hdm8az5b08vzkgx-glibc-2.35-163/lib/libdl.so.2
7fd71e186000-7fd71e187000 r--p 00002000 00:1623 4611686019027979923      /nix/store/4nlgxhb09sdr51nc9hdm8az5b08vzkgx-glibc-2.35-163/lib/libdl.so.2
7fd71e187000-7fd71e188000 r--p 00002000 00:1623 4611686019027979923      /nix/store/4nlgxhb09sdr51nc9hdm8az5b08vzkgx-glibc-2.35-163/lib/libdl.so.2
7fd71e188000-7fd71e189000 rw-p 00003000 00:1623 4611686019027979923      /nix/store/4nlgxhb09sdr51nc9hdm8az5b08vzkgx-glibc-2.35-163/lib/libdl.so.2
7fd71e189000-7fd71e18a000 r--p 00000000 00:1623 4611686019027979942      /nix/store/4nlgxhb09sdr51nc9hdm8az5b08vzkgx-glibc-2.35-163/lib/libpthread.so.0
7fd71e18a000-7fd71e18b000 r-xp 00001000 00:1623 4611686019027979942      /nix/store/4nlgxhb09sdr51nc9hdm8az5b08vzkgx-glibc-2.35-163/lib/libpthread.so.0
7fd71e18b000-7fd71e18c000 r--p 00002000 00:1623 4611686019027979942      /nix/store/4nlgxhb09sdr51nc9hdm8az5b08vzkgx-glibc-2.35-163/lib/libpthread.so.0
7fd71e18c000-7fd71e18d000 r--p 00002000 00:1623 4611686019027979942      /nix/store/4nlgxhb09sdr51nc9hdm8az5b08vzkgx-glibc-2.35-163/lib/libpthread.so.0
7fd71e18d000-7fd71e18e000 rw-p 00003000 00:1623 4611686019027979942      /nix/store/4nlgxhb09sdr51nc9hdm8az5b08vzkgx-glibc-2.35-163/lib/libpthread.so.0
7fd71e18e000-7fd71e19c000 r-xp 00000000 00:1623 4611686019135190033      /nix/store/gpxl5qgg8kicmcvivwmybwjlpf7wh20l-graalvm17-ce-22.3.0/lib/libjli.so
7fd71e19c000-7fd71e19d000 ---p 0000e000 00:1623 4611686019135190033      /nix/store/gpxl5qgg8kicmcvivwmybwjlpf7wh20l-graalvm17-ce-22.3.0/lib/libjli.so
7fd71e19d000-7fd71e19e000 r--p 0000e000 00:1623 4611686019135190033      /nix/store/gpxl5qgg8kicmcvivwmybwjlpf7wh20l-graalvm17-ce-22.3.0/lib/libjli.so
7fd71e19e000-7fd71e19f000 rw-p 0000f000 00:1623 4611686019135190033      /nix/store/gpxl5qgg8kicmcvivwmybwjlpf7wh20l-graalvm17-ce-22.3.0/lib/libjli.so
7fd71e19f000-7fd71e1a0000 rw-p 00012000 00:1623 4611686019135190033      /nix/store/gpxl5qgg8kicmcvivwmybwjlpf7wh20l-graalvm17-ce-22.3.0/lib/libjli.so
7fd71e1a0000-7fd71e1a3000 r--p 00000000 00:1623 4611686019106210071      /nix/store/026hln0aq1hyshaxsdvhg0kmcm6yf45r-zlib-1.2.13/lib/libz.so.1.2.13
7fd71e1a3000-7fd71e1b5000 r-xp 00003000 00:1623 4611686019106210071      /nix/store/026hln0aq1hyshaxsdvhg0kmcm6yf45r-zlib-1.2.13/lib/libz.so.1.2.13
7fd71e1b5000-7fd71e1bc000 r--p 00015000 00:1623 4611686019106210071      /nix/store/026hln0aq1hyshaxsdvhg0kmcm6yf45r-zlib-1.2.13/lib/libz.so.1.2.13
7fd71e1bc000-7fd71e1bd000 r--p 0001b000 00:1623 4611686019106210071      /nix/store/026hln0aq1hyshaxsdvhg0kmcm6yf45r-zlib-1.2.13/lib/libz.so.1.2.13
7fd71e1bd000-7fd71e1be000 rw-p 0001c000 00:1623 4611686019106210071      /nix/store/026hln0aq1hyshaxsdvhg0kmcm6yf45r-zlib-1.2.13/lib/libz.so.1.2.13
7fd71e1be000-7fd71e1c0000 rw-p 00000000 00:00 0 
7fd71e1c0000-7fd71e1c2000 r--p 00000000 00:1623 4611686019027979912      /nix/store/4nlgxhb09sdr51nc9hdm8az5b08vzkgx-glibc-2.35-163/lib/ld-linux-x86-64.so.2
7fd71e1c2000-7fd71e1e9000 r-xp 00002000 00:1623 4611686019027979912      /nix/store/4nlgxhb09sdr51nc9hdm8az5b08vzkgx-glibc-2.35-163/lib/ld-linux-x86-64.so.2
7fd71e1e9000-7fd71e1f5000 r--p 00029000 00:1623 4611686019027979912      /nix/store/4nlgxhb09sdr51nc9hdm8az5b08vzkgx-glibc-2.35-163/lib/ld-linux-x86-64.so.2
7fd71e1f5000-7fd71e1f7000 r--p 00034000 00:1623 4611686019027979912      /nix/store/4nlgxhb09sdr51nc9hdm8az5b08vzkgx-glibc-2.35-163/lib/ld-linux-x86-64.so.2
7fd71e1f7000-7fd71e1f9000 rw-p 00036000 00:1623 4611686019027979912      /nix/store/4nlgxhb09sdr51nc9hdm8az5b08vzkgx-glibc-2.35-163/lib/ld-linux-x86-64.so.2
7ffc115f4000-7ffc11618000 rw-p 00000000 00:00 0                          [stack]
7ffc11783000-7ffc11787000 r--p 00000000 00:00 0                          [vvar]
7ffc11787000-7ffc11789000 r-xp 00000000 00:00 0                          [vdso]
ffffffffff600000-ffffffffff601000 --xp 00000000 00:00 0                  [vsyscall]


VM Arguments:
jvm_args: -XX:ThreadPriorityPolicy=1 -XX:+UnlockExperimentalVMOptions -XX:+EnableJVMCIProduct -XX:JVMCIThreadsPerNativeLibraryRuntime=1 -XX:-UnlockExperimentalVMOptions -Declipse.application=org.eclipse.jdt.ls.core.id1 -Dosgi.bundles.defaultStartLevel=4 -Declipse.product=org.eclipse.jdt.ls.core.product -Dlog.level=ALL -Xverify:none -XX:+UseParallelGC -XX:GCTimeRatio=4 -XX:AdaptiveSizePolicyWeight=90 -Dsun.zip.disableMemoryMapping=true -Xmx512m -Xms100m 
java_command: /nix/store/m6gcpi1ii6rghy04cjwjddcavv7i90df-jdt-language-server-1.9.0/share/java/plugins/org.eclipse.equinox.launcher_1.6.400.v20210924-0641.jar --add-modules=ALL-SYSTEM --add-opens java.base/java.util=ALL-UNNAMED --add-opens java.base/java.lang=ALL-UNNAMED -configuration /home/runner/.cache/jdt-language-server/config -data /home/runner/.cache/jdt-language-server/data/home/runner/31
java_class_path (initial): /nix/store/m6gcpi1ii6rghy04cjwjddcavv7i90df-jdt-language-server-1.9.0/share/java/plugins/org.eclipse.equinox.launcher_1.6.400.v20210924-0641.jar
Launcher Type: SUN_STANDARD

[Global flags]
    uintx AdaptiveSizePolicyWeight                 = 90                                        {product} {command line}
     intx CICompilerCount                          = 2                                         {product} {ergonomic}
     bool EnableJVMCIProduct                       = true                                {JVMCI product} {jimage}
    uintx GCTimeRatio                              = 4                                         {product} {command line}
   size_t InitialHeapSize                          = 104857600                                 {product} {command line}
     uint JVMCIThreadsPerNativeLibraryRuntime      = 1                                   {JVMCI product} {jimage}
   size_t MaxHeapSize                              = 536870912                                 {product} {command line}
   size_t MaxNewSize                               = 178782208                                 {product} {ergonomic}
   size_t MinHeapDeltaBytes                        = 524288                                    {product} {ergonomic}
   size_t MinHeapSize                              = 104857600                                 {product} {command line}
   size_t NewSize                                  = 34603008                                  {product} {ergonomic}
    uintx NonNMethodCodeHeapSize                   = 5826188                                {pd product} {ergonomic}
    uintx NonProfiledCodeHeapSize                  = 122916026                              {pd product} {ergonomic}
   size_t OldSize                                  = 70254592                                  {product} {ergonomic}
    uintx ProfiledCodeHeapSize                     = 122916026                              {pd product} {ergonomic}
    uintx ReservedCodeCacheSize                    = 251658240                              {pd product} {ergonomic}
     bool SegmentedCodeCache                       = true                                      {product} {ergonomic}
   size_t SoftMaxHeapSize                          = 536870912                              {manageable} {ergonomic}
     intx ThreadPriorityPolicy                     = 1                                         {product} {jimage}
     bool UseCompressedClassPointers               = true                           {product lp64_product} {ergonomic}
     bool UseCompressedOops                        = true                           {product lp64_product} {ergonomic}
     bool UseParallelGC                            = true                                      {product} {command line}

Logging:
Log output configuration:
 #0: stdout all=warning uptime,level,tags
 #1: stderr all=off uptime,level,tags

Environment Variables:
JAVA_HOME=/nix/store/gpxl5qgg8kicmcvivwmybwjlpf7wh20l-graalvm17-ce-22.3.0
PATH=/nix/store/1d6ian3r8kdzspw8hacjhl3xkp40g1lj-binutils-wrapper-2.39/bin:/nix/store/dq0xwmsk1g0i2ayg6pb7y87na2knzylh-gcc-wrapper-11.3.0/bin:/nix/store/bap4d0lpcrhpwmpb8ayjcgkmvfj62lnq-bash-interactive-5.1-p16/bin:/nix/store/pr5n59mb4jzmfx6kanwxly0l07p861fg-patchelf-0.15.0/bin:/nix/store/1gf2flfqnpqbr1b4p4qz2f72y42bs56r-gcc-11.3.0/bin:/nix/store/57xv61c5zi8pphjbcwxxjlgc34p61ic9-glibc-2.35-163-bin/bin:/nix/store/a7gvj343m05j2s32xcnwr35v31ynlypr-coreutils-9.1/bin:/nix/store/039g378vc3pc3dvi9dzdlrd0i4q93qwf-binutils-2.39/bin:/nix/store/gpxl5qgg8kicmcvivwmybwjlpf7wh20l-graalvm17-ce-22.3.0/bin:/nix/store/6z9ag3ihc8mq2hzsw48lhbznvzny65nz-apache-maven-3.8.6/bin:/nix/store/m6gcpi1ii6rghy04cjwjddcavv7i90df-jdt-language-server-1.9.0/bin:/nix/store/84xs5alhs01zrbr4ywm05kxbjbp5590l-java-debug/bin:/nix/store/mydc6f4k2z73xlcz7ilif3v2lcaiqvza-findutils-4.9.0/bin:/nix/store/j9p3g8472iijd50vhdprx0nmk2fqn5gv-diffutils-3.8/bin:/nix/store/89zs7rms6x00xfq4dq6m7mjnhkr8a6r4-gnused-4.8/bin:/nix/store/86bp03jkmsl6f92w0yzg4s59g5mhxwmy-gnugrep-3.7/bin:/nix/store/hwcdqw4jrjnd37wxqgsd47hd0j8bnj09-gawk-5.1.1/bin:/nix/store/cfbhw8r8ags41vwqaz47r583d0p4h4a1-gnutar-1.34/bin:/nix/store/p3m1ndl1lapwrlh698bnb5lvvxh67378-gzip-1.12/bin:/nix/store/a8mhcagrsly7c7mpjrpsnaahk4aax056-bzip2-1.0.8-bin/bin:/nix/store/mblgz65m3zv9x548a3d5m96fj2pbwr09-gnumake-4.3/bin:/nix/store/dsd5gz46hdbdk2rfdimqddhq6m8m8fqs-bash-5.1-p16/bin:/nix/store/v7ljksji50mg3w61dykaa3n3y79n6nil-patch-2.7.6/bin:/nix/store/zlcnmqq14jz5x9439jf937mvayyl63da-xz-5.2.7-bin/bin:/nix/store/y6aj732zm9m87c82fpvf103a1xb22blp-file-5.43/bin:/nix/store/sgqd0ajghcv2axfl1lad0b1alyavp0dc-prybar-elisp-0.0.0-67f7a00/bin:/nix/store/p3hsvljpgs68jqwar41lc0jqhjj734lf-prybar-lua-0.0.0-67f7a00/bin:/nix/store/qzxs2gybds3s9kb1vkaflpgm2nwr85fh-prybar-python3-0.0.0-67f7a00/bin:/nix/store/km94z9mxp8w4m8gxxp5mbfpdf3nkfvd8-prybar-sqlite-0.0.0-67f7a00/bin:/nix/store/2pnc7b76asw0z59c4l6h6qy8arwqrii1-prybar-tcl-0.0.0-67f7a00/bin:/nix/store/hpbvrlwd5viqmvcaisb3x0118i913a9n-st
LD_LIBRARY_PATH=/nix/store/a4pff549sk2idnkpzk5nsfps3mdkdnvm-cups-2.4.2-lib/lib:/nix/store/72mqxxhh3cy5yifh92wh2yb8cl2hikyy-cairo-1.16.0/lib:/nix/store/2k366jrbsra97gjfxwvrhvixjfxdach5-glib-2.74.1/lib:/nix/store/2j2znigd8ak37rlwh9khz0ry3clqlw1l-gtk+3-3.24.34/lib:/nix/store/hisqvx32cd57apbpcsnkpx6k3549wql1-libglvnd-1.4.0/lib:/nix/store/p36pgcv991mq5srvg765b78yqpxvk3qs-mesa-21.3.3-drivers/lib:/nix/store/mav4251if1ahjq5vkpwycyyvnmy459c4-pulseaudio-14.2/lib
DISPLAY=:0
LANG=en_US.UTF-8

Signal Handlers:
   SIGSEGV: crash_handler in libjvm.so, mask=11100100010111111101111111111110, flags=SA_RESTART|SA_SIGINFO
    SIGBUS: crash_handler in libjvm.so, mask=11100100010111111101111111111110, flags=SA_RESTART|SA_SIGINFO
    SIGFPE: crash_handler in libjvm.so, mask=11100100010111111101111111111110, flags=SA_RESTART|SA_SIGINFO
   SIGPIPE: IsolateEnterStub_IgnoreSIGPIPEStartupHook_noopSignalHandler_8f19bff2f35b5f630d83b364d6b2339320d4ec70_216e8361c6bc87a8f89f58cc10d3b2fd4415bf87 in libjvmcicompiler.so, mask=00000000000000000000000000000000, flags=SA_RESTART
  *** Handler was modified!
  *** Expected: javaSignalHandler in libjvm.so, mask=11100100110111111111111111111110, flags=SA_RESTART|SA_SIGINFO
   SIGXFSZ: javaSignalHandler in libjvm.so, mask=11100100010111111101111111111110, flags=SA_RESTART|SA_SIGINFO
    SIGILL: crash_handler in libjvm.so, mask=11100100010111111101111111111110, flags=SA_RESTART|SA_SIGINFO
   SIGUSR2: SR_handler in libjvm.so, mask=00000000000000000000000000000000, flags=SA_RESTART|SA_SIGINFO
    SIGHUP: UserHandler in libjvm.so, mask=11100100010111111101111111111110, flags=SA_RESTART|SA_SIGINFO
    SIGINT: UserHandler in libjvm.so, mask=11100100010111111101111111111110, flags=SA_RESTART|SA_SIGINFO
   SIGTERM: UserHandler in libjvm.so, mask=11100100010111111101111111111110, flags=SA_RESTART|SA_SIGINFO
   SIGQUIT: UserHandler in libjvm.so, mask=11100100010111111101111111111110, flags=SA_RESTART|SA_SIGINFO
  *** Handler was modified!
  *** Expected: javaSignalHandler in libjvm.so, mask=11100100110111111111111111111110, flags=SA_RESTART|SA_SIGINFO
   SIGTRAP: crash_handler in libjvm.so, mask=11100100010111111101111111111110, flags=SA_RESTART|SA_SIGINFO


---------------  S Y S T E M  ---------------

OS:
DISTRIB_ID=Ubuntu
DISTRIB_RELEASE=20.04
DISTRIB_CODENAME=focal
DISTRIB_DESCRIPTION="Ubuntu 20.04.2 LTS"
uname: Linux 5.15.0-1030-gcp #37~20.04.1-Ubuntu SMP Mon Feb 20 04:30:57 UTC 2023 x86_64
OS uptime: 0 days 3:31 hours
libc: glibc 2.35 NPTL 2.35 
rlimit (soft/hard): STACK 8192k/infinity , CORE infinity/infinity , NPROC infinity/infinity , NOFILE 5242/5242 , AS infinity/infinity , CPU infinity/infinity , DATA infinity/infinity , FSIZE infinity/infinity , MEMLOCK 64k/64k
load average: 10.96 13.30 13.42

/proc/meminfo:
MemTotal:       65852728 kB
MemFree:        30865528 kB
MemAvailable:   48713220 kB
Buffers:         2020048 kB
Cached:         15048364 kB
SwapCached:            0 kB
Active:          7150288 kB
Inactive:       23665736 kB
Active(anon):      13580 kB
Inactive(anon): 13528424 kB
Active(file):    7136708 kB
Inactive(file): 10137312 kB
Unevictable:       43236 kB
Mlocked:           43236 kB
SwapTotal:             0 kB
SwapFree:              0 kB
Dirty:              3828 kB
Writeback:             0 kB
AnonPages:      13129016 kB
Mapped:          2122568 kB
Shmem:            101292 kB
KReclaimable:    1300272 kB
Slab:            2360396 kB
SReclaimable:    1300272 kB
SUnreclaim:      1060124 kB
KernelStack:      390572 kB
PageTables:       139268 kB
NFS_Unstable:          0 kB
Bounce:                0 kB
WritebackTmp:          0 kB
CommitLimit:    32926364 kB
Committed_AS:   59990116 kB
VmallocTotal:   34359738367 kB
VmallocUsed:      424108 kB
VmallocChunk:          0 kB
Percpu:            52192 kB
HardwareCorrupted:     0 kB
AnonHugePages:   1251328 kB
ShmemHugePages:        0 kB
ShmemPmdMapped:        0 kB
FileHugePages:         0 kB
FilePmdMapped:         0 kB
HugePages_Total:       0
HugePages_Free:        0
HugePages_Rsvd:        0
HugePages_Surp:        0
Hugepagesize:       2048 kB
Hugetlb:               0 kB
DirectMap4k:     3715904 kB
DirectMap2M:    36126720 kB
DirectMap1G:    29360128 kB

/sys/kernel/mm/transparent_hugepage/enabled: always [madvise] never
/sys/kernel/mm/transparent_hugepage/defrag (defrag/compaction efforts parameter): always defer defer+madvise [madvise] never

Process Memory:
Virtual Size: 4722280K (peak: 4818728K)
Resident Set Size: 721532K (peak: 760820K) (anon: 528848K, file: 192684K, shmem: 0K)
Swapped out: 0K
C-Heap outstanding allocations: 39616K, retained: 14047K
glibc malloc tunables: (default)

/proc/sys/kernel/threads-max (system-wide limit on the number of threads): 514406
/proc/sys/vm/max_map_count (maximum number of memory map areas a process may have): 65530
/proc/sys/kernel/pid_max (system-wide limit on number of process identifiers): 4194304

container (cgroup) information:
container_type: cgroupv1
cpu_cpuset_cpus: 2-7
cpu_memory_nodes: 0
active_processor_count: 1
cpu_quota: 50000
cpu_period: 100000
cpu_shares: 512
memory_limit_in_bytes: 1048576 k
memory_and_swap_limit_in_bytes: 1048576 k
memory_soft_limit_in_bytes: 524288 k
memory_usage_in_bytes: 577244 k
memory_max_usage_in_bytes: 729612 k
maximum number of tasks: 1000
current number of tasks: 53

KVM virtualization detected
Steal ticks since vm start: 0
Steal ticks percentage since vm start:  0.000

CPU: total 8 (initial active 1) (8 cores per cpu, 2 threads per core) family 23 model 49 stepping 0 microcode 0xffffffff, cx8, cmov, fxsr, ht, mmx, 3dnowpref, sse, sse2, sse3, ssse3, sse4a, sse4.1, sse4.2, popcnt, lzcnt, tsc, tscinvbit, avx, avx2, aes, clmul, bmi1, bmi2, adx, sha, fma, vzeroupper, clflush, clflushopt, hv
CPU Model and flags from /proc/cpuinfo:
model name	: AMD EPYC 7B12
flags		: fpu vme de pse tsc msr pae mce cx8 apic sep mtrr pge mca cmov pat pse36 clflush mmx fxsr sse sse2 ht syscall nx mmxext fxsr_opt pdpe1gb rdtscp lm constant_tsc rep_good nopl nonstop_tsc cpuid extd_apicid tsc_known_freq pni pclmulqdq ssse3 fma cx16 sse4_1 sse4_2 movbe popcnt aes xsave avx f16c rdrand hypervisor lahf_lm cmp_legacy cr8_legacy abm sse4a misalignsse 3dnowprefetch osvw topoext ssbd ibrs ibpb stibp vmmcall fsgsbase tsc_adjust bmi1 avx2 smep bmi2 rdseed adx smap clflushopt clwb sha_ni xsaveopt xsavec xgetbv1 clzero xsaveerptr arat npt nrip_save umip rdpid

Online cpus: 0-7
Offline cpus: 
BIOS frequency limitation: <Not Available>
Frequency switch latency (ns): <Not Available>
Available cpu frequencies: <Not Available>
Current governor: <Not Available>
Core performance/turbo boost: <Not Available>

Memory: 4k page, physical 1048576k(471324k free), swap 0k(0k free)
Page Sizes: 4k

vm_info: OpenJDK 64-Bit Server VM (17.0.5+8-jvmci-22.3-b08) for linux-amd64 JRE (17.0.5+8-jvmci-22.3-b08), built on Oct 19 2022 09:01:27 by "buildslave" with gcc 10.3.0

END.
